#
# A fatal error has been detected by the Java Runtime Environment:
#
#  EXCEPTION_ACCESS_VIOLATION (0xc0000005) at pc=0x0000022f35250fa4, pid=14976, tid=10724
#
# JRE version: Java(TM) SE Runtime Environment (21.0.5+9) (build 21.0.5+9-LTS-239)
# Java VM: Java HotSpot(TM) 64-Bit Server VM (21.0.5+9-LTS-239, mixed mode, emulated-client, sharing, tiered, compressed oops, compressed class ptrs, g1 gc, windows-amd64)
# Problematic frame:
# v  ~BufferBlob::MethodHandles adapters 0x0000022f35250fa4
#
# No core dump will be written. Minidumps are not enabled by default on client versions of Windows
#
# If you would like to submit a bug report, please visit:
#   https://bugreport.java.com/bugreport/crash.jsp
#

---------------  S U M M A R Y ------------

Command Line: -XX:+ShowCodeDetailsInExceptionMessages -agentlib:jdwp=transport=dt_socket,suspend=y,address=localhost:65417 -Dcom.sun.management.jmxremote -Dcom.sun.management.jmxremote.port=65416 -Dcom.sun.management.jmxremote.authenticate=false -Dcom.sun.management.jmxremote.ssl=false -Djava.rmi.server.hostname=localhost -Dspring.jmx.enabled=true -Dmanagement.endpoints.jmx.exposure.include=* -Dspring.application.admin.enabled=true -Dspring.output.ansi.enabled=always -XX:TieredStopAtLevel=1 -Dspring.boot.project.name=projectSem4 -javaagent:C:\Java\sts\configuration\org.eclipse.osgi\270\0\.cp\lib\javaagent-shaded.jar -Dfile.encoding=UTF-8 -Dstdout.encoding=UTF-8 -Dstderr.encoding=UTF-8 projectSem4.com.ProjectSem4Application

Host: AMD Ryzen 7 5800H with Radeon Graphics         , 16 cores, 15G,  Windows 11 , 64 bit Build 26100 (10.0.26100.7019)
Time: Fri Nov 21 22:37:28 2025 SE Asia Standard Time elapsed time: 24415.075006 seconds (0d 6h 46m 55s)

---------------  T H R E A D  ---------------

Current thread (0x0000022f87b4f670):  JavaThread "http-nio-8989-exec-6" daemon [_thread_in_Java, id=10724, stack(0x000000d146c00000,0x000000d146d00000) (1024K)]

Stack: [0x000000d146c00000,0x000000d146d00000],  sp=0x000000d146cfb988,  free space=1006k
Native frames: (J=compiled Java code, j=interpreted, Vv=VM code, C=native code)
C  0x0000022f35250fa4

The last pc belongs to _linkToVirtual (printed below).

siginfo: EXCEPTION_ACCESS_VIOLATION (0xc0000005), reading address 0xffffffffffffffff


Registers:
RAX=0x0000022f3522958b, RBX=0x0000000711d19c38, RCX=0x000000d146cfb9a0, RDX=0x0000000000000004
RSP=0x000000d146cfb988, RBP=0x000000d146cfb9e8, RSI=0x0000022f8ffb22f8, RDI=0x0000022f86c979e0
R8 =0x0000000000000004, R9 =0x0000000000000004, R10=0x0000022fc4634276, R11=0xe19c13ffe23a2272
R12=0x0000000000000000, R13=0x000000d146cfb988, R14=0x000000d146cfba18, R15=0x0000022f87b4f670
RIP=0x0000022f35250fa4, EFLAGS=0x0000000000010202


Register to memory mapping:

RAX=0x0000022f3522958b is at code_begin+4363 in an Interpreter codelet
return entry points  [0x0000022f35228480, 0x0000022f3522a298]  7704 bytes
RBX=0x0000000711d19c38 is an oop: org.springframework.session.web.http.SessionRepositoryFilter$SessionRepositoryRequestWrapper$HttpSessionWrapper 
{0x0000000711d19c38} - klass: 'org/springframework/session/web/http/SessionRepositoryFilter$SessionRepositoryRequestWrapper$HttpSessionWrapper'
 - ---- fields (total size 4 words):
 - private 'invalidated' 'Z' @12  false (0x00)
 - private 'old' 'Z' @13  true (0x01)
 - private final 'session' 'Lorg/springframework/session/Session;' @16  a 'org/springframework/session/jdbc/JdbcIndexedSessionRepository$JdbcSession'{0x0000000711d11390} (0xe23a2272)
 - private final 'servletContext' 'Ljakarta/servlet/ServletContext;' @20  a 'org/apache/catalina/core/ApplicationContextFacade'{0x000000070ce09ff8} (0xe19c13ff)
 - final synthetic 'this$1' 'Lorg/springframework/session/web/http/SessionRepositoryFilter$SessionRepositoryRequestWrapper;' @24  a 'org/springframework/session/web/http/SessionRepositoryFilter$SessionRepositoryRequestWrapper'{0x0000000711d03320} (0xe23a0664)
RCX=0x000000d146cfb9a0 is pointing into the stack for thread: 0x0000022f87b4f670
RDX=0x0000000000000004 is an unknown value
RSP=0x000000d146cfb988 is pointing into the stack for thread: 0x0000022f87b4f670
RBP=0x000000d146cfb9e8 is pointing into the stack for thread: 0x0000022f87b4f670
RSI=0x0000022f8ffb22f8 points into unknown readable memory: 0x80002a2f29b48176 | 76 81 b4 29 2f 2a 00 80
RDI=0x0000022f86c979e0 points into unknown readable memory: 0x0000002800000080 | 80 00 00 00 28 00 00 00
R8 =0x0000000000000004 is an unknown value
R9 =0x0000000000000004 is an unknown value
R10=0x0000022fc4634276 is an unknown value
R11=0xe19c13ffe23a2272 is an unknown value
R12=0x0 is null
R13=0x000000d146cfb988 is pointing into the stack for thread: 0x0000022f87b4f670
R14=0x000000d146cfba18 is pointing into the stack for thread: 0x0000022f87b4f670
R15=0x0000022f87b4f670 is a thread

Top of Stack: (sp=0x000000d146cfb988)
0x000000d146cfb988:   0000022f3522958b 0000000709f415c0
0x000000d146cfb998:   000000070d9f76c8 000000d146cfb9a0
0x000000d146cfb9a8:   0000022f83634276 0000000000000006
0x000000d146cfb9b8:   0000022f836343c8 000000d146cfba88
0x000000d146cfb9c8:   000000070b2f8998 0000022f83634288
0x000000d146cfb9d8:   000000d146cfb988 000000d146cfba20
0x000000d146cfb9e8:   000000d146cfba88 0000022f3522958b
0x000000d146cfb9f8:   000000070e82ccc0 0000000711d19c38
0x000000d146cfba08:   0000000709f415c0 000000070d9f76c8
0x000000d146cfba18:   000000070e82cc98 0000000711d19c38
0x000000d146cfba28:   0000000709f415c0 000000070d9f76c8
0x000000d146cfba38:   000000070e82cc98 000000d146cfba40
0x000000d146cfba48:   0000022f9246b701 000000000000000c
0x000000d146cfba58:   0000022f8ed81c58 0000000000000000
0x000000d146cfba68:   000000070e82ccf0 0000022f9246b710
0x000000d146cfba78:   000000d146cfba20 000000d146cfbaf0
0x000000d146cfba88:   000000d146cfbd98 0000022f35db3bb2
0x000000d146cfba98:   000000070e82cc98 000000070d9f76c8
0x000000d146cfbaa8:   000000070e82cde8 0000000709f415c0
0x000000d146cfbab8:   000000070e82cdc0 0000000711d19c38
0x000000d146cfbac8:   000000070e82cd98 0000000711d19c38
0x000000d146cfbad8:   0000000709f415c0 000000070d9f76c8
0x000000d146cfbae8:   000000070e82cd68 000000070e6ad4f8
0x000000d146cfbaf8:   000000070a25aa68 0000022f87b4f670
0x000000d146cfbb08:   0000000000000001 000000d146cfbc90
0x000000d146cfbb18:   0000022f3522958b 0000022f35228190
0x000000d146cfbb28:   0000000000000000 000000d146cfbd98
0x000000d146cfbb38:   0000022f3564a1cc 0000022f87b4f670
0x000000d146cfbb48:   000000d146cfbbd0 000000d146cfbc98
0x000000d146cfbb58:   0000000000000c00 0000000000000000
0x000000d146cfbb68:   0000000000000000 0000000000000000
0x000000d146cfbb78:   0000000000000000 0000000000000000 

Instructions: (pc=0x0000022f35250fa4)
0x0000022f35250ea4:   2f 02 00 00 00 0f 25 35 2f 02 00 00 80 1f 25 35
0x0000022f35250eb4:   2f 02 00 00 f0 0e 25 35 2f 02 00 00 f0 0e 25 35
0x0000022f35250ec4:   2f 02 00 00 00 00 00 00 00 00 00 00 10 3f 48 5d
0x0000022f35250ed4:   f9 7f 00 00 f0 10 00 00 60 00 00 00 ff ff ff ff
0x0000022f35250ee4:   f0 10 00 00 00 00 00 00 00 00 00 00 00 00 00 00
0x0000022f35250ef4:   00 00 00 00 00 00 00 00 00 00 00 00 f4 66 66 66
0x0000022f35250f04:   0f 1f 84 00 00 00 00 00 66 66 0f 1f 84 00 00 00
0x0000022f35250f14:   00 00 66 66 0f 1f 84 00 00 00 00 00 48 8b 53 08
0x0000022f35250f24:   0f b7 52 2e 48 8b 0c d4 8b 59 14 48 c1 e3 03 8b
0x0000022f35250f34:   5b 28 48 c1 e3 03 8b 5b 24 48 c1 e3 03 48 8b 5b
0x0000022f35250f44:   10 48 85 db 0f 84 10 00 00 00 41 80 bf d8 05 00
0x0000022f35250f54:   00 00 74 03 ff 63 38 ff 63 50 e9 9d 16 00 00 66
0x0000022f35250f64:   66 66 0f 1f 84 00 00 00 00 00 66 0f 1f 84 00 00
0x0000022f35250f74:   00 00 00 66 0f 1f 84 00 00 00 00 00 48 8b 53 08
0x0000022f35250f84:   0f b7 52 2e 48 8b 0c d4 58 5b 50 44 8b 51 08 49
0x0000022f35250f94:   bb 00 00 00 41 2f 02 00 00 4d 03 d3 4c 8b 5b 10
0x0000022f35250fa4:   4b 8b 9c da c0 01 00 00 48 85 db 0f 84 10 00 00
0x0000022f35250fb4:   00 41 80 bf d8 05 00 00 00 74 03 ff 63 38 ff 63
0x0000022f35250fc4:   50 e9 36 16 00 00 66 66 66 0f 1f 84 00 00 00 00
0x0000022f35250fd4:   00 66 66 66 0f 1f 84 00 00 00 00 00 58 5b 50 8b
0x0000022f35250fe4:   5b 24 48 c1 e3 03 48 8b 5b 10 48 85 db 0f 84 10
0x0000022f35250ff4:   00 00 00 41 80 bf d8 05 00 00 00 74 03 ff 63 38
0x0000022f35251004:   ff 63 50 e9 f4 15 00 00 66 66 0f 1f 84 00 00 00
0x0000022f35251014:   00 00 66 66 0f 1f 84 00 00 00 00 00 48 8b 53 08
0x0000022f35251024:   0f b7 52 2e 48 8b 0c d4 58 5b 50 48 3b 01 8b 5b
0x0000022f35251034:   24 48 c1 e3 03 48 8b 5b 10 48 85 db 0f 84 10 00
0x0000022f35251044:   00 00 41 80 bf d8 05 00 00 00 74 03 ff 63 38 ff
0x0000022f35251054:   63 50 e9 a5 15 00 00 0f 1f 44 00 00 48 8b 53 08
0x0000022f35251064:   0f b7 52 2e 48 8b 0c d4 58 5b 50 44 8b 51 08 49
0x0000022f35251074:   bb 00 00 00 41 2f 02 00 00 4d 03 d3 8b 43 18 48
0x0000022f35251084:   c1 e0 03 48 8b 40 10 48 8b 5b 10 45 8b 9a a0 00
0x0000022f35251094:   00 00 4f 8d 9c da c0 01 00 00 4d 8d 14 da 49 8b 


Stack slot to memory mapping:

stack at sp + 0 slots: 0x0000022f3522958b is at code_begin+4363 in an Interpreter codelet
return entry points  [0x0000022f35228480, 0x0000022f3522a298]  7704 bytes
stack at sp + 1 slots: 0x0000000709f415c0 is an oop: java.lang.Integer 
{0x0000000709f415c0} - klass: 'java/lang/Integer'
 - ---- fields (total size 2 words):
 - private final 'value' 'I' @12  33 (0x00000021)
stack at sp + 2 slots: 0x000000070d9f76c8 is an oop: projectSem4.com.controller.webController.common.RefundRequestController 
{0x000000070d9f76c8} - klass: 'projectSem4/com/controller/webController/common/RefundRequestController'
 - ---- fields (total size 3 words):
 - private 'refundService' 'LprojectSem4/com/service/RefundService;' @12  a 'projectSem4/com/service/RefundService$$SpringCGLIB$$0'{0x000000070d3f9550} (0xe1a7f2aa)
 - private 'orderService' 'LprojectSem4/com/service/client/OrderService;' @16  a 'projectSem4/com/service/client/OrderService$$SpringCGLIB$$0'{0x000000070d3e9de8} (0xe1a7d3bd)
 - private 'shipmentService' 'LprojectSem4/com/service/seller/ShipmentService;' @20  a 'projectSem4/com/service/seller/ShipmentService'{0x000000070d9f76e0} (0xe1b3eedc)
stack at sp + 3 slots: 0x000000d146cfb9a0 is pointing into the stack for thread: 0x0000022f87b4f670
stack at sp + 4 slots: 0x0000022f83634276 is pointing into metadata
stack at sp + 5 slots: 0x0000000000000006 is an unknown value
stack at sp + 6 slots: 0x0000022f836343c8 is pointing into metadata
stack at sp + 7 slots: 0x000000d146cfba88 is pointing into the stack for thread: 0x0000022f87b4f670

MethodHandle::interpreter_entry::_linkToVirtual [0x0000022f35250f63, 0x0000022f35250fca] (103 bytes)
[MachCode]
  0x0000022f35250f63: 6666 660f | 1f84 0000 | 0000 0066 | 0f1f 8400 | 0000 0000 | 660f 1f84 | 0000 0000 | 0048 8b53 
  0x0000022f35250f83: 080f b752 | 2e48 8b0c | d458 5b50 | 448b 5108 | 49bb 0000 | 0041 2f02 | 0000 4d03 | d34c 8b5b 
  0x0000022f35250fa3: 104b 8b9c | dac0 0100 | 0048 85db | 0f84 1000 | 0000 4180 | bfd8 0500 | 0000 7403 | ff63 38ff 
  0x0000022f35250fc3: 6350 e936 | 
[/MachCode]

---------------  P R O C E S S  ---------------

Threads class SMR info:
_java_thread_list=0x0000022f897fa570, length=41, elements={
0x0000022f406238c0, 0x0000022f40625030, 0x0000022f40626c10, 0x0000022f406278e0,
0x0000022f40634290, 0x0000022f4063d8f0, 0x0000022f4063e080, 0x0000022f40860200,
0x0000022f40907550, 0x0000022f409117d0, 0x0000022f40917de0, 0x0000022f4085fb70,
0x0000022f4085ee50, 0x0000022f40860890, 0x0000022f408615b0, 0x0000022f4085f4e0,
0x0000022f86967590, 0x0000022f86967c20, 0x0000022f8696d170, 0x0000022f87b51740,
0x0000022f8955d730, 0x0000022f8955e450, 0x0000022f8955afd0, 0x0000022f8955eae0,
0x0000022f8955b660, 0x0000022f8955bcf0, 0x0000022f8955fe90, 0x0000022f89560bb0,
0x0000022f87b510b0, 0x0000022f87b51dd0, 0x0000022f87b50a20, 0x0000022f87b52af0,
0x0000022f87b4f670, 0x0000022f87b52460, 0x0000022f87b4fd00, 0x0000022f87b53180,
0x0000022f87b50390, 0x0000022f87b56600, 0x0000022f87b53ea0, 0x0000022f8955f170,
0x0000022f89561f60
}

Java Threads: ( => current thread )
  0x0000022f406238c0 JavaThread "Reference Handler"          daemon [_thread_blocked, id=1068, stack(0x000000d143a00000,0x000000d143b00000) (1024K)]
  0x0000022f40625030 JavaThread "Finalizer"                  daemon [_thread_blocked, id=16316, stack(0x000000d143b00000,0x000000d143c00000) (1024K)]
  0x0000022f40626c10 JavaThread "Signal Dispatcher"          daemon [_thread_blocked, id=8972, stack(0x000000d143c00000,0x000000d143d00000) (1024K)]
  0x0000022f406278e0 JavaThread "Attach Listener"            daemon [_thread_blocked, id=18348, stack(0x000000d143d00000,0x000000d143e00000) (1024K)]
  0x0000022f40634290 JavaThread "Service Thread"             daemon [_thread_blocked, id=7532, stack(0x000000d143e00000,0x000000d143f00000) (1024K)]
  0x0000022f4063d8f0 JavaThread "Monitor Deflation Thread"   daemon [_thread_blocked, id=17604, stack(0x000000d143f00000,0x000000d144000000) (1024K)]
  0x0000022f4063e080 JavaThread "C1 CompilerThread0"         daemon [_thread_blocked, id=16480, stack(0x000000d144000000,0x000000d144100000) (1024K)]
  0x0000022f40860200 JavaThread "Common-Cleaner"             daemon [_thread_blocked, id=17660, stack(0x000000d144100000,0x000000d144200000) (1024K)]
  0x0000022f40907550 JavaThread "JDWP Transport Listener: dt_socket" daemon [_thread_blocked, id=9740, stack(0x000000d144400000,0x000000d144500000) (1024K)]
  0x0000022f409117d0 JavaThread "JDWP Event Helper Thread"   daemon [_thread_blocked, id=16304, stack(0x000000d144500000,0x000000d144600000) (1024K)]
  0x0000022f40917de0 JavaThread "JDWP Command Reader"        daemon [_thread_in_native, id=15464, stack(0x000000d144600000,0x000000d144700000) (1024K)]
  0x0000022f4085fb70 JavaThread "Notification Thread"        daemon [_thread_blocked, id=2124, stack(0x000000d144700000,0x000000d144800000) (1024K)]
  0x0000022f4085ee50 JavaThread "RMI TCP Accept-0"           daemon [_thread_in_native, id=18196, stack(0x000000d144900000,0x000000d144a00000) (1024K)]
  0x0000022f40860890 JavaThread "RMI TCP Accept-65416"       daemon [_thread_in_native, id=5756, stack(0x000000d144a00000,0x000000d144b00000) (1024K)]
  0x0000022f408615b0 JavaThread "RMI TCP Accept-0"           daemon [_thread_in_native, id=8896, stack(0x000000d145500000,0x000000d145600000) (1024K)]
  0x0000022f4085f4e0 JavaThread "RMI Scheduler(0)"           daemon [_thread_blocked, id=9672, stack(0x000000d145b00000,0x000000d145c00000) (1024K)]
  0x0000022f86967590 JavaThread "RMI TCP Connection(idle)"   daemon [_thread_blocked, id=15928, stack(0x000000d145c00000,0x000000d145d00000) (1024K)]
  0x0000022f86967c20 JavaThread "JMX server connection timeout 54" daemon [_thread_blocked, id=6716, stack(0x000000d145d00000,0x000000d145e00000) (1024K)]
  0x0000022f8696d170 JavaThread "Live Reload Server"         daemon [_thread_in_native, id=18408, stack(0x000000d146d00000,0x000000d146e00000) (1024K)]
  0x0000022f87b51740 JavaThread "DestroyJavaVM"                     [_thread_blocked, id=1028, stack(0x000000d143200000,0x000000d143300000) (1024K)]
  0x0000022f8955d730 JavaThread "Catalina-utility-1"                [_thread_blocked, id=21268, stack(0x000000d145600000,0x000000d145700000) (1024K)]
  0x0000022f8955e450 JavaThread "Catalina-utility-2"                [_thread_blocked, id=21324, stack(0x000000d145700000,0x000000d145800000) (1024K)]
  0x0000022f8955afd0 JavaThread "container-0"                       [_thread_blocked, id=16124, stack(0x000000d145a00000,0x000000d145b00000) (1024K)]
  0x0000022f8955eae0 JavaThread "mssql-jdbc-shared-timer-core-38" daemon [_thread_blocked, id=10196, stack(0x000000d145e00000,0x000000d145f00000) (1024K)]
  0x0000022f8955b660 JavaThread "HikariPool-39:housekeeper"  daemon [_thread_blocked, id=20256, stack(0x000000d146100000,0x000000d146200000) (1024K)]
  0x0000022f8955bcf0 JavaThread "HttpClient-39-SelectorManager" daemon [_thread_in_native, id=8692, stack(0x000000d146400000,0x000000d146500000) (1024K)]
  0x0000022f8955fe90 JavaThread "spring-session-1"                  [_thread_blocked, id=4728, stack(0x000000d146500000,0x000000d146600000) (1024K)]
  0x0000022f89560bb0 JavaThread "http-nio-8989-exec-1"       daemon [_thread_blocked, id=12536, stack(0x000000d146700000,0x000000d146800000) (1024K)]
  0x0000022f87b510b0 JavaThread "http-nio-8989-exec-2"       daemon [_thread_blocked, id=13536, stack(0x000000d146800000,0x000000d146900000) (1024K)]
  0x0000022f87b51dd0 JavaThread "http-nio-8989-exec-3"       daemon [_thread_blocked, id=7212, stack(0x000000d146900000,0x000000d146a00000) (1024K)]
  0x0000022f87b50a20 JavaThread "http-nio-8989-exec-4"       daemon [_thread_blocked, id=5504, stack(0x000000d146a00000,0x000000d146b00000) (1024K)]
  0x0000022f87b52af0 JavaThread "http-nio-8989-exec-5"       daemon [_thread_blocked, id=6580, stack(0x000000d146b00000,0x000000d146c00000) (1024K)]
=>0x0000022f87b4f670 JavaThread "http-nio-8989-exec-6"       daemon [_thread_in_Java, id=10724, stack(0x000000d146c00000,0x000000d146d00000) (1024K)]
  0x0000022f87b52460 JavaThread "http-nio-8989-exec-7"       daemon [_thread_blocked, id=20520, stack(0x000000d146e00000,0x000000d146f00000) (1024K)]
  0x0000022f87b4fd00 JavaThread "http-nio-8989-exec-8"       daemon [_thread_blocked, id=16424, stack(0x000000d146f00000,0x000000d147000000) (1024K)]
  0x0000022f87b53180 JavaThread "http-nio-8989-exec-9"       daemon [_thread_blocked, id=15040, stack(0x000000d147000000,0x000000d147100000) (1024K)]
  0x0000022f87b50390 JavaThread "http-nio-8989-exec-10"      daemon [_thread_blocked, id=14352, stack(0x000000d147100000,0x000000d147200000) (1024K)]
  0x0000022f87b56600 JavaThread "http-nio-8989-Poller"       daemon [_thread_in_native, id=20884, stack(0x000000d147200000,0x000000d147300000) (1024K)]
  0x0000022f87b53ea0 JavaThread "scheduling-1"                      [_thread_blocked, id=15160, stack(0x000000d147400000,0x000000d147500000) (1024K)]
  0x0000022f8955f170 JavaThread "Thread-155"                        [_thread_blocked, id=3080, stack(0x000000d142f00000,0x000000d143000000) (1024K)]
  0x0000022f89561f60 JavaThread "tomcat-shutdown"                   [_thread_blocked, id=5832, stack(0x000000d143000000,0x000000d143100000) (1024K)]
Total: 41

Other Threads:
  0x0000022f40606550 VMThread "VM Thread"                           [id=18424, stack(0x000000d143900000,0x000000d143a00000) (1024K)]
  0x0000022f405f5d50 WatcherThread "VM Periodic Task Thread"        [id=10828, stack(0x000000d143800000,0x000000d143900000) (1024K)]
  0x0000022f2ce0d100 WorkerThread "GC Thread#0"                     [id=13076, stack(0x000000d143300000,0x000000d143400000) (1024K)]
  0x0000022f86429d60 WorkerThread "GC Thread#1"                     [id=8740, stack(0x000000d144b00000,0x000000d144c00000) (1024K)]
  0x0000022f8642a100 WorkerThread "GC Thread#2"                     [id=14084, stack(0x000000d144c00000,0x000000d144d00000) (1024K)]
  0x0000022f8642acc0 WorkerThread "GC Thread#3"                     [id=15476, stack(0x000000d144d00000,0x000000d144e00000) (1024K)]
  0x0000022f8642d070 WorkerThread "GC Thread#4"                     [id=17276, stack(0x000000d144e00000,0x000000d144f00000) (1024K)]
  0x0000022f863fa580 WorkerThread "GC Thread#5"                     [id=16296, stack(0x000000d144f00000,0x000000d145000000) (1024K)]
  0x0000022f863fad30 WorkerThread "GC Thread#6"                     [id=7852, stack(0x000000d145000000,0x000000d145100000) (1024K)]
  0x0000022f863fb0d0 WorkerThread "GC Thread#7"                     [id=12860, stack(0x000000d145100000,0x000000d145200000) (1024K)]
  0x0000022f863fce20 WorkerThread "GC Thread#8"                     [id=15584, stack(0x000000d145200000,0x000000d145300000) (1024K)]
  0x0000022f863fca80 WorkerThread "GC Thread#9"                     [id=15736, stack(0x000000d145300000,0x000000d145400000) (1024K)]
  0x0000022f863fb4c0 WorkerThread "GC Thread#10"                    [id=18316, stack(0x000000d145400000,0x000000d145500000) (1024K)]
  0x0000022f863fbc00 WorkerThread "GC Thread#11"                    [id=15892, stack(0x000000d145800000,0x000000d145900000) (1024K)]
  0x0000022f863fb860 WorkerThread "GC Thread#12"                    [id=8588, stack(0x000000d145900000,0x000000d145a00000) (1024K)]
  0x0000022f2ce20480 ConcurrentGCThread "G1 Main Marker"            [id=9404, stack(0x000000d143400000,0x000000d143500000) (1024K)]
  0x0000022f2ce21d40 WorkerThread "G1 Conc#0"                       [id=16808, stack(0x000000d143500000,0x000000d143600000) (1024K)]
  0x0000022f86e6bee0 WorkerThread "G1 Conc#1"                       [id=17560, stack(0x000000d145f00000,0x000000d146000000) (1024K)]
  0x0000022f86e6c280 WorkerThread "G1 Conc#2"                       [id=1764, stack(0x000000d146000000,0x000000d146100000) (1024K)]
  0x0000022f404c80c0 ConcurrentGCThread "G1 Refine#0"               [id=14936, stack(0x000000d143600000,0x000000d143700000) (1024K)]
  0x0000022f404c88e0 ConcurrentGCThread "G1 Service"                [id=18176, stack(0x000000d143700000,0x000000d143800000) (1024K)]
Total: 21

Threads with active compile tasks:
Total: 0

VM state: not at safepoint (normal execution)

VM Mutex/Monitor currently owned by a thread: None

Heap address: 0x0000000709800000, size: 3944 MB, Compressed Oops mode: Zero based, Oop shift amount: 3

CDS archive(s) mapped at: [0x0000022f41000000-0x0000022f41c90000-0x0000022f41c90000), size 13172736, SharedBaseAddress: 0x0000022f41000000, ArchiveRelocationMode: 1.
Compressed class space mapped at: 0x0000022f42000000-0x0000022f82000000, reserved size: 1073741824
Narrow klass base: 0x0000022f41000000, Narrow klass shift: 0, Narrow klass range: 0x100000000

GC Precious Log:
 CardTable entry size: 512
 Card Set container configuration: InlinePtr #cards 4 size 8 Array Of Cards #cards 16 size 48 Howl #buckets 8 coarsen threshold 3686 Howl Bitmap #cards 512 size 80 coarsen threshold 460 Card regions per heap region 1 cards per card region 4096
 CPUs: 16 total, 16 available
 Memory: 15775M
 Large Page Support: Disabled
 NUMA Support: Disabled
 Compressed Oops: Enabled (Zero based)
 Heap Region Size: 2M
 Heap Min Capacity: 8M
 Heap Initial Capacity: 248M
 Heap Max Capacity: 3944M
 Pre-touch: Disabled
 Parallel Workers: 13
 Concurrent Workers: 3
 Concurrent Refinement Workers: 13
 Periodic GC: Disabled

Heap:
 garbage-first heap   total 198656K, used 166050K [0x0000000709800000, 0x0000000800000000)
  region size 2048K, 53 young (108544K), 3 survivors (6144K)
 Metaspace       used 190770K, committed 193152K, reserved 1245184K
  class space    used 17802K, committed 18944K, reserved 1048576K

Heap Regions: E=young(eden), S=young(survivor), O=old, HS=humongous(starts), HC=humongous(continues), CS=collection set, F=free, TAMS=top-at-mark-start, PB=parsable bottom
|   0|0x0000000709800000, 0x0000000709a00000, 0x0000000709a00000|100%| O|  |TAMS 0x0000000709800000| PB 0x0000000709800000| Untracked 
|   1|0x0000000709a00000, 0x0000000709c00000, 0x0000000709c00000|100%| O|  |TAMS 0x0000000709a00000| PB 0x0000000709a00000| Untracked 
|   2|0x0000000709c00000, 0x0000000709dfffe0, 0x0000000709e00000| 99%| O|  |TAMS 0x0000000709c00000| PB 0x0000000709c00000| Untracked 
|   3|0x0000000709e00000, 0x0000000709ffffe8, 0x000000070a000000| 99%| O|  |TAMS 0x0000000709e00000| PB 0x0000000709e00000| Untracked 
|   4|0x000000070a000000, 0x000000070a1fffd8, 0x000000070a200000| 99%| O|  |TAMS 0x000000070a000000| PB 0x000000070a000000| Untracked 
|   5|0x000000070a200000, 0x000000070a3fffe8, 0x000000070a400000| 99%| O|  |TAMS 0x000000070a200000| PB 0x000000070a200000| Untracked 
|   6|0x000000070a400000, 0x000000070a5fffc8, 0x000000070a600000| 99%| O|  |TAMS 0x000000070a400000| PB 0x000000070a400000| Untracked 
|   7|0x000000070a600000, 0x000000070a7ffff8, 0x000000070a800000| 99%| O|  |TAMS 0x000000070a600000| PB 0x000000070a600000| Untracked 
|   8|0x000000070a800000, 0x000000070aa00000, 0x000000070aa00000|100%| O|  |TAMS 0x000000070a800000| PB 0x000000070a800000| Untracked 
|   9|0x000000070aa00000, 0x000000070abffff0, 0x000000070ac00000| 99%| O|  |TAMS 0x000000070aa00000| PB 0x000000070aa00000| Untracked 
|  10|0x000000070ac00000, 0x000000070ae00000, 0x000000070ae00000|100%| O|  |TAMS 0x000000070ac00000| PB 0x000000070ac00000| Untracked 
|  11|0x000000070ae00000, 0x000000070affffc0, 0x000000070b000000| 99%| O|  |TAMS 0x000000070ae00000| PB 0x000000070ae00000| Untracked 
|  12|0x000000070b000000, 0x000000070b1fffe0, 0x000000070b200000| 99%| O|  |TAMS 0x000000070b000000| PB 0x000000070b000000| Untracked 
|  13|0x000000070b200000, 0x000000070b3fffe0, 0x000000070b400000| 99%| O|  |TAMS 0x000000070b200000| PB 0x000000070b200000| Untracked 
|  14|0x000000070b400000, 0x000000070b600000, 0x000000070b600000|100%| O|  |TAMS 0x000000070b400000| PB 0x000000070b400000| Untracked 
|  15|0x000000070b600000, 0x000000070b7ffff8, 0x000000070b800000| 99%| O|  |TAMS 0x000000070b600000| PB 0x000000070b600000| Untracked 
|  16|0x000000070b800000, 0x000000070b9fffe0, 0x000000070ba00000| 99%| O|  |TAMS 0x000000070b800000| PB 0x000000070b800000| Untracked 
|  17|0x000000070ba00000, 0x000000070bbffff0, 0x000000070bc00000| 99%| O|  |TAMS 0x000000070ba00000| PB 0x000000070ba00000| Untracked 
|  18|0x000000070bc00000, 0x000000070bd8e858, 0x000000070be00000| 77%| O|  |TAMS 0x000000070bc00000| PB 0x000000070bc00000| Untracked 
|  19|0x000000070be00000, 0x000000070bfffff8, 0x000000070c000000| 99%| O|  |TAMS 0x000000070be00000| PB 0x000000070be00000| Untracked 
|  20|0x000000070c000000, 0x000000070c1619d8, 0x000000070c200000| 69%| O|  |TAMS 0x000000070c000000| PB 0x000000070c000000| Untracked 
|  21|0x000000070c200000, 0x000000070c200000, 0x000000070c400000|  0%| F|  |TAMS 0x000000070c200000| PB 0x000000070c200000| Untracked 
|  22|0x000000070c400000, 0x000000070c5ffff8, 0x000000070c600000| 99%| O|  |TAMS 0x000000070c400000| PB 0x000000070c400000| Untracked 
|  23|0x000000070c600000, 0x000000070c7ffff8, 0x000000070c800000| 99%| O|  |TAMS 0x000000070c600000| PB 0x000000070c600000| Untracked 
|  24|0x000000070c800000, 0x000000070c9fd298, 0x000000070ca00000| 99%| O|  |TAMS 0x000000070c800000| PB 0x000000070c800000| Untracked 
|  25|0x000000070ca00000, 0x000000070cbaf9d8, 0x000000070cc00000| 84%| O|  |TAMS 0x000000070ca00000| PB 0x000000070ca00000| Untracked 
|  26|0x000000070cc00000, 0x000000070cdbc250, 0x000000070ce00000| 86%| O|  |TAMS 0x000000070cc00000| PB 0x000000070cc00000| Untracked 
|  27|0x000000070ce00000, 0x000000070d000000, 0x000000070d000000|100%| O|  |TAMS 0x000000070ce00000| PB 0x000000070ce00000| Untracked 
|  28|0x000000070d000000, 0x000000070d200000, 0x000000070d200000|100%| O|  |TAMS 0x000000070d000000| PB 0x000000070d000000| Untracked 
|  29|0x000000070d200000, 0x000000070d400000, 0x000000070d400000|100%| O|  |TAMS 0x000000070d200000| PB 0x000000070d200000| Untracked 
|  30|0x000000070d400000, 0x000000070d400000, 0x000000070d600000|  0%| F|  |TAMS 0x000000070d400000| PB 0x000000070d400000| Untracked 
|  31|0x000000070d600000, 0x000000070d600000, 0x000000070d800000|  0%| F|  |TAMS 0x000000070d600000| PB 0x000000070d600000| Untracked 
|  32|0x000000070d800000, 0x000000070da00000, 0x000000070da00000|100%| O|  |TAMS 0x000000070d800000| PB 0x000000070d800000| Untracked 
|  33|0x000000070da00000, 0x000000070da00000, 0x000000070dc00000|  0%| F|  |TAMS 0x000000070da00000| PB 0x000000070da00000| Untracked 
|  34|0x000000070dc00000, 0x000000070dc00000, 0x000000070de00000|  0%| F|  |TAMS 0x000000070dc00000| PB 0x000000070dc00000| Untracked 
|  35|0x000000070de00000, 0x000000070de00000, 0x000000070e000000|  0%| F|  |TAMS 0x000000070de00000| PB 0x000000070de00000| Untracked 
|  36|0x000000070e000000, 0x000000070e000000, 0x000000070e200000|  0%| F|  |TAMS 0x000000070e000000| PB 0x000000070e000000| Untracked 
|  37|0x000000070e200000, 0x000000070e200000, 0x000000070e400000|  0%| F|  |TAMS 0x000000070e200000| PB 0x000000070e200000| Untracked 
|  38|0x000000070e400000, 0x000000070e5cf9d0, 0x000000070e600000| 90%| S|CS|TAMS 0x000000070e400000| PB 0x000000070e400000| Complete 
|  39|0x000000070e600000, 0x000000070e800000, 0x000000070e800000|100%| S|CS|TAMS 0x000000070e600000| PB 0x000000070e600000| Complete 
|  40|0x000000070e800000, 0x000000070ea00000, 0x000000070ea00000|100%| S|CS|TAMS 0x000000070e800000| PB 0x000000070e800000| Complete 
|  41|0x000000070ea00000, 0x000000070ea00000, 0x000000070ec00000|  0%| F|  |TAMS 0x000000070ea00000| PB 0x000000070ea00000| Untracked 
|  42|0x000000070ec00000, 0x000000070ec00000, 0x000000070ee00000|  0%| F|  |TAMS 0x000000070ec00000| PB 0x000000070ec00000| Untracked 
|  43|0x000000070ee00000, 0x000000070ee00000, 0x000000070f000000|  0%| F|  |TAMS 0x000000070ee00000| PB 0x000000070ee00000| Untracked 
|  44|0x000000070f000000, 0x000000070f000000, 0x000000070f200000|  0%| F|  |TAMS 0x000000070f000000| PB 0x000000070f000000| Untracked 
|  45|0x000000070f200000, 0x000000070f200000, 0x000000070f400000|  0%| F|  |TAMS 0x000000070f200000| PB 0x000000070f200000| Untracked 
|  46|0x000000070f400000, 0x000000070f400000, 0x000000070f600000|  0%| F|  |TAMS 0x000000070f400000| PB 0x000000070f400000| Untracked 
|  47|0x000000070f600000, 0x000000070f7df540, 0x000000070f800000| 93%| E|  |TAMS 0x000000070f600000| PB 0x000000070f600000| Complete 
|  48|0x000000070f800000, 0x000000070fa00000, 0x000000070fa00000|100%| E|CS|TAMS 0x000000070f800000| PB 0x000000070f800000| Complete 
|  49|0x000000070fa00000, 0x000000070fc00000, 0x000000070fc00000|100%| E|CS|TAMS 0x000000070fa00000| PB 0x000000070fa00000| Complete 
|  50|0x000000070fc00000, 0x000000070fe00000, 0x000000070fe00000|100%| E|CS|TAMS 0x000000070fc00000| PB 0x000000070fc00000| Complete 
|  51|0x000000070fe00000, 0x0000000710000000, 0x0000000710000000|100%| E|CS|TAMS 0x000000070fe00000| PB 0x000000070fe00000| Complete 
|  52|0x0000000710000000, 0x0000000710200000, 0x0000000710200000|100%| E|CS|TAMS 0x0000000710000000| PB 0x0000000710000000| Complete 
|  53|0x0000000710200000, 0x0000000710400000, 0x0000000710400000|100%| E|CS|TAMS 0x0000000710200000| PB 0x0000000710200000| Complete 
|  54|0x0000000710400000, 0x0000000710600000, 0x0000000710600000|100%| E|CS|TAMS 0x0000000710400000| PB 0x0000000710400000| Complete 
|  55|0x0000000710600000, 0x0000000710800000, 0x0000000710800000|100%| E|CS|TAMS 0x0000000710600000| PB 0x0000000710600000| Complete 
|  56|0x0000000710800000, 0x0000000710a00000, 0x0000000710a00000|100%| E|CS|TAMS 0x0000000710800000| PB 0x0000000710800000| Complete 
|  57|0x0000000710a00000, 0x0000000710c00000, 0x0000000710c00000|100%| E|CS|TAMS 0x0000000710a00000| PB 0x0000000710a00000| Complete 
|  58|0x0000000710c00000, 0x0000000710e00000, 0x0000000710e00000|100%| E|CS|TAMS 0x0000000710c00000| PB 0x0000000710c00000| Complete 
|  59|0x0000000710e00000, 0x0000000711000000, 0x0000000711000000|100%| E|CS|TAMS 0x0000000710e00000| PB 0x0000000710e00000| Complete 
|  60|0x0000000711000000, 0x0000000711200000, 0x0000000711200000|100%| E|CS|TAMS 0x0000000711000000| PB 0x0000000711000000| Complete 
|  61|0x0000000711200000, 0x0000000711400000, 0x0000000711400000|100%| E|CS|TAMS 0x0000000711200000| PB 0x0000000711200000| Complete 
|  62|0x0000000711400000, 0x0000000711600000, 0x0000000711600000|100%| E|CS|TAMS 0x0000000711400000| PB 0x0000000711400000| Complete 
|  63|0x0000000711600000, 0x0000000711800000, 0x0000000711800000|100%| E|CS|TAMS 0x0000000711600000| PB 0x0000000711600000| Complete 
|  64|0x0000000711800000, 0x0000000711a00000, 0x0000000711a00000|100%| E|CS|TAMS 0x0000000711800000| PB 0x0000000711800000| Complete 
|  65|0x0000000711a00000, 0x0000000711c00000, 0x0000000711c00000|100%| E|CS|TAMS 0x0000000711a00000| PB 0x0000000711a00000| Complete 
|  66|0x0000000711c00000, 0x0000000711e00000, 0x0000000711e00000|100%| E|CS|TAMS 0x0000000711c00000| PB 0x0000000711c00000| Complete 
|  67|0x0000000711e00000, 0x0000000712000000, 0x0000000712000000|100%| E|CS|TAMS 0x0000000711e00000| PB 0x0000000711e00000| Complete 
|  68|0x0000000712000000, 0x0000000712200000, 0x0000000712200000|100%| E|CS|TAMS 0x0000000712000000| PB 0x0000000712000000| Complete 
|  69|0x0000000712200000, 0x0000000712400000, 0x0000000712400000|100%| E|CS|TAMS 0x0000000712200000| PB 0x0000000712200000| Complete 
|  70|0x0000000712400000, 0x0000000712600000, 0x0000000712600000|100%| E|CS|TAMS 0x0000000712400000| PB 0x0000000712400000| Complete 
|  71|0x0000000712600000, 0x0000000712800000, 0x0000000712800000|100%| E|CS|TAMS 0x0000000712600000| PB 0x0000000712600000| Complete 
|  72|0x0000000712800000, 0x0000000712a00000, 0x0000000712a00000|100%| E|CS|TAMS 0x0000000712800000| PB 0x0000000712800000| Complete 
|  73|0x0000000712a00000, 0x0000000712c00000, 0x0000000712c00000|100%| E|CS|TAMS 0x0000000712a00000| PB 0x0000000712a00000| Complete 
|  74|0x0000000712c00000, 0x0000000712e00000, 0x0000000712e00000|100%| E|CS|TAMS 0x0000000712c00000| PB 0x0000000712c00000| Complete 
|  75|0x0000000712e00000, 0x0000000713000000, 0x0000000713000000|100%| E|CS|TAMS 0x0000000712e00000| PB 0x0000000712e00000| Complete 
|  76|0x0000000713000000, 0x0000000713200000, 0x0000000713200000|100%| E|CS|TAMS 0x0000000713000000| PB 0x0000000713000000| Complete 
|  77|0x0000000713200000, 0x0000000713400000, 0x0000000713400000|100%| E|CS|TAMS 0x0000000713200000| PB 0x0000000713200000| Complete 
|  78|0x0000000713400000, 0x0000000713600000, 0x0000000713600000|100%| E|CS|TAMS 0x0000000713400000| PB 0x0000000713400000| Complete 
|  79|0x0000000713600000, 0x0000000713800000, 0x0000000713800000|100%| E|CS|TAMS 0x0000000713600000| PB 0x0000000713600000| Complete 
|  80|0x0000000713800000, 0x0000000713a00000, 0x0000000713a00000|100%| E|CS|TAMS 0x0000000713800000| PB 0x0000000713800000| Complete 
|  81|0x0000000713a00000, 0x0000000713c00000, 0x0000000713c00000|100%| E|CS|TAMS 0x0000000713a00000| PB 0x0000000713a00000| Complete 
|  82|0x0000000713c00000, 0x0000000713e00000, 0x0000000713e00000|100%| E|CS|TAMS 0x0000000713c00000| PB 0x0000000713c00000| Complete 
|  83|0x0000000713e00000, 0x0000000714000000, 0x0000000714000000|100%| E|CS|TAMS 0x0000000713e00000| PB 0x0000000713e00000| Complete 
|  84|0x0000000714000000, 0x0000000714200000, 0x0000000714200000|100%| E|CS|TAMS 0x0000000714000000| PB 0x0000000714000000| Complete 
|  85|0x0000000714200000, 0x0000000714400000, 0x0000000714400000|100%| E|CS|TAMS 0x0000000714200000| PB 0x0000000714200000| Complete 
|  86|0x0000000714400000, 0x0000000714600000, 0x0000000714600000|100%| E|CS|TAMS 0x0000000714400000| PB 0x0000000714400000| Complete 
|  87|0x0000000714600000, 0x0000000714800000, 0x0000000714800000|100%| E|CS|TAMS 0x0000000714600000| PB 0x0000000714600000| Complete 
|  88|0x0000000714800000, 0x0000000714a00000, 0x0000000714a00000|100%| E|CS|TAMS 0x0000000714800000| PB 0x0000000714800000| Complete 
|  89|0x0000000714a00000, 0x0000000714c00000, 0x0000000714c00000|100%| E|CS|TAMS 0x0000000714a00000| PB 0x0000000714a00000| Complete 
|  90|0x0000000714c00000, 0x0000000714e00000, 0x0000000714e00000|100%| E|CS|TAMS 0x0000000714c00000| PB 0x0000000714c00000| Complete 
|  91|0x0000000714e00000, 0x0000000715000000, 0x0000000715000000|100%| E|CS|TAMS 0x0000000714e00000| PB 0x0000000714e00000| Complete 
|  92|0x0000000715000000, 0x0000000715200000, 0x0000000715200000|100%| E|CS|TAMS 0x0000000715000000| PB 0x0000000715000000| Complete 
|  93|0x0000000715200000, 0x0000000715400000, 0x0000000715400000|100%| E|CS|TAMS 0x0000000715200000| PB 0x0000000715200000| Complete 
|  94|0x0000000715400000, 0x0000000715600000, 0x0000000715600000|100%| E|CS|TAMS 0x0000000715400000| PB 0x0000000715400000| Complete 
|  95|0x0000000715600000, 0x0000000715800000, 0x0000000715800000|100%| E|CS|TAMS 0x0000000715600000| PB 0x0000000715600000| Complete 
|  96|0x0000000715800000, 0x0000000715a00000, 0x0000000715a00000|100%| E|CS|TAMS 0x0000000715800000| PB 0x0000000715800000| Complete 

Card table byte_map: [0x0000022f39050000,0x0000022f39810000] _byte_map_base: 0x0000022f35804000

Marking Bits: (CMBitMap*) 0x0000022f2ce0f620
 Bits: [0x0000022f39810000, 0x0000022f3d5b0000)

Polling page: 0x0000022f2af70000

Metaspace:

Usage:
  Non-class:    168.91 MB used.
      Class:     17.38 MB used.
       Both:    186.30 MB used.

Virtual space:
  Non-class space:      192.00 MB reserved,     170.12 MB ( 89%) committed,  3 nodes.
      Class space:        1.00 GB reserved,      18.50 MB (  2%) committed,  1 nodes.
             Both:        1.19 GB reserved,     188.62 MB ( 16%) committed. 

Chunk freelists:
   Non-Class:  5.77 MB
       Class:  13.45 MB
        Both:  19.22 MB

MaxMetaspaceSize: unlimited
CompressedClassSpaceSize: 1.00 GB
Initial GC threshold: 21.00 MB
Current GC threshold: 314.19 MB
CDS: on
 - commit_granule_bytes: 65536.
 - commit_granule_words: 8192.
 - virtual_space_node_default_size: 8388608.
 - enlarge_chunks_in_place: 1.
 - use_allocation_guard: 0.


Internal statistics:

num_allocs_failed_limit: 6.
num_arena_births: 19974.
num_arena_deaths: 16746.
num_vsnodes_births: 4.
num_vsnodes_deaths: 0.
num_space_committed: 3024.
num_space_uncommitted: 5.
num_chunks_returned_to_freelist: 22938.
num_chunks_taken_from_freelist: 43094.
num_chunk_merges: 4772.
num_chunk_splits: 16258.
num_chunks_enlarged: 7150.
num_inconsistent_stats: 0.

CodeCache: size=49152Kb used=20310Kb max_used=33449Kb free=28842Kb
 bounds [0x0000022f35220000, 0x0000022f37420000, 0x0000022f38220000]
 total_blobs=9609 nmethods=8648 adapters=882
 compilation: enabled
              stopped_count=0, restarted_count=0
 full_count=0

Compilation events (20 events):
Event: 24386.676 Thread 0x0000022f4063e080 171711       1       java.util.regex.Pattern$GroupTail::<init> (17 bytes)
Event: 24386.676 Thread 0x0000022f4063e080 nmethod 171711 0x0000022f36b13d90 code [0x0000022f36b13f20, 0x0000022f36b14058]
Event: 24386.676 Thread 0x0000022f4063e080 171716       1       java.lang.ThreadLocal::isPresent (26 bytes)
Event: 24386.677 Thread 0x0000022f4063e080 nmethod 171716 0x0000022f36b78710 code [0x0000022f36b788c0, 0x0000022f36b78a50]
Event: 24386.677 Thread 0x0000022f4063e080 171717       1       org.springframework.scheduling.annotation.ScheduledAnnotationBeanPostProcessor::getOrder (3 bytes)
Event: 24386.677 Thread 0x0000022f4063e080 nmethod 171717 0x0000022f366e1d90 code [0x0000022f366e1f20, 0x0000022f366e1fe8]
Event: 24386.677 Thread 0x0000022f4063e080 171718       1       ch.qos.logback.classic.spi.EventArgUtil::extractThrowable (32 bytes)
Event: 24386.677 Thread 0x0000022f4063e080 nmethod 171718 0x0000022f36b7a010 code [0x0000022f36b7a1c0, 0x0000022f36b7a390]
Event: 24386.682 Thread 0x0000022f4063e080 171719       1       org.apache.tomcat.util.net.Acceptor::getState (5 bytes)
Event: 24386.682 Thread 0x0000022f4063e080 nmethod 171719 0x0000022f36bf4290 code [0x0000022f36bf4420, 0x0000022f36bf44f0]
Event: 24386.682 Thread 0x0000022f4063e080 171720       1       java.util.concurrent.locks.AbstractQueuedSynchronizer$Node::<init> (5 bytes)
Event: 24386.682 Thread 0x0000022f4063e080 nmethod 171720 0x0000022f36bf3f90 code [0x0000022f36bf4120, 0x0000022f36bf41e8]
Event: 24394.494 Thread 0x0000022f4063e080 171721   !   1       org.springframework.boot.web.embedded.tomcat.GracefulShutdown::isActive (70 bytes)
Event: 24394.495 Thread 0x0000022f4063e080 nmethod 171721 0x0000022f35f00890 code [0x0000022f35f00a60, 0x0000022f35f00dd8]
Event: 24394.495 Thread 0x0000022f4063e080 171722       1       org.apache.catalina.core.StandardContext::getInProgressAsyncCount (8 bytes)
Event: 24394.495 Thread 0x0000022f4063e080 nmethod 171722 0x0000022f36bfd590 code [0x0000022f36bfd720, 0x0000022f36bfd800]
Event: 24394.495 Thread 0x0000022f4063e080 171723       1       org.apache.catalina.core.StandardWrapper::getCountAllocated (8 bytes)
Event: 24394.495 Thread 0x0000022f4063e080 nmethod 171723 0x0000022f36bfd290 code [0x0000022f36bfd420, 0x0000022f36bfd4f8]
Event: 24401.164 Thread 0x0000022f4063e080 171724       1       org.eclipse.jdt.launching.internal.org.objectweb.asm.AnnotationWriter::putAnnotations (110 bytes)
Event: 24401.165 Thread 0x0000022f4063e080 nmethod 171724 0x0000022f35ec6c90 code [0x0000022f35ec6e80, 0x0000022f35ec7100]

GC Heap History (20 events):
Event: 23647.143 GC heap before
{Heap before GC invocations=10810 (full 38):
 garbage-first heap   total 198656K, used 170106K [0x0000000709800000, 0x0000000800000000)
  region size 2048K, 57 young (116736K), 5 survivors (10240K)
 Metaspace       used 190495K, committed 192832K, reserved 1245184K
  class space    used 17752K, committed 18880K, reserved 1048576K
}
Event: 23647.152 GC heap after
{Heap after GC invocations=10811 (full 38):
 garbage-first heap   total 198656K, used 64540K [0x0000000709800000, 0x0000000800000000)
  region size 2048K, 5 young (10240K), 5 survivors (10240K)
 Metaspace       used 190495K, committed 192832K, reserved 1245184K
  class space    used 17752K, committed 18880K, reserved 1048576K
}
Event: 23745.493 GC heap before
{Heap before GC invocations=10811 (full 38):
 garbage-first heap   total 198656K, used 171036K [0x0000000709800000, 0x0000000800000000)
  region size 2048K, 57 young (116736K), 5 survivors (10240K)
 Metaspace       used 190496K, committed 192832K, reserved 1245184K
  class space    used 17752K, committed 18880K, reserved 1048576K
}
Event: 23745.502 GC heap after
{Heap after GC invocations=10812 (full 38):
 garbage-first heap   total 198656K, used 64333K [0x0000000709800000, 0x0000000800000000)
  region size 2048K, 2 young (4096K), 2 survivors (4096K)
 Metaspace       used 190496K, committed 192832K, reserved 1245184K
  class space    used 17752K, committed 18880K, reserved 1048576K
}
Event: 23846.635 GC heap before
{Heap before GC invocations=10812 (full 38):
 garbage-first heap   total 198656K, used 174925K [0x0000000709800000, 0x0000000800000000)
  region size 2048K, 56 young (114688K), 2 survivors (4096K)
 Metaspace       used 190506K, committed 192832K, reserved 1245184K
  class space    used 17754K, committed 18880K, reserved 1048576K
}
Event: 23846.640 GC heap after
{Heap after GC invocations=10813 (full 38):
 garbage-first heap   total 198656K, used 64381K [0x0000000709800000, 0x0000000800000000)
  region size 2048K, 2 young (4096K), 2 survivors (4096K)
 Metaspace       used 190506K, committed 192832K, reserved 1245184K
  class space    used 17754K, committed 18880K, reserved 1048576K
}
Event: 23935.850 GC heap before
{Heap before GC invocations=10814 (full 38):
 garbage-first heap   total 198656K, used 166781K [0x0000000709800000, 0x0000000800000000)
  region size 2048K, 53 young (108544K), 2 survivors (4096K)
 Metaspace       used 190311K, committed 192832K, reserved 1245184K
  class space    used 17709K, committed 18880K, reserved 1048576K
}
Event: 23935.853 GC heap after
{Heap after GC invocations=10815 (full 38):
 garbage-first heap   total 198656K, used 66917K [0x0000000709800000, 0x0000000800000000)
  region size 2048K, 3 young (6144K), 3 survivors (6144K)
 Metaspace       used 190311K, committed 192832K, reserved 1245184K
  class space    used 17709K, committed 18880K, reserved 1048576K
}
Event: 23936.332 GC heap before
{Heap before GC invocations=10816 (full 38):
 garbage-first heap   total 198656K, used 85349K [0x0000000709800000, 0x0000000800000000)
  region size 2048K, 13 young (26624K), 3 survivors (6144K)
 Metaspace       used 190359K, committed 192832K, reserved 1245184K
  class space    used 17721K, committed 18880K, reserved 1048576K
}
Event: 23936.335 GC heap after
{Heap after GC invocations=10817 (full 38):
 garbage-first heap   total 198656K, used 69007K [0x0000000709800000, 0x0000000800000000)
  region size 2048K, 4 young (8192K), 4 survivors (8192K)
 Metaspace       used 190359K, committed 192832K, reserved 1245184K
  class space    used 17721K, committed 18880K, reserved 1048576K
}
Event: 24002.360 GC heap before
{Heap before GC invocations=10818 (full 38):
 garbage-first heap   total 198656K, used 167311K [0x0000000709800000, 0x0000000800000000)
  region size 2048K, 53 young (108544K), 4 survivors (8192K)
 Metaspace       used 190595K, committed 192896K, reserved 1245184K
  class space    used 17777K, committed 18880K, reserved 1048576K
}
Event: 24002.365 GC heap after
{Heap after GC invocations=10819 (full 38):
 garbage-first heap   total 198656K, used 70853K [0x0000000709800000, 0x0000000800000000)
  region size 2048K, 4 young (8192K), 4 survivors (8192K)
 Metaspace       used 190595K, committed 192896K, reserved 1245184K
  class space    used 17777K, committed 18880K, reserved 1048576K
}
Event: 24083.020 GC heap before
{Heap before GC invocations=10819 (full 38):
 garbage-first heap   total 198656K, used 171205K [0x0000000709800000, 0x0000000800000000)
  region size 2048K, 53 young (108544K), 4 survivors (8192K)
 Metaspace       used 190613K, committed 193024K, reserved 1245184K
  class space    used 17780K, committed 18944K, reserved 1048576K
}
Event: 24083.027 GC heap after
{Heap after GC invocations=10820 (full 38):
 garbage-first heap   total 198656K, used 68135K [0x0000000709800000, 0x0000000800000000)
  region size 2048K, 4 young (8192K), 4 survivors (8192K)
 Metaspace       used 190613K, committed 193024K, reserved 1245184K
  class space    used 17780K, committed 18944K, reserved 1048576K
}
Event: 24165.151 GC heap before
{Heap before GC invocations=10820 (full 38):
 garbage-first heap   total 198656K, used 174631K [0x0000000709800000, 0x0000000800000000)
  region size 2048K, 56 young (114688K), 4 survivors (8192K)
 Metaspace       used 190633K, committed 193024K, reserved 1245184K
  class space    used 17784K, committed 18944K, reserved 1048576K
}
Event: 24165.156 GC heap after
{Heap after GC invocations=10821 (full 38):
 garbage-first heap   total 198656K, used 66902K [0x0000000709800000, 0x0000000800000000)
  region size 2048K, 4 young (8192K), 4 survivors (8192K)
 Metaspace       used 190633K, committed 193024K, reserved 1245184K
  class space    used 17784K, committed 18944K, reserved 1048576K
}
Event: 24227.488 GC heap before
{Heap before GC invocations=10822 (full 38):
 garbage-first heap   total 198656K, used 171350K [0x0000000709800000, 0x0000000800000000)
  region size 2048K, 56 young (114688K), 4 survivors (8192K)
 Metaspace       used 190663K, committed 193024K, reserved 1245184K
  class space    used 17794K, committed 18944K, reserved 1048576K
}
Event: 24227.493 GC heap after
{Heap after GC invocations=10823 (full 38):
 garbage-first heap   total 198656K, used 66883K [0x0000000709800000, 0x0000000800000000)
  region size 2048K, 4 young (8192K), 4 survivors (8192K)
 Metaspace       used 190663K, committed 193024K, reserved 1245184K
  class space    used 17794K, committed 18944K, reserved 1048576K
}
Event: 24293.408 GC heap before
{Heap before GC invocations=10823 (full 38):
 garbage-first heap   total 198656K, used 173379K [0x0000000709800000, 0x0000000800000000)
  region size 2048K, 56 young (114688K), 4 survivors (8192K)
 Metaspace       used 190690K, committed 193088K, reserved 1245184K
  class space    used 17799K, committed 18944K, reserved 1048576K
}
Event: 24293.414 GC heap after
{Heap after GC invocations=10824 (full 38):
 garbage-first heap   total 198656K, used 65698K [0x0000000709800000, 0x0000000800000000)
  region size 2048K, 3 young (6144K), 3 survivors (6144K)
 Metaspace       used 190690K, committed 193088K, reserved 1245184K
  class space    used 17799K, committed 18944K, reserved 1048576K
}

Dll operation events (12 events):
Event: 0.076 Loaded shared library C:\Java\jdk-21.0.5\bin\java.dll
Event: 0.388 Loaded shared library C:\Java\jdk-21.0.5\bin\zip.dll
Event: 0.391 Loaded shared library C:\Java\jdk-21.0.5\bin\instrument.dll
Event: 0.399 Loaded shared library C:\Java\jdk-21.0.5\bin\net.dll
Event: 0.403 Loaded shared library C:\Java\jdk-21.0.5\bin\nio.dll
Event: 0.406 Loaded shared library C:\Java\jdk-21.0.5\bin\zip.dll
Event: 0.540 Loaded shared library C:\Java\jdk-21.0.5\bin\jimage.dll
Event: 0.596 Loaded shared library C:\Java\jdk-21.0.5\bin\management.dll
Event: 0.618 Loaded shared library C:\Java\jdk-21.0.5\bin\management_ext.dll
Event: 0.890 Loaded shared library C:\Java\jdk-21.0.5\bin\extnet.dll
Event: 0.919 Loaded shared library C:\Java\jdk-21.0.5\bin\verify.dll
Event: 2.311 Loaded shared library C:\Java\jdk-21.0.5\bin\sunmscapi.dll

Deoptimization events (20 events):
Event: 24409.004 Thread 0x0000022f8955b660 DEOPT PACKING pc=0x0000022f3634f7dc sp=0x000000d1461fd500
Event: 24409.004 Thread 0x0000022f8955b660 DEOPT UNPACKING pc=0x0000022f35274e42 sp=0x000000d1461fc9b8 mode 1
Event: 24409.004 Thread 0x0000022f8955b660 DEOPT PACKING pc=0x0000022f356458bc sp=0x000000d1461fd580
Event: 24409.004 Thread 0x0000022f8955b660 DEOPT UNPACKING pc=0x0000022f35274e42 sp=0x000000d1461fcb18 mode 1
Event: 24409.005 Thread 0x0000022f8955b660 DEOPT PACKING pc=0x0000022f354d490c sp=0x000000d1461fd700
Event: 24409.005 Thread 0x0000022f8955b660 DEOPT UNPACKING pc=0x0000022f35274e42 sp=0x000000d1461fcba8 mode 1
Event: 24409.005 Thread 0x0000022f8955b660 DEOPT PACKING pc=0x0000022f356458bc sp=0x000000d1461fd760
Event: 24409.005 Thread 0x0000022f8955b660 DEOPT UNPACKING pc=0x0000022f35274e42 sp=0x000000d1461fccf8 mode 1
Event: 24409.005 Thread 0x0000022f8955b660 DEOPT PACKING pc=0x0000022f354d490c sp=0x000000d1461fd8e0
Event: 24409.005 Thread 0x0000022f8955b660 DEOPT UNPACKING pc=0x0000022f35274e42 sp=0x000000d1461fcd88 mode 1
Event: 24409.005 Thread 0x0000022f8955b660 DEOPT PACKING pc=0x0000022f3635959c sp=0x000000d1461fd940
Event: 24409.005 Thread 0x0000022f8955b660 DEOPT UNPACKING pc=0x0000022f35274e42 sp=0x000000d1461fcde8 mode 1
Event: 24409.005 Thread 0x0000022f8955b660 DEOPT PACKING pc=0x0000022f36362f94 sp=0x000000d1461fd9b0
Event: 24409.005 Thread 0x0000022f8955b660 DEOPT UNPACKING pc=0x0000022f35274e42 sp=0x000000d1461fce70 mode 1
Event: 24409.005 Thread 0x0000022f8955b660 DEOPT PACKING pc=0x0000022f365cb954 sp=0x000000d1461fda20
Event: 24409.005 Thread 0x0000022f8955b660 DEOPT UNPACKING pc=0x0000022f35274e42 sp=0x000000d1461fcf58 mode 1
Event: 24409.005 Thread 0x0000022f8955b660 DEOPT PACKING pc=0x0000022f365c9df4 sp=0x000000d1461fdb10
Event: 24409.005 Thread 0x0000022f8955b660 DEOPT UNPACKING pc=0x0000022f35274e42 sp=0x000000d1461fd068 mode 1
Event: 24409.005 Thread 0x0000022f8955b660 DEOPT PACKING pc=0x0000022f36208914 sp=0x000000d1461fdc20
Event: 24409.005 Thread 0x0000022f8955b660 DEOPT UNPACKING pc=0x0000022f35274e42 sp=0x000000d1461fd270 mode 1

Classes loaded (20 events):
Event: 23980.958 Loading class java/util/HashMap$NodeBeanInfo
Event: 23980.958 Loading class java/util/HashMap$NodeBeanInfo done
Event: 23980.958 Loading class java/util/HashMap$NodeCustomizer
Event: 23980.958 Loading class java/util/HashMap$NodeCustomizer done
Event: 23980.959 Loading class java/util/HashMap$NodeCustomizer
Event: 23980.959 Loading class java/util/HashMap$NodeCustomizer done
Event: 23980.961 Loading class java/util/LinkedHashMap$EntryCustomizer
Event: 23980.961 Loading class java/util/LinkedHashMap$EntryCustomizer done
Event: 23980.962 Loading class java/util/LinkedHashMap$EntryCustomizer
Event: 23980.962 Loading class java/util/LinkedHashMap$EntryCustomizer done
Event: 23980.986 Loading class java/lang/EnumBeanInfo
Event: 23980.986 Loading class java/lang/EnumBeanInfo done
Event: 23980.987 Loading class java/lang/EnumBeanInfo
Event: 23980.987 Loading class java/lang/EnumBeanInfo done
Event: 23980.988 Loading class java/lang/EnumCustomizer
Event: 23980.988 Loading class java/lang/EnumCustomizer done
Event: 23980.989 Loading class java/lang/EnumCustomizer
Event: 23980.989 Loading class java/lang/EnumCustomizer done
Event: 23981.039 Loading class java/lang/StringEditor
Event: 23981.039 Loading class java/lang/StringEditor done

Classes unloaded (20 events):
Event: 23846.697 Thread 0x0000022f40606550 Unloading class 0x0000022f4312c800 'java/lang/invoke/LambdaForm$MH+0x0000022f4312c800'
Event: 23846.697 Thread 0x0000022f40606550 Unloading class 0x0000022f4312c400 'java/lang/invoke/LambdaForm$MH+0x0000022f4312c400'
Event: 23846.697 Thread 0x0000022f40606550 Unloading class 0x0000022f43112400 'java/lang/invoke/LambdaForm$MH+0x0000022f43112400'
Event: 23846.697 Thread 0x0000022f40606550 Unloading class 0x0000022f4304bc00 'java/lang/invoke/LambdaForm$DMH+0x0000022f4304bc00'
Event: 23846.697 Thread 0x0000022f40606550 Unloading class 0x0000022f43206000 'java/lang/invoke/LambdaForm$DMH+0x0000022f43206000'
Event: 23846.697 Thread 0x0000022f40606550 Unloading class 0x0000022f43203400 'java/lang/invoke/LambdaForm$MH+0x0000022f43203400'
Event: 23846.697 Thread 0x0000022f40606550 Unloading class 0x0000022f43201400 'java/lang/invoke/LambdaForm$MH+0x0000022f43201400'
Event: 23846.697 Thread 0x0000022f40606550 Unloading class 0x0000022f43200400 'java/lang/invoke/LambdaForm$MH+0x0000022f43200400'
Event: 23846.697 Thread 0x0000022f40606550 Unloading class 0x0000022f431fe000 'java/lang/invoke/LambdaForm$MH+0x0000022f431fe000'
Event: 23846.697 Thread 0x0000022f40606550 Unloading class 0x0000022f431fd000 'java/lang/invoke/LambdaForm$MH+0x0000022f431fd000'
Event: 23846.697 Thread 0x0000022f40606550 Unloading class 0x0000022f431fc800 'java/lang/invoke/LambdaForm$MH+0x0000022f431fc800'
Event: 23846.697 Thread 0x0000022f40606550 Unloading class 0x0000022f431e2000 'java/lang/invoke/LambdaForm$MH+0x0000022f431e2000'
Event: 23935.906 Thread 0x0000022f40606550 Unloading class 0x0000022f43125400 'java/lang/invoke/LambdaForm$MH+0x0000022f43125400'
Event: 24165.224 Thread 0x0000022f40606550 Unloading class 0x0000022f43274400 'jdk/internal/reflect/GeneratedSerializationConstructorAccessor2110'
Event: 24165.224 Thread 0x0000022f40606550 Unloading class 0x0000022f43274000 'jdk/internal/reflect/GeneratedSerializationConstructorAccessor2109'
Event: 24165.224 Thread 0x0000022f40606550 Unloading class 0x0000022f4326bc00 'jdk/internal/reflect/GeneratedSerializationConstructorAccessor2108'
Event: 24165.224 Thread 0x0000022f40606550 Unloading class 0x0000022f4326b800 'jdk/internal/reflect/GeneratedSerializationConstructorAccessor2107'
Event: 24165.224 Thread 0x0000022f40606550 Unloading class 0x0000022f4326b400 'jdk/internal/reflect/GeneratedSerializationConstructorAccessor2106'
Event: 24165.224 Thread 0x0000022f40606550 Unloading class 0x0000022f4326b000 'jdk/internal/reflect/GeneratedSerializationConstructorAccessor2105'
Event: 24165.224 Thread 0x0000022f40606550 Unloading class 0x0000022f4326ac00 'jdk/internal/reflect/GeneratedSerializationConstructorAccessor2104'

Classes redefined (20 events):
Event: 20558.312 Thread 0x0000022f40606550 redefined class name=projectSem4.com.service.PaymentService, count=1
Event: 20558.312 Thread 0x0000022f40606550 redefined class name=projectSem4.com.service.PaymentService, count=1
Event: 20558.312 Thread 0x0000022f40606550 redefined class name=projectSem4.com.service.PaymentService, count=1
Event: 20558.312 Thread 0x0000022f40606550 redefined class name=projectSem4.com.service.PaymentService, count=1
Event: 20558.312 Thread 0x0000022f40606550 redefined class name=projectSem4.com.service.PaymentService, count=1
Event: 20558.312 Thread 0x0000022f40606550 redefined class name=projectSem4.com.service.PaymentService, count=1
Event: 20558.312 Thread 0x0000022f40606550 redefined class name=projectSem4.com.service.PaymentService, count=1
Event: 20558.312 Thread 0x0000022f40606550 redefined class name=projectSem4.com.service.PaymentService, count=1
Event: 20558.312 Thread 0x0000022f40606550 redefined class name=projectSem4.com.service.PaymentService, count=1
Event: 20558.312 Thread 0x0000022f40606550 redefined class name=projectSem4.com.service.PaymentService, count=1
Event: 20558.313 Thread 0x0000022f40606550 redefined class name=projectSem4.com.service.PaymentService, count=1
Event: 20558.313 Thread 0x0000022f40606550 redefined class name=projectSem4.com.service.PaymentService, count=1
Event: 20558.313 Thread 0x0000022f40606550 redefined class name=projectSem4.com.service.PaymentService, count=1
Event: 20558.313 Thread 0x0000022f40606550 redefined class name=projectSem4.com.service.PaymentService, count=1
Event: 20558.313 Thread 0x0000022f40606550 redefined class name=projectSem4.com.service.PaymentService, count=1
Event: 20558.313 Thread 0x0000022f40606550 redefined class name=projectSem4.com.service.PaymentService, count=1
Event: 20558.313 Thread 0x0000022f40606550 redefined class name=projectSem4.com.service.PaymentService, count=1
Event: 20558.313 Thread 0x0000022f40606550 redefined class name=projectSem4.com.service.PaymentService, count=1
Event: 20558.313 Thread 0x0000022f40606550 redefined class name=projectSem4.com.service.PaymentService, count=1
Event: 20558.313 Thread 0x0000022f40606550 redefined class name=projectSem4.com.service.PaymentService, count=1

Internal exceptions (20 events):
Event: 24236.178 Thread 0x0000022f8955b660 Exception <a 'java/io/FileNotFoundException'{0x00000007154027a0}> (0x00000007154027a0) 
thrown [s\open\src\hotspot\share\prims\jni.cpp, line 520]
Event: 24236.178 Thread 0x0000022f8955b660 Exception <a 'java/io/FileNotFoundException'{0x0000000714e01018}> (0x0000000714e01018) 
thrown [s\open\src\hotspot\share\prims\jni.cpp, line 520]
Event: 24266.616 Thread 0x0000022f8955fe90 Exception <a 'java/io/FileNotFoundException'{0x00000007131016a0}> (0x00000007131016a0) 
thrown [s\open\src\hotspot\share\prims\jni.cpp, line 520]
Event: 24266.616 Thread 0x0000022f8955fe90 Exception <a 'java/io/FileNotFoundException'{0x00000007131028d0}> (0x00000007131028d0) 
thrown [s\open\src\hotspot\share\prims\jni.cpp, line 520]
Event: 24272.635 Thread 0x0000022f87b52460 Exception <a 'java/io/IOException'{0x0000000711029d90}> (0x0000000711029d90) 
thrown [s\open\src\hotspot\share\prims\jni.cpp, line 520]
Event: 24272.646 Thread 0x0000022f87b52460 Exception <a 'java/io/IOException'{0x000000071111ff30}> (0x000000071111ff30) 
thrown [s\open\src\hotspot\share\prims\jni.cpp, line 520]
Event: 24272.696 Thread 0x0000022f87b4fd00 Exception <a 'java/io/IOException'{0x0000000710ca2950}> (0x0000000710ca2950) 
thrown [s\open\src\hotspot\share\prims\jni.cpp, line 520]
Event: 24272.709 Thread 0x0000022f87b4fd00 Exception <a 'java/io/IOException'{0x0000000710a0c0d0}> (0x0000000710a0c0d0) 
thrown [s\open\src\hotspot\share\prims\jni.cpp, line 520]
Event: 24272.757 Thread 0x0000022f87b52af0 Exception <a 'java/io/IOException'{0x00000007109698b0}> (0x00000007109698b0) 
thrown [s\open\src\hotspot\share\prims\jni.cpp, line 520]
Event: 24272.774 Thread 0x0000022f87b52af0 Exception <a 'java/io/IOException'{0x00000007106cdf50}> (0x00000007106cdf50) 
thrown [s\open\src\hotspot\share\prims\jni.cpp, line 520]
Event: 24279.562 Thread 0x0000022f87b510b0 Exception <a 'java/lang/NoSuchMethodError'{0x000000071052d0c0}: 'java.lang.Object java.lang.invoke.DirectMethodHandle$Holder.invokeVirtual(java.lang.Object, java.lang.Object, int, java.lang.Object, int)'> (0x000000071052d0c0) 
thrown [s\open\src\hotspot\share\interpreter\linkResolver.cpp, line 773]
Event: 24279.582 Thread 0x0000022f87b510b0 Exception <a 'java/lang/NoSuchMethodError'{0x00000007105310a8}: 'java.lang.Object java.lang.invoke.DirectMethodHandle$Holder.invokeSpecial(java.lang.Object, java.lang.Object, java.lang.Object, int, java.lang.Object, int)'> (0x00000007105310a8) 
thrown [s\open\src\hotspot\share\interpreter\linkResolver.cpp, line 773]
Event: 24279.600 Thread 0x0000022f87b510b0 Exception <a 'java/lang/NoSuchMethodError'{0x000000070fe03860}: 'java.lang.Object java.lang.invoke.DelegatingMethodHandle$Holder.reinvoke_L(java.lang.Object, java.lang.Object, int, java.lang.Object, int)'> (0x000000070fe03860) 
thrown [s\open\src\hotspot\share\interpreter\linkResolver.cpp, line 773]
Event: 24304.403 Thread 0x0000022f8955b660 Exception <a 'java/io/FileNotFoundException'{0x0000000715301658}> (0x0000000715301658) 
thrown [s\open\src\hotspot\share\prims\jni.cpp, line 520]
Event: 24304.404 Thread 0x0000022f8955b660 Exception <a 'java/io/FileNotFoundException'{0x0000000714c00840}> (0x0000000714c00840) 
thrown [s\open\src\hotspot\share\prims\jni.cpp, line 520]
Event: 24339.125 Thread 0x0000022f8955b660 Exception <a 'java/io/FileNotFoundException'{0x00000007134141a0}> (0x00000007134141a0) 
thrown [s\open\src\hotspot\share\prims\jni.cpp, line 520]
Event: 24339.126 Thread 0x0000022f8955b660 Exception <a 'java/io/FileNotFoundException'{0x0000000712800b30}> (0x0000000712800b30) 
thrown [s\open\src\hotspot\share\prims\jni.cpp, line 520]
Event: 24376.322 Thread 0x0000022f86967590 Exception <a 'java/lang/NoSuchMethodError'{0x000000071031d768}: static [B.<clinit>()V> (0x000000071031d768) 
thrown [s\open\src\hotspot\share\prims\jni.cpp, line 1111]
Event: 24386.621 Thread 0x0000022f8955fe90 Exception <a 'java/io/FileNotFoundException'{0x000000070f6000f8}> (0x000000070f6000f8) 
thrown [s\open\src\hotspot\share\prims\jni.cpp, line 520]
Event: 24386.622 Thread 0x0000022f8955fe90 Exception <a 'java/io/FileNotFoundException'{0x000000070f601340}> (0x000000070f601340) 
thrown [s\open\src\hotspot\share\prims\jni.cpp, line 520]

ZGC Phase Switch (0 events):
No events

VM Operations (20 events):
Event: 24386.268 Executing VM operation: get/set locals
Event: 24386.268 Executing VM operation: get/set locals done
Event: 24386.269 Executing VM operation: get/set locals
Event: 24386.269 Executing VM operation: get/set locals done
Event: 24386.269 Executing VM operation: get/set locals
Event: 24386.269 Executing VM operation: get/set locals done
Event: 24386.270 Executing VM operation: get/set locals
Event: 24386.270 Executing VM operation: get/set locals done
Event: 24386.270 Executing VM operation: get/set locals
Event: 24386.270 Executing VM operation: get/set locals done
Event: 24386.270 Executing VM operation: get/set locals
Event: 24386.270 Executing VM operation: get/set locals done
Event: 24386.271 Executing VM operation: get/set locals
Event: 24386.271 Executing VM operation: get/set locals done
Event: 24386.271 Executing VM operation: get/set locals
Event: 24386.271 Executing VM operation: get/set locals done
Event: 24386.271 Executing VM operation: get/set locals
Event: 24386.271 Executing VM operation: get/set locals done
Event: 24386.964 Executing VM operation: get/set locals
Event: 24386.965 Executing VM operation: get/set locals done

Events (20 events):
Event: 24272.567 Thread 0x0000022f89b07db0 Thread added: 0x0000022f89b07db0
Event: 24272.567 Thread 0x0000022f89b06940 Thread added: 0x0000022f89b06940
Event: 24272.567 Thread 0x0000022f89b054d0 Thread added: 0x0000022f89b054d0
Event: 24272.567 Thread 0x0000022f89b04730 Thread added: 0x0000022f89b04730
Event: 24272.568 Thread 0x0000022f89b08480 Thread added: 0x0000022f89b08480
Event: 24272.568 Thread 0x0000022f89b04e00 Thread added: 0x0000022f89b04e00
Event: 24272.568 Thread 0x0000022f89b0a690 Thread added: 0x0000022f89b0a690
Event: 24280.463 Thread 0x0000022f89b0a690 Thread exited: 0x0000022f89b0a690
Event: 24285.469 Thread 0x0000022f89b04e00 Thread exited: 0x0000022f89b04e00
Event: 24285.469 Thread 0x0000022f89b08480 Thread exited: 0x0000022f89b08480
Event: 24285.469 Thread 0x0000022f89b04730 Thread exited: 0x0000022f89b04730
Event: 24290.470 Thread 0x0000022f89b054d0 Thread exited: 0x0000022f89b054d0
Event: 24295.480 Thread 0x0000022f89b06940 Thread exited: 0x0000022f89b06940
Event: 24295.480 Thread 0x0000022f89b07db0 Thread exited: 0x0000022f89b07db0
Event: 24300.485 Thread 0x0000022f89b04060 Thread exited: 0x0000022f89b04060
Event: 24305.499 Thread 0x0000022f89b05ba0 Thread exited: 0x0000022f89b05ba0
Event: 24386.675 Thread 0x0000022f8955f170 Thread added: 0x0000022f8955f170
Event: 24386.675 Thread 0x0000022f89560520 Thread exited: 0x0000022f89560520
Event: 24386.677 Thread 0x0000022f89561f60 Thread added: 0x0000022f89561f60
Event: 24386.682 Thread 0x0000022f87b55250 Thread exited: 0x0000022f87b55250


Dynamic libraries:
0x00007ff6888e0000 - 0x00007ff6888f0000 	C:\Java\jdk-21.0.5\bin\javaw.exe
0x00007ff9ddea0000 - 0x00007ff9de108000 	C:\WINDOWS\SYSTEM32\ntdll.dll
0x00007ff9dc3c0000 - 0x00007ff9dc489000 	C:\WINDOWS\System32\KERNEL32.DLL
0x00007ff9db550000 - 0x00007ff9db948000 	C:\WINDOWS\System32\KERNELBASE.dll
0x00007ff9db340000 - 0x00007ff9db48b000 	C:\WINDOWS\System32\ucrtbase.dll
0x00007ff9d5b60000 - 0x00007ff9d5b79000 	C:\Java\jdk-21.0.5\bin\jli.dll
0x00007ff9dbfe0000 - 0x00007ff9dc094000 	C:\WINDOWS\System32\ADVAPI32.dll
0x00007ff9dc300000 - 0x00007ff9dc3a9000 	C:\WINDOWS\System32\msvcrt.dll
0x00007ff9dda50000 - 0x00007ff9ddaf6000 	C:\WINDOWS\System32\sechost.dll
0x00007ff9ddb70000 - 0x00007ff9ddc88000 	C:\WINDOWS\System32\RPCRT4.dll
0x00007ff9ddc90000 - 0x00007ff9dde57000 	C:\WINDOWS\System32\USER32.dll
0x00007ff9db520000 - 0x00007ff9db547000 	C:\WINDOWS\System32\win32u.dll
0x00007ff9dce70000 - 0x00007ff9dce9b000 	C:\WINDOWS\System32\GDI32.dll
0x00007ff9db160000 - 0x00007ff9db28c000 	C:\WINDOWS\System32\gdi32full.dll
0x00007ff9c7f90000 - 0x00007ff9c8224000 	C:\WINDOWS\WinSxS\amd64_microsoft.windows.common-controls_6595b64144ccf1df_6.0.26100.7019_none_3e06ffa0e335b8a8\COMCTL32.dll
0x00007ff9db290000 - 0x00007ff9db333000 	C:\WINDOWS\System32\msvcp_win.dll
0x00007ff9d2ca0000 - 0x00007ff9d2cab000 	C:\WINDOWS\SYSTEM32\VERSION.dll
0x00007ff9d5b40000 - 0x00007ff9d5b5b000 	C:\Java\jdk-21.0.5\bin\VCRUNTIME140.dll
0x00007ff9dd580000 - 0x00007ff9dd5b1000 	C:\WINDOWS\System32\IMM32.DLL
0x00007ff9d5b30000 - 0x00007ff9d5b3c000 	C:\Java\jdk-21.0.5\bin\vcruntime140_1.dll
0x00007ff9ad820000 - 0x00007ff9ad8ae000 	C:\Java\jdk-21.0.5\bin\msvcp140.dll
0x00007ff95cad0000 - 0x00007ff95d7e8000 	C:\Java\jdk-21.0.5\bin\server\jvm.dll
0x00007ff9dc1e0000 - 0x00007ff9dc254000 	C:\WINDOWS\System32\WS2_32.dll
0x00007ff9dae50000 - 0x00007ff9daeae000 	C:\WINDOWS\SYSTEM32\POWRPROF.dll
0x00007ff9d2c60000 - 0x00007ff9d2c95000 	C:\WINDOWS\SYSTEM32\WINMM.dll
0x00007ff9dae30000 - 0x00007ff9dae44000 	C:\WINDOWS\SYSTEM32\UMPDC.dll
0x00007ff9d9db0000 - 0x00007ff9d9dcb000 	C:\WINDOWS\SYSTEM32\kernel.appcore.dll
0x00007ff9d5b20000 - 0x00007ff9d5b2a000 	C:\Java\jdk-21.0.5\bin\jimage.dll
0x00007ff9d8410000 - 0x00007ff9d8652000 	C:\WINDOWS\SYSTEM32\DBGHELP.DLL
0x00007ff9dd1f0000 - 0x00007ff9dd57b000 	C:\WINDOWS\System32\combase.dll
0x00007ff9dc620000 - 0x00007ff9dc6f7000 	C:\WINDOWS\System32\OLEAUT32.dll
0x00007ff9c38c0000 - 0x00007ff9c38fc000 	C:\WINDOWS\SYSTEM32\dbgcore.DLL
0x00007ff9dba10000 - 0x00007ff9dbab5000 	C:\WINDOWS\System32\bcryptPrimitives.dll
0x00007ff9ade40000 - 0x00007ff9ade7c000 	C:\Java\jdk-21.0.5\bin\jdwp.dll
0x00007ff9d5b10000 - 0x00007ff9d5b1f000 	C:\Java\jdk-21.0.5\bin\instrument.dll
0x00007ff9b9c70000 - 0x00007ff9b9c8f000 	C:\Java\jdk-21.0.5\bin\java.dll
0x00007ff9dc700000 - 0x00007ff9dce4f000 	C:\WINDOWS\System32\SHELL32.dll
0x00007ff9daff0000 - 0x00007ff9db15b000 	C:\WINDOWS\System32\wintypes.dll
0x00007ff9d8c30000 - 0x00007ff9d948d000 	C:\WINDOWS\SYSTEM32\windows.storage.dll
0x00007ff9dd040000 - 0x00007ff9dd132000 	C:\WINDOWS\System32\SHCORE.dll
0x00007ff9ddb00000 - 0x00007ff9ddb67000 	C:\WINDOWS\System32\shlwapi.dll
0x00007ff9daf10000 - 0x00007ff9daf39000 	C:\WINDOWS\SYSTEM32\profapi.dll
0x00007ff9c75d0000 - 0x00007ff9c75dc000 	C:\Java\jdk-21.0.5\bin\dt_socket.dll
0x00007ff9d9870000 - 0x00007ff9d98a4000 	C:\WINDOWS\SYSTEM32\IPHLPAPI.DLL
0x00007ff9da320000 - 0x00007ff9da38b000 	C:\WINDOWS\system32\mswsock.dll
0x00007ff9d9950000 - 0x00007ff9d9a7c000 	C:\WINDOWS\SYSTEM32\DNSAPI.dll
0x00007ff9dc260000 - 0x00007ff9dc26a000 	C:\WINDOWS\System32\NSI.dll
0x00000000731f0000 - 0x0000000073216000 	C:\Program Files\Bonjour\mdnsNSP.dll
0x00007ff9d0780000 - 0x00007ff9d078b000 	C:\Windows\System32\rasadhlp.dll
0x00007ff9d4f80000 - 0x00007ff9d5006000 	C:\WINDOWS\System32\fwpuclnt.dll
0x00007ff9adc20000 - 0x00007ff9adc38000 	C:\Java\jdk-21.0.5\bin\zip.dll
0x00007ff9c5950000 - 0x00007ff9c5960000 	C:\Java\jdk-21.0.5\bin\net.dll
0x00007ff9d2ec0000 - 0x00007ff9d2fe8000 	C:\WINDOWS\SYSTEM32\WINHTTP.dll
0x00007ff9ad950000 - 0x00007ff9ad966000 	C:\Java\jdk-21.0.5\bin\nio.dll
0x00007ff9b9e10000 - 0x00007ff9b9e1a000 	C:\Java\jdk-21.0.5\bin\management.dll
0x00007ff9b4920000 - 0x00007ff9b492b000 	C:\Java\jdk-21.0.5\bin\management_ext.dll
0x00007ff9dc3b0000 - 0x00007ff9dc3b8000 	C:\WINDOWS\System32\PSAPI.DLL
0x00007ff9ba1f0000 - 0x00007ff9ba208000 	C:\WINDOWS\system32\napinsp.dll
0x00007ff9ba1d0000 - 0x00007ff9ba1e2000 	C:\WINDOWS\System32\winrnr.dll
0x00007ff9ba1a0000 - 0x00007ff9ba1c2000 	C:\WINDOWS\system32\nlansp_c.dll
0x00007ff9d0730000 - 0x00007ff9d0746000 	C:\WINDOWS\system32\wshbth.dll
0x00007ff9da5e0000 - 0x00007ff9da5fb000 	C:\WINDOWS\SYSTEM32\CRYPTSP.dll
0x00007ff9d9d10000 - 0x00007ff9d9d4a000 	C:\WINDOWS\system32\rsaenh.dll
0x00007ff9da3d0000 - 0x00007ff9da3fb000 	C:\WINDOWS\SYSTEM32\USERENV.dll
0x00007ff9daee0000 - 0x00007ff9daf0a000 	C:\WINDOWS\SYSTEM32\bcrypt.dll
0x00007ff9da600000 - 0x00007ff9da60c000 	C:\WINDOWS\SYSTEM32\CRYPTBASE.dll
0x00007ff9ade30000 - 0x00007ff9ade39000 	C:\Java\jdk-21.0.5\bin\extnet.dll
0x00007ff9ad940000 - 0x00007ff9ad950000 	C:\Java\jdk-21.0.5\bin\verify.dll
0x00007ff9ad920000 - 0x00007ff9ad92e000 	C:\Java\jdk-21.0.5\bin\sunmscapi.dll
0x00007ff9dbac0000 - 0x00007ff9dbc37000 	C:\WINDOWS\System32\CRYPT32.dll
0x00007ff9da800000 - 0x00007ff9da830000 	C:\WINDOWS\SYSTEM32\ncrypt.dll
0x00007ff9da7b0000 - 0x00007ff9da7ef000 	C:\WINDOWS\SYSTEM32\NTASN1.dll
0x00007ff97eea0000 - 0x00007ff97eea8000 	C:\WINDOWS\system32\wshunix.dll

dbghelp: loaded successfully - version: 4.0.5 - missing functions: none
symbol engine: initialized successfully - sym options: 0x614 - pdb path: .;C:\Java\jdk-21.0.5\bin;C:\WINDOWS\SYSTEM32;C:\WINDOWS\WinSxS\amd64_microsoft.windows.common-controls_6595b64144ccf1df_6.0.26100.7019_none_3e06ffa0e335b8a8;C:\Java\jdk-21.0.5\bin\server;C:\Program Files\Bonjour

VM Arguments:
jvm_args: -XX:+ShowCodeDetailsInExceptionMessages -agentlib:jdwp=transport=dt_socket,suspend=y,address=localhost:65417 -Dcom.sun.management.jmxremote -Dcom.sun.management.jmxremote.port=65416 -Dcom.sun.management.jmxremote.authenticate=false -Dcom.sun.management.jmxremote.ssl=false -Djava.rmi.server.hostname=localhost -Dspring.jmx.enabled=true -Dmanagement.endpoints.jmx.exposure.include=* -Dspring.application.admin.enabled=true -Dspring.output.ansi.enabled=always -XX:TieredStopAtLevel=1 -Dspring.boot.project.name=projectSem4 -javaagent:C:\Java\sts\configuration\org.eclipse.osgi\270\0\.cp\lib\javaagent-shaded.jar -Dfile.encoding=UTF-8 -Dstdout.encoding=UTF-8 -Dstderr.encoding=UTF-8 
java_command: projectSem4.com.ProjectSem4Application
java_class_path (initial): C:\aLuan\projectSem4\target\classes;C:\Users\Tai\.m2\repository\org\springframework\boot\spring-boot-starter-mail\3.5.4\spring-boot-starter-mail-3.5.4.jar;C:\Users\Tai\.m2\repository\org\springframework\boot\spring-boot-starter\3.5.4\spring-boot-starter-3.5.4.jar;C:\Users\Tai\.m2\repository\org\springframework\boot\spring-boot-starter-logging\3.5.4\spring-boot-starter-logging-3.5.4.jar;C:\Users\Tai\.m2\repository\ch\qos\logback\logback-classic\1.5.18\logback-classic-1.5.18.jar;C:\Users\Tai\.m2\repository\ch\qos\logback\logback-core\1.5.18\logback-core-1.5.18.jar;C:\Users\Tai\.m2\repository\org\apache\logging\log4j\log4j-to-slf4j\2.24.3\log4j-to-slf4j-2.24.3.jar;C:\Users\Tai\.m2\repository\org\apache\logging\log4j\log4j-api\2.24.3\log4j-api-2.24.3.jar;C:\Users\Tai\.m2\repository\org\slf4j\jul-to-slf4j\2.0.17\jul-to-slf4j-2.0.17.jar;C:\Users\Tai\.m2\repository\jakarta\annotation\jakarta.annotation-api\2.1.1\jakarta.annotation-api-2.1.1.jar;C:\Users\Tai\.m2\repository\org\yaml\snakeyaml\2.4\snakeyaml-2.4.jar;C:\Users\Tai\.m2\repository\org\springframework\spring-context-support\6.2.9\spring-context-support-6.2.9.jar;C:\Users\Tai\.m2\repository\org\springframework\spring-beans\6.2.9\spring-beans-6.2.9.jar;C:\Users\Tai\.m2\repository\org\eclipse\angus\jakarta.mail\2.0.3\jakarta.mail-2.0.3.jar;C:\Users\Tai\.m2\repository\jakarta\activation\jakarta.activation-api\2.1.3\jakarta.activation-api-2.1.3.jar;C:\Users\Tai\.m2\repository\org\eclipse\angus\angus-activation\2.0.2\angus-activation-2.0.2.jar;C:\Users\Tai\.m2\repository\org\springframework\boot\spring-boot-starter-data-jdbc\3.5.4\spring-boot-starter-data-jdbc-3.5.4.jar;C:\Users\Tai\.m2\repository\org\springframework\boot\spring-boot-starter-jdbc\3.5.4\spring-boot-starter-jdbc-3.5.4.jar;C:\Users\Tai\.m2\repository\com\zaxxer\HikariCP\6.3.1\HikariCP-6.3.1.jar;C:\Users\Tai\.m2\repository\org\springframework\data\spring-data-jdbc\3.5.2\spring-data-jdbc-3.5.2.jar;C:\Users\Tai\.m2\repository\org\springframework\data\spring-data-relational\3.5.2\spring-data-relational-3.5.2.jar;C:\Users\Tai\.m2\repository\org\springframework\data\spring-data-commons\3.5.2\spring-data-commons-3.5.2.jar;C:\Users\Tai\.m2\repository\org\springframework\spring-tx\6.2.9\spring-tx-6.2.9.jar;C:\Users\Tai\.m2\repository\org\springframework\boot\spring-boot-starter-thymeleaf\3.5.4\spring-boot-starter-thymeleaf-3.5.4.jar;C:\Users\Tai\.m2\repository\org\thymeleaf\thymeleaf-spring6\3.1.3.RELEASE\thymeleaf-spring6-3.1.3.RELEASE.jar;C:\Users\Tai\.m2\repository\org\springframework\boot\spring-boot-starter-web\3.5.4\spring-boot-starter-web-3.5.4.jar;C:\Users\Tai\.m2\repository\org\springframework\boot\spring-boot-starter-json\3.5.4\spring-boot-starter-json-3.5.4.jar;C:\Users\Tai\.m2\repository\com\fasterxml\jackson\datatype\jackson-datatype-jdk8\2.19.2\jackson-datatype-jdk8-2.19.2.jar;C:\Users\Tai\.m2\repository\com\fasterxml\jackson\module\jackson-module-parameter-names\2.19.2\jackson-module-parameter-names-2.19.2.jar;C:\Users\Tai\.m2\repository\org\springframework\boot\spring-boot-starter-tomcat\3.5.4\spring-boot-starter-tomcat-3.5.4.jar;C:\Users\Tai\.m2\repository\org\apache\tomcat\embed\tomcat-embed-core\10.1.43\tomcat-embed-core-10.1.43.jar;C:\Users\Tai\.m2\repository\org\apache\tomcat\embed\tomcat-embed-websocket\10.1.43\tomcat-embed-websocket-10.1.43.jar;C:\Users\Tai\.m2\repository\org\springframework\spring-web\6.2.9\spring-web-6.2.9.jar;C:\Users\Tai\.m2\repository\io\micrometer\micrometer-observation\1.15.2\micrometer-observation-1.15.2.jar;C:\Users\Tai\.m2\repository\io\micrometer\micrometer-commons\1.15.2\micrometer-commons-1.15.2.jar;C:\Users\Tai\.m2\repository\org\springframework\spring-webmvc\6.2.9\spring-webmvc-6.2.9.jar;C:\Users\Tai\.m2\repository\org\springframework\spring-aop\6.2.9\spring-aop-6.2.9.jar;C:\Users\Tai\.m2\repository\org\springframework\spring-expression\6.2.9\spring-expression-6.2.9.jar;C:\Users\Tai\.m2\repository\org\springframework\session\spring-session-core\3.5.1\spring-session-core-3.5.1.jar;C:\Users\Tai\.m2\repository\org\springframework\spring-jcl\6.2.9\spring-jcl-6.2.9.jar;C:\Users\Tai\.m2\repository\org\springframework\session\spring-session-jdbc\3.5.1\spring-session-jdbc-3.5.1.jar;C:\Users\Tai\.m2\repository\org\springframework\spring-context\6.2.9\spring-context-6.2.9.jar;C:\Users\Tai\.m2\repository\org\springframework\spring-jdbc\6.2.9\spring-jdbc-6.2.9.jar;C:\Users\Tai\.m2\repository\org\springframework\boot\spring-boot-devtools\3.5.4\spring-boot-devtools-3.5.4.jar;C:\Users\Tai\.m2\repository\org\springframework\boot\spring-boot\3.5.4\spring-boot-3.5.4.jar;C:\Users\Tai\.m2\repository\org\springframework\boot\spring-boot-autoconfigure\3.5.4\spring-boot-autoconfigure-3.5.4.jar;C:\Users\Tai\.m2\repository\com\microsoft\sqlserver\mssql-jdbc\12.10.1.jre11\mssql-jdbc-12.10.1.jre11.jar;C:\Users\Tai\.m2\repository\org\springframework\spring-core\6.2.9\spring-core-6.2.9.jar;C:\Users\Tai\.m2\repository\nz\net\ultraq\thymeleaf\thymeleaf-layout-dialect\3.4.0\thymeleaf-layout-dialect-3.4.0.jar;C:\Users\Tai\.m2\repository\org\apache\groovy\groovy\4.0.28\groovy-4.0.28.jar;C:\Users\Tai\.m2\repository\nz\net\ultraq\groovy\groovy-extensions\2.3.3\groovy-extensions-2.3.3.jar;C:\Users\Tai\.m2\repository\nz\net\ultraq\thymeleaf\thymeleaf-expression-processor\3.2.0\thymeleaf-expression-processor-3.2.0.jar;C:\Users\Tai\.m2\repository\org\thymeleaf\thymeleaf\3.1.3.RELEASE\thymeleaf-3.1.3.RELEASE.jar;C:\Users\Tai\.m2\repository\ognl\ognl\3.3.4\ognl-3.3.4.jar;C:\Users\Tai\.m2\repository\org\javassist\javassist\3.29.0-GA\javassist-3.29.0-GA.jar;C:\Users\Tai\.m2\repository\org\attoparser\attoparser\2.0.7.RELEASE\attoparser-2.0.7.RELEASE.jar;C:\Users\Tai\.m2\repository\org\unbescape\unbescape\1.1.6.RELEASE\unbescape-1.1.6.RELEASE.jar;C:\Users\Tai\.m2\repository\org\slf4j\slf4j-api\2.0.17\slf4j-api-2.0.17.jar;C:\Users\Tai\.m2\repository\com\fasterxml\jackson\datatype\jackson-datatype-jsr310\2.19.2\jackson-datatype-jsr310-2.19.2.jar;C:\Users\Tai\.m2\repository\com\fasterxml\jackson\core\jackson-annotations\2.19.2\jackson-annotations-2.19.2.jar;C:\Users\Tai\.m2\repository\com\fasterxml\jackson\core\jackson-core\2.19.2\jackson-core-2.19.2.jar;C:\Users\Tai\.m2\repository\com\fasterxml\jackson\core\jackson-databind\2.19.2\jackson-databind-2.19.2.jar;C:\Users\Tai\.m2\repository\org\springframework\boot\spring-boot-starter-validation\3.5.4\spring-boot-starter-validation-3.5.4.jar;C:\Users\Tai\.m2\repository\org\apache\tomcat\embed\tomcat-embed-el\10.1.43\tomcat-embed-el-10.1.43.jar;C:\Users\Tai\.m2\repository\org\hibernate\validator\hibernate-validator\8.0.2.Final\hibernate-validator-8.0.2.Final.jar;C:\Users\Tai\.m2\repository\jakarta\validation\jakarta.validation-api\3.0.2\jakarta.validation-api-3.0.2.jar;C:\Users\Tai\.m2\repository\org\jboss\logging\jboss-logging\3.6.1.Final\jboss-logging-3.6.1.Final.jar;C:\Users\Tai\.m2\repository\com\fasterxml\classmate\1.7.0\classmate-1.7.0.jar;C:\Users\Tai\.m2\repository\io\jsonwebtoken\jjwt-api\0.11.5\jjwt-api-0.11.5.jar;C:\Users\Tai\.m2\repository\io\jsonwebtoken\jjwt-impl\0.11.5\jjwt-impl-0.11.5.jar;C:\Users\Tai\.m2\repository\io\jsonwebtoken\jjwt-jackson\0.11.5\jjwt-jackson-0.11.5.jar;C:\Users\Tai\.m2\repository\org\mindrot\jbcrypt\0.4\jbcrypt-0.4.jar
Launcher Type: SUN_STANDARD

[Global flags]
     intx CICompilerCount                          = 12                                        {product} {ergonomic}
     uint ConcGCThreads                            = 3                                         {product} {ergonomic}
     uint G1ConcRefinementThreads                  = 13                                        {product} {ergonomic}
   size_t G1HeapRegionSize                         = 2097152                                   {product} {ergonomic}
    uintx GCDrainStackTargetSize                   = 64                                        {product} {ergonomic}
   size_t InitialHeapSize                          = 260046848                                 {product} {ergonomic}
     bool ManagementServer                         = true                                      {product} {command line}
   size_t MarkStackSize                            = 4194304                                   {product} {ergonomic}
   size_t MaxHeapSize                              = 4135583744                                {product} {ergonomic}
   size_t MaxNewSize                               = 2480930816                                {product} {ergonomic}
   size_t MinHeapDeltaBytes                        = 2097152                                   {product} {ergonomic}
   size_t MinHeapSize                              = 8388608                                   {product} {ergonomic}
    uintx NonNMethodCodeHeapSize                   = 4096                                   {pd product} {ergonomic}
    uintx NonProfiledCodeHeapSize                  = 0                                      {pd product} {ergonomic}
     bool ProfileInterpreter                       = false                                  {pd product} {command line}
    uintx ProfiledCodeHeapSize                     = 0                                      {pd product} {ergonomic}
     bool ShowCodeDetailsInExceptionMessages       = true                                   {manageable} {command line}
   size_t SoftMaxHeapSize                          = 4135583744                             {manageable} {ergonomic}
     intx TieredStopAtLevel                        = 1                                         {product} {command line}
     bool UseCompressedOops                        = true                           {product lp64_product} {ergonomic}
     bool UseG1GC                                  = true                                      {product} {ergonomic}
     bool UseLargePagesIndividualAllocation        = false                                  {pd product} {ergonomic}

Logging:
Log output configuration:
 #0: stdout all=warning uptime,level,tags foldmultilines=false
 #1: stderr all=off uptime,level,tags foldmultilines=false

Environment Variables:
JAVA_HOME=C:\Java\jdk-21.0.5
PATH=C:/Java/sts//plugins/org.eclipse.justj.openjdk.hotspot.jre.full.win32.x86_64_21.0.6.v20250130-0529/jre/bin/server;C:/Java/sts//plugins/org.eclipse.justj.openjdk.hotspot.jre.full.win32.x86_64_21.0.6.v20250130-0529/jre/bin;C:\WINDOWS\system32;C:\WINDOWS;C:\WINDOWS\System32\Wbem;C:\WINDOWS\System32\WindowsPowerShell\v1.0\;C:\WINDOWS\System32\OpenSSH\;C:\Program Files (x86)\Microsoft SQL Server\160\Tools\Binn\;C:\Program Files\Microsoft SQL Server\160\Tools\Binn\;C:\Program Files\Microsoft SQL Server\Client SDK\ODBC\170\Tools\Binn\;C:\Program Files\Microsoft SQL Server\160\DTS\Binn\;C:\Program Files (x86)\Microsoft SQL Server\160\DTS\Binn\;C:\Program Files\Microsoft SQL Server\150\Tools\Binn\;C:\Program Files\dotnet\;C:\C#_web\mongosh\mongosh-2.3.3-win32-x64\bin;C:\Program Files\Git\cmd;C:\NodeJS\node-v22;C:\Java\apache\bin;C:\Java\jdk-21.0.5\bin;C:\mobile_dev\flutter\flutter\bin;C:\Program Files (x86)\Windows Kits\10\Windows Performance Toolkit\;C:\mobile_dev\Android\Sdk\platform-tools;C:\python\python\Scripts\;C:\python\python\;C:\Users\Tai\AppData\Local\Microsoft\WindowsApps;C:\Microsoft VS Code\bin;C:\Users\Tai\.dotnet\tools;C:\AI\cursor\resources\app\bin;C:\Java\sts;
USERNAME=Tai
OS=Windows_NT
PROCESSOR_IDENTIFIER=AMD64 Family 25 Model 80 Stepping 0, AuthenticAMD
TMP=C:\Users\Tai\AppData\Local\Temp
TEMP=C:\Users\Tai\AppData\Local\Temp




Periodic native trim disabled

---------------  S Y S T E M  ---------------

OS:
 Windows 11 , 64 bit Build 26100 (10.0.26100.7019)
OS uptime: 1 days 2:50 hours

CPU: total 16 (initial active 16) (16 cores per cpu, 2 threads per core) family 25 model 80 stepping 0 microcode 0xa50000d, cx8, cmov, fxsr, ht, mmx, 3dnowpref, sse, sse2, sse3, ssse3, sse4a, sse4.1, sse4.2, popcnt, lzcnt, tsc, tscinvbit, avx, avx2, aes, erms, clmul, bmi1, bmi2, adx, sha, fma, vzeroupper, clflush, clflushopt, rdtscp, rdpid, fsrm, f16c, pku, cet_ss
Processor Information for processor 0
  Max Mhz: 3201, Current Mhz: 1802, Mhz Limit: 3201
Processor Information for processor 1
  Max Mhz: 3201, Current Mhz: 3201, Mhz Limit: 3201
Processor Information for processor 2
  Max Mhz: 3201, Current Mhz: 1802, Mhz Limit: 3201
Processor Information for processor 3
  Max Mhz: 3201, Current Mhz: 1802, Mhz Limit: 3201
Processor Information for processor 4
  Max Mhz: 3201, Current Mhz: 1802, Mhz Limit: 3201
Processor Information for processor 5
  Max Mhz: 3201, Current Mhz: 1802, Mhz Limit: 3201
Processor Information for processor 6
  Max Mhz: 3201, Current Mhz: 1802, Mhz Limit: 3201
Processor Information for processor 7
  Max Mhz: 3201, Current Mhz: 1802, Mhz Limit: 3201
Processor Information for processor 8
  Max Mhz: 3201, Current Mhz: 3201, Mhz Limit: 3201
Processor Information for processor 9
  Max Mhz: 3201, Current Mhz: 3201, Mhz Limit: 3201
Processor Information for processor 10
  Max Mhz: 3201, Current Mhz: 1802, Mhz Limit: 3201
Processor Information for processor 11
  Max Mhz: 3201, Current Mhz: 1802, Mhz Limit: 3201
Processor Information for processor 12
  Max Mhz: 3201, Current Mhz: 3201, Mhz Limit: 3201
Processor Information for processor 13
  Max Mhz: 3201, Current Mhz: 1802, Mhz Limit: 3201
Processor Information for processor 14
  Max Mhz: 3201, Current Mhz: 1802, Mhz Limit: 3201
Processor Information for processor 15
  Max Mhz: 3201, Current Mhz: 1802, Mhz Limit: 3201

Memory: 4k page, system-wide physical 15775M (4698M free)
TotalPageFile size 19487M (AvailPageFile size 5321M)
current process WorkingSet (physical memory assigned to process): 499M, peak: 544M
current process commit charge ("private bytes"): 588M, peak: 608M

vm_info: Java HotSpot(TM) 64-Bit Server VM (21.0.5+9-LTS-239) for windows-amd64 JRE (21.0.5+9-LTS-239), built on 2024-09-30T05:17:38Z by "mach5one" with MS VC++ 17.6 (VS2022)

END.
