#
# A fatal error has been detected by the Java Runtime Environment:
#
#  EXCEPTION_ACCESS_VIOLATION (0xc0000005) at pc=0x00000290d9e10fa4, pid=20988, tid=2828
#
# JRE version: Java(TM) SE Runtime Environment (21.0.5+9) (build 21.0.5+9-LTS-239)
# Java VM: Java HotSpot(TM) 64-Bit Server VM (21.0.5+9-LTS-239, mixed mode, emulated-client, sharing, tiered, compressed oops, compressed class ptrs, g1 gc, windows-amd64)
# Problematic frame:
# v  ~BufferBlob::MethodHandles adapters 0x00000290d9e10fa4
#
# No core dump will be written. Minidumps are not enabled by default on client versions of Windows
#
# If you would like to submit a bug report, please visit:
#   https://bugreport.java.com/bugreport/crash.jsp
#

---------------  S U M M A R Y ------------

Command Line: -XX:+ShowCodeDetailsInExceptionMessages -agentlib:jdwp=transport=dt_socket,suspend=y,address=localhost:49679 -Dcom.sun.management.jmxremote -Dcom.sun.management.jmxremote.port=49678 -Dcom.sun.management.jmxremote.authenticate=false -Dcom.sun.management.jmxremote.ssl=false -Djava.rmi.server.hostname=localhost -Dspring.jmx.enabled=true -Dmanagement.endpoints.jmx.exposure.include=* -Dspring.application.admin.enabled=true -Dspring.output.ansi.enabled=always -XX:TieredStopAtLevel=1 -Dspring.boot.project.name=projectSem4 -javaagent:C:\Java\sts\configuration\org.eclipse.osgi\270\0\.cp\lib\javaagent-shaded.jar -Dfile.encoding=UTF-8 -Dstdout.encoding=UTF-8 -Dstderr.encoding=UTF-8 projectSem4.com.ProjectSem4Application

Host: AMD Ryzen 7 5800H with Radeon Graphics         , 16 cores, 15G,  Windows 11 , 64 bit Build 26100 (10.0.26100.7019)
Time: Wed Nov 19 19:49:58 2025 SE Asia Standard Time elapsed time: 11591.044637 seconds (0d 3h 13m 11s)

---------------  T H R E A D  ---------------

Current thread (0x00000290ed4a15c0):  JavaThread "http-nio-8989-exec-1" daemon [_thread_in_Java, id=2828, stack(0x0000009e86d00000,0x0000009e86e00000) (1024K)]

Stack: [0x0000009e86d00000,0x0000009e86e00000],  sp=0x0000009e86dfad98,  free space=1003k
Native frames: (J=compiled Java code, j=interpreted, Vv=VM code, C=native code)
C  0x00000290d9e10fa4

The last pc belongs to _linkToVirtual (printed below).

siginfo: EXCEPTION_ACCESS_VIOLATION (0xc0000005), reading address 0x000002a967698436


Registers:
RAX=0x00000290d9de958b, RBX=0x000000070c45d120, RCX=0x0000009e86dfadb0, RDX=0x0000000000000004
RSP=0x0000009e86dfad98, RBP=0x0000009e86dfadf8, RSI=0x00000290eb3b1238, RDI=0x00000290ea9ce390
R8 =0x0000000000000004, R9 =0x0000000000000004, R10=0x0000029167698276, R11=0x0000000300000000
R12=0x0000000000000000, R13=0x0000009e86dfad98, R14=0x0000009e86dfae28, R15=0x00000290ed4a15c0
RIP=0x00000290d9e10fa4, EFLAGS=0x0000000000010202


Register to memory mapping:

RAX=0x00000290d9de958b is at code_begin+4363 in an Interpreter codelet
return entry points  [0x00000290d9de8480, 0x00000290d9dea298]  7704 bytes
RBX=0x000000070c45d120 is an oop: org.springframework.validation.support.BindingAwareModelMap 
{0x000000070c45d120} - klass: 'org/springframework/validation/support/BindingAwareModelMap'
 - ---- fields (total size 8 words):
 - transient 'keySet' 'Ljava/util/Set;' @12  null (0x00000000)
 - transient 'values' 'Ljava/util/Collection;' @16  null (0x00000000)
 - transient 'size' 'I' @20  3 (0x00000003)
 - transient 'modCount' 'I' @24  3 (0x00000003)
 - 'threshold' 'I' @28  12 (0x0000000c)
 - final 'loadFactor' 'F' @32  0.750000 (0x3f400000)
 - transient 'table' '[Ljava/util/HashMap$Node;' @36  a 'java/util/HashMap$Node'[16] {0x000000070c461ed0} (0xe188c3da)
 - transient 'entrySet' 'Ljava/util/Set;' @40  null (0x00000000)
 - transient 'putMode' 'I' @44  0 (0x00000000)
 - final 'accessOrder' 'Z' @48  false (0x00)
 - transient 'head' 'Ljava/util/LinkedHashMap$Entry;' @52  a 'java/util/LinkedHashMap$Entry'{0x000000070c45fa40} (0xe188bf48)
 - transient 'tail' 'Ljava/util/LinkedHashMap$Entry;' @56  a 'java/util/LinkedHashMap$Entry'{0x000000070c45f9f0} (0xe188bf3e)
RCX=0x0000009e86dfadb0 is pointing into the stack for thread: 0x00000290ed4a15c0
RDX=0x0000000000000004 is an unknown value
RSP=0x0000009e86dfad98 is pointing into the stack for thread: 0x00000290ed4a15c0
RBP=0x0000009e86dfadf8 is pointing into the stack for thread: 0x00000290ed4a15c0
RSI=0x00000290eb3b1238 points into unknown readable memory: 0x80004661d88e5744 | 44 57 8e d8 61 46 00 80
RDI=0x00000290ea9ce390 points into unknown readable memory: 0x0000002800000080 | 80 00 00 00 28 00 00 00
R8 =0x0000000000000004 is an unknown value
R9 =0x0000000000000004 is an unknown value
R10=0x0000029167698276 is an unknown value
R11=0x0000000300000000 is an unknown value
R12=0x0 is null
R13=0x0000009e86dfad98 is pointing into the stack for thread: 0x00000290ed4a15c0
R14=0x0000009e86dfae28 is pointing into the stack for thread: 0x00000290ed4a15c0
R15=0x00000290ed4a15c0 is a thread

Top of Stack: (sp=0x0000009e86dfad98)
0x0000009e86dfad98:   00000290d9de958b 000000070c45d108
0x0000009e86dfada8:   000000070cbde278 0000009e86dfadb0
0x0000009e86dfadb8:   00000290e7698276 0000000000000006
0x0000009e86dfadc8:   00000290e76983c8 0000009e86dfae98
0x0000009e86dfadd8:   000000070ade0b40 00000290e7698288
0x0000009e86dfade8:   0000009e86dfad98 0000009e86dfae30
0x0000009e86dfadf8:   0000009e86dfae98 00000290d9de958b
0x0000009e86dfae08:   000000070b1e9568 000000070c45d120
0x0000009e86dfae18:   000000070c45d108 000000070cbde278
0x0000009e86dfae28:   000000070b1e9540 0000000712a15648
0x0000009e86dfae38:   0000000712a10ad0 000000070cbde278
0x0000009e86dfae48:   000000070d805ff0 0000009e86dfae50
0x0000009e86dfae58:   00000290f069cb01 000000000000000c
0x0000009e86dfae68:   00000290f0525458 0000000000000000
0x0000009e86dfae78:   000000070b025980 00000290f069cb10
0x0000009e86dfae88:   0000009e86dfae30 0000009e86dfaf00
0x0000009e86dfae98:   0000009e86dfef90 00000290da970132
0x0000009e86dfaea8:   000000070b1e9540 000000070cbde278
0x0000009e86dfaeb8:   000000070b1e9618 000000070c45d108
0x0000009e86dfaec8:   000000070b1e95f0 000000070c45d120
0x0000009e86dfaed8:   000000070b1e95c8 000000070c45d120
0x0000009e86dfaee8:   000000070c45d108 000000070cbde278
0x0000009e86dfaef8:   000000070b1e9598 000000070d805ea0
0x0000009e86dfaf08:   000000070a58f0e8 0000009e86dfef90
0x0000009e86dfaf18:   00000290db088ea4 0000000700000001
0x0000009e86dfaf28:   000000070c284188 000000070b3a5a80
0x0000009e86dfaf38:   000000b500000000 0000009e86dfef90
0x0000009e86dfaf48:   00000290da20a1cc 000000070b9cb518
0x0000009e86dfaf58:   000000070c350200 0000000700000017
0x0000009e86dfaf68:   0000000000000c00 0000000000000000
0x0000009e86dfaf78:   0000000000000000 0000000000000000
0x0000009e86dfaf88:   0000000000000000 0000000000000000 

Instructions: (pc=0x00000290d9e10fa4)
0x00000290d9e10ea4:   90 02 00 00 00 0f e1 d9 90 02 00 00 80 1f e1 d9
0x00000290d9e10eb4:   90 02 00 00 f0 0e e1 d9 90 02 00 00 f0 0e e1 d9
0x00000290d9e10ec4:   90 02 00 00 00 00 00 00 00 00 00 00 10 3f 35 3a
0x00000290d9e10ed4:   fd 7f 00 00 f0 10 00 00 60 00 00 00 ff ff ff ff
0x00000290d9e10ee4:   f0 10 00 00 00 00 00 00 00 00 00 00 00 00 00 00
0x00000290d9e10ef4:   00 00 00 00 00 00 00 00 00 00 00 00 f4 66 66 66
0x00000290d9e10f04:   0f 1f 84 00 00 00 00 00 66 66 0f 1f 84 00 00 00
0x00000290d9e10f14:   00 00 66 66 0f 1f 84 00 00 00 00 00 48 8b 53 08
0x00000290d9e10f24:   0f b7 52 2e 48 8b 0c d4 8b 59 14 48 c1 e3 03 8b
0x00000290d9e10f34:   5b 28 48 c1 e3 03 8b 5b 24 48 c1 e3 03 48 8b 5b
0x00000290d9e10f44:   10 48 85 db 0f 84 10 00 00 00 41 80 bf d8 05 00
0x00000290d9e10f54:   00 00 74 03 ff 63 38 ff 63 50 e9 9d 16 00 00 66
0x00000290d9e10f64:   66 66 0f 1f 84 00 00 00 00 00 66 0f 1f 84 00 00
0x00000290d9e10f74:   00 00 00 66 0f 1f 84 00 00 00 00 00 48 8b 53 08
0x00000290d9e10f84:   0f b7 52 2e 48 8b 0c d4 58 5b 50 44 8b 51 08 49
0x00000290d9e10f94:   bb 00 00 00 80 90 02 00 00 4d 03 d3 4c 8b 5b 10
0x00000290d9e10fa4:   4b 8b 9c da c0 01 00 00 48 85 db 0f 84 10 00 00
0x00000290d9e10fb4:   00 41 80 bf d8 05 00 00 00 74 03 ff 63 38 ff 63
0x00000290d9e10fc4:   50 e9 36 16 00 00 66 66 66 0f 1f 84 00 00 00 00
0x00000290d9e10fd4:   00 66 66 66 0f 1f 84 00 00 00 00 00 58 5b 50 8b
0x00000290d9e10fe4:   5b 24 48 c1 e3 03 48 8b 5b 10 48 85 db 0f 84 10
0x00000290d9e10ff4:   00 00 00 41 80 bf d8 05 00 00 00 74 03 ff 63 38
0x00000290d9e11004:   ff 63 50 e9 f4 15 00 00 66 66 0f 1f 84 00 00 00
0x00000290d9e11014:   00 00 66 66 0f 1f 84 00 00 00 00 00 48 8b 53 08
0x00000290d9e11024:   0f b7 52 2e 48 8b 0c d4 58 5b 50 48 3b 01 8b 5b
0x00000290d9e11034:   24 48 c1 e3 03 48 8b 5b 10 48 85 db 0f 84 10 00
0x00000290d9e11044:   00 00 41 80 bf d8 05 00 00 00 74 03 ff 63 38 ff
0x00000290d9e11054:   63 50 e9 a5 15 00 00 0f 1f 44 00 00 48 8b 53 08
0x00000290d9e11064:   0f b7 52 2e 48 8b 0c d4 58 5b 50 44 8b 51 08 49
0x00000290d9e11074:   bb 00 00 00 80 90 02 00 00 4d 03 d3 8b 43 18 48
0x00000290d9e11084:   c1 e0 03 48 8b 40 10 48 8b 5b 10 45 8b 9a a0 00
0x00000290d9e11094:   00 00 4f 8d 9c da c0 01 00 00 4d 8d 14 da 49 8b 


Stack slot to memory mapping:

stack at sp + 0 slots: 0x00000290d9de958b is at code_begin+4363 in an Interpreter codelet
return entry points  [0x00000290d9de8480, 0x00000290d9dea298]  7704 bytes
stack at sp + 1 slots: 0x000000070c45d108 is an oop: java.lang.String 
{0x000000070c45d108} - klass: 'java/lang/String'
 - string: "ORDERB6EFB38D420943D094F1C7C3EB0996EE"
 - ---- fields (total size 3 words):
 - private 'hash' 'I' @12  0 (0x00000000)
 - private final 'coder' 'B' @16  0 (0x00)
 - private 'hashIsZero' 'Z' @17  false (0x00)
 - injected 'flags' 'B' @18  0 (0x00)
 - private final 'value' '[B' @20  [B{0x000000070c45f9b8} (0xe188bf37)
stack at sp + 2 slots: 0x000000070cbde278 is an oop: projectSem4.com.controller.webController.common.RefundRequestController 
{0x000000070cbde278} - klass: 'projectSem4/com/controller/webController/common/RefundRequestController'
 - ---- fields (total size 3 words):
 - private 'refundService' 'LprojectSem4/com/service/RefundService;' @12  a 'projectSem4/com/service/RefundService$$SpringCGLIB$$0'{0x000000070cb13cb8} (0xe1962797)
 - private 'orderService' 'LprojectSem4/com/service/client/OrderService;' @16  a 'projectSem4/com/service/client/OrderService$$SpringCGLIB$$0'{0x000000070ca15b48} (0xe1942b69)
stack at sp + 3 slots: 0x0000009e86dfadb0 is pointing into the stack for thread: 0x00000290ed4a15c0
stack at sp + 4 slots: 0x00000290e7698276 is pointing into metadata
stack at sp + 5 slots: 0x0000000000000006 is an unknown value
stack at sp + 6 slots: 0x00000290e76983c8 is pointing into metadata
stack at sp + 7 slots: 0x0000009e86dfae98 is pointing into the stack for thread: 0x00000290ed4a15c0

MethodHandle::interpreter_entry::_linkToVirtual [0x00000290d9e10f63, 0x00000290d9e10fca] (103 bytes)
[MachCode]
  0x00000290d9e10f63: 6666 660f | 1f84 0000 | 0000 0066 | 0f1f 8400 | 0000 0000 | 660f 1f84 | 0000 0000 | 0048 8b53 
  0x00000290d9e10f83: 080f b752 | 2e48 8b0c | d458 5b50 | 448b 5108 | 49bb 0000 | 0080 9002 | 0000 4d03 | d34c 8b5b 
  0x00000290d9e10fa3: 104b 8b9c | dac0 0100 | 0048 85db | 0f84 1000 | 0000 4180 | bfd8 0500 | 0000 7403 | ff63 38ff 
  0x00000290d9e10fc3: 6350 e936 | 
[/MachCode]

---------------  P R O C E S S  ---------------

Threads class SMR info:
_java_thread_list=0x00000290ecc0a830, length=47, elements={
0x00000290e4fbb050, 0x00000290e4fbd6c0, 0x00000290e4fbe7a0, 0x00000290e4fbee00,
0x00000290e4fc75a0, 0x00000290e4fcdd50, 0x00000290e4fd39f0, 0x00000290e539ad70,
0x00000290e546eff0, 0x00000290e5490570, 0x00000290e5492b70, 0x00000290ea1b7080,
0x00000290ea38fac0, 0x00000290ea3a7ec0, 0x00000290ea473400, 0x00000290ea94e550,
0x00000290ea9500b0, 0x00000290ea981bd0, 0x00000290ec72db80, 0x00000290eb291fd0,
0x00000290ea4bac00, 0x00000290ea4ba570, 0x00000290ea4b9850, 0x00000290ea4bb290,
0x00000290ea4b7e10, 0x00000290f3aea520, 0x00000290ee564d90, 0x00000290f3aeb8d0,
0x00000290ed4a15c0, 0x00000290ed4a3000, 0x00000290ed4a1c50, 0x00000290ed4a3690,
0x00000290ed4a3d20, 0x00000290ed4a43b0, 0x00000290ed4a22e0, 0x00000290ed4a2970,
0x00000290ed4a0f30, 0x00000290eb1d2b40, 0x00000290eb1d1e20, 0x00000290eb1d24b0,
0x00000290eb1d31d0, 0x00000290ee565420, 0x00000290ee5674f0, 0x00000290eb1d3ef0,
0x00000290ecb88ce0, 0x00000290ecb893b0, 0x00000290ecb8b5c0
}

Java Threads: ( => current thread )
  0x00000290e4fbb050 JavaThread "Reference Handler"          daemon [_thread_blocked, id=15004, stack(0x0000009e83d00000,0x0000009e83e00000) (1024K)]
  0x00000290e4fbd6c0 JavaThread "Finalizer"                  daemon [_thread_blocked, id=18608, stack(0x0000009e83e00000,0x0000009e83f00000) (1024K)]
  0x00000290e4fbe7a0 JavaThread "Signal Dispatcher"          daemon [_thread_blocked, id=15636, stack(0x0000009e83f00000,0x0000009e84000000) (1024K)]
  0x00000290e4fbee00 JavaThread "Attach Listener"            daemon [_thread_blocked, id=21116, stack(0x0000009e84000000,0x0000009e84100000) (1024K)]
  0x00000290e4fc75a0 JavaThread "Service Thread"             daemon [_thread_blocked, id=12984, stack(0x0000009e84100000,0x0000009e84200000) (1024K)]
  0x00000290e4fcdd50 JavaThread "Monitor Deflation Thread"   daemon [_thread_blocked, id=21080, stack(0x0000009e84200000,0x0000009e84300000) (1024K)]
  0x00000290e4fd39f0 JavaThread "C1 CompilerThread0"         daemon [_thread_blocked, id=11940, stack(0x0000009e84300000,0x0000009e84400000) (1024K)]
  0x00000290e539ad70 JavaThread "Common-Cleaner"             daemon [_thread_blocked, id=20868, stack(0x0000009e84400000,0x0000009e84500000) (1024K)]
  0x00000290e546eff0 JavaThread "JDWP Transport Listener: dt_socket" daemon [_thread_blocked, id=15080, stack(0x0000009e84700000,0x0000009e84800000) (1024K)]
  0x00000290e5490570 JavaThread "JDWP Event Helper Thread"   daemon [_thread_blocked, id=3980, stack(0x0000009e84800000,0x0000009e84900000) (1024K)]
  0x00000290e5492b70 JavaThread "JDWP Command Reader"        daemon [_thread_in_native, id=7852, stack(0x0000009e84900000,0x0000009e84a00000) (1024K)]
  0x00000290ea1b7080 JavaThread "Notification Thread"        daemon [_thread_blocked, id=14540, stack(0x0000009e84a00000,0x0000009e84b00000) (1024K)]
  0x00000290ea38fac0 JavaThread "RMI TCP Accept-0"           daemon [_thread_in_native, id=16372, stack(0x0000009e84c00000,0x0000009e84d00000) (1024K)]
  0x00000290ea3a7ec0 JavaThread "RMI TCP Accept-49678"       daemon [_thread_in_native, id=2868, stack(0x0000009e84d00000,0x0000009e84e00000) (1024K)]
  0x00000290ea473400 JavaThread "RMI TCP Accept-0"           daemon [_thread_in_native, id=11240, stack(0x0000009e85800000,0x0000009e85900000) (1024K)]
  0x00000290ea94e550 JavaThread "RMI Scheduler(0)"           daemon [_thread_blocked, id=8944, stack(0x0000009e85e00000,0x0000009e85f00000) (1024K)]
  0x00000290ea9500b0 JavaThread "RMI TCP Connection(idle)"   daemon [_thread_blocked, id=8736, stack(0x0000009e85f00000,0x0000009e86000000) (1024K)]
  0x00000290ea981bd0 JavaThread "JMX server connection timeout 54" daemon [_thread_blocked, id=16048, stack(0x0000009e86000000,0x0000009e86100000) (1024K)]
  0x00000290ec72db80 JavaThread "Live Reload Server"         daemon [_thread_in_native, id=9276, stack(0x0000009e86f00000,0x0000009e87000000) (1024K)]
  0x00000290eb291fd0 JavaThread "DestroyJavaVM"                     [_thread_blocked, id=9052, stack(0x0000009e83500000,0x0000009e83600000) (1024K)]
  0x00000290ea4bac00 JavaThread "Catalina-utility-1"                [_thread_blocked, id=2560, stack(0x0000009e86400000,0x0000009e86500000) (1024K)]
  0x00000290ea4ba570 JavaThread "Catalina-utility-2"                [_thread_blocked, id=17264, stack(0x0000009e86500000,0x0000009e86600000) (1024K)]
  0x00000290ea4b9850 JavaThread "container-0"                       [_thread_blocked, id=14056, stack(0x0000009e86600000,0x0000009e86700000) (1024K)]
  0x00000290ea4bb290 JavaThread "mssql-jdbc-shared-timer-core-10" daemon [_thread_blocked, id=21484, stack(0x0000009e86700000,0x0000009e86800000) (1024K)]
  0x00000290ea4b7e10 JavaThread "HikariPool-11:housekeeper"  daemon [_thread_blocked, id=9472, stack(0x0000009e86800000,0x0000009e86900000) (1024K)]
  0x00000290f3aea520 JavaThread "HttpClient-11-SelectorManager" daemon [_thread_in_native, id=6588, stack(0x0000009e86a00000,0x0000009e86b00000) (1024K)]
  0x00000290ee564d90 JavaThread "spring-session-1"                  [_thread_blocked, id=11008, stack(0x0000009e86b00000,0x0000009e86c00000) (1024K)]
  0x00000290f3aeb8d0 JavaThread "File Watcher"               daemon [_thread_in_native, id=9964, stack(0x0000009e86c00000,0x0000009e86d00000) (1024K)]
=>0x00000290ed4a15c0 JavaThread "http-nio-8989-exec-1"       daemon [_thread_in_Java, id=2828, stack(0x0000009e86d00000,0x0000009e86e00000) (1024K)]
  0x00000290ed4a3000 JavaThread "http-nio-8989-exec-2"       daemon [_thread_blocked, id=1972, stack(0x0000009e86e00000,0x0000009e86f00000) (1024K)]
  0x00000290ed4a1c50 JavaThread "http-nio-8989-exec-3"       daemon [_thread_blocked, id=17488, stack(0x0000009e87000000,0x0000009e87100000) (1024K)]
  0x00000290ed4a3690 JavaThread "http-nio-8989-exec-4"       daemon [_thread_blocked, id=9508, stack(0x0000009e87100000,0x0000009e87200000) (1024K)]
  0x00000290ed4a3d20 JavaThread "http-nio-8989-exec-5"       daemon [_thread_blocked, id=10540, stack(0x0000009e87200000,0x0000009e87300000) (1024K)]
  0x00000290ed4a43b0 JavaThread "http-nio-8989-exec-6"       daemon [_thread_blocked, id=20320, stack(0x0000009e87300000,0x0000009e87400000) (1024K)]
  0x00000290ed4a22e0 JavaThread "http-nio-8989-exec-7"       daemon [_thread_in_Java, id=17736, stack(0x0000009e87400000,0x0000009e87500000) (1024K)]
  0x00000290ed4a2970 JavaThread "http-nio-8989-exec-8"       daemon [_thread_blocked, id=17216, stack(0x0000009e87500000,0x0000009e87600000) (1024K)]
  0x00000290ed4a0f30 JavaThread "http-nio-8989-exec-9"       daemon [_thread_blocked, id=20288, stack(0x0000009e87600000,0x0000009e87700000) (1024K)]
  0x00000290eb1d2b40 JavaThread "http-nio-8989-exec-10"      daemon [_thread_blocked, id=8180, stack(0x0000009e87700000,0x0000009e87800000) (1024K)]
  0x00000290eb1d1e20 JavaThread "http-nio-8989-Poller"       daemon [_thread_in_native, id=12796, stack(0x0000009e87800000,0x0000009e87900000) (1024K)]
  0x00000290eb1d24b0 JavaThread "http-nio-8989-Acceptor"     daemon [_thread_in_native, id=3472, stack(0x0000009e87900000,0x0000009e87a00000) (1024K)]
  0x00000290eb1d31d0 JavaThread "scheduling-1"                      [_thread_blocked, id=11504, stack(0x0000009e87a00000,0x0000009e87b00000) (1024K)]
  0x00000290ee565420 JavaThread "HttpClient-11-Worker-0"     daemon [_thread_blocked, id=18016, stack(0x0000009e84b00000,0x0000009e84c00000) (1024K)]
  0x00000290ee5674f0 JavaThread "HttpClient-11-Worker-1"     daemon [_thread_blocked, id=20428, stack(0x0000009e85d00000,0x0000009e85e00000) (1024K)]
  0x00000290eb1d3ef0 JavaThread "ForkJoinPool.commonPool-worker-19" daemon [_thread_blocked, id=14376, stack(0x0000009e87b00000,0x0000009e87c00000) (1024K)]
  0x00000290ecb88ce0 JavaThread "C1 CompilerThread1"         daemon [_thread_blocked, id=7292, stack(0x0000009e83200000,0x0000009e83300000) (1024K)]
  0x00000290ecb893b0 JavaThread "C1 CompilerThread2"         daemon [_thread_blocked, id=16588, stack(0x0000009e83300000,0x0000009e83400000) (1024K)]
  0x00000290ecb8b5c0 JavaThread "C1 CompilerThread3"         daemon [_thread_blocked, id=15532, stack(0x0000009e83400000,0x0000009e83500000) (1024K)]
Total: 47

Other Threads:
  0x00000290e4f9d2c0 VMThread "VM Thread"                           [id=17140, stack(0x0000009e83c00000,0x0000009e83d00000) (1024K)]
  0x00000290e4f8a5c0 WatcherThread "VM Periodic Task Thread"        [id=12084, stack(0x0000009e83b00000,0x0000009e83c00000) (1024K)]
  0x00000290d19ce7f0 WorkerThread "GC Thread#0"                     [id=11056, stack(0x0000009e83600000,0x0000009e83700000) (1024K)]
  0x00000290ea432a20 WorkerThread "GC Thread#1"                     [id=3920, stack(0x0000009e84e00000,0x0000009e84f00000) (1024K)]
  0x00000290ea4397b0 WorkerThread "GC Thread#2"                     [id=8480, stack(0x0000009e84f00000,0x0000009e85000000) (1024K)]
  0x00000290ea439b50 WorkerThread "GC Thread#3"                     [id=17056, stack(0x0000009e85000000,0x0000009e85100000) (1024K)]
  0x00000290ea439ef0 WorkerThread "GC Thread#4"                     [id=3560, stack(0x0000009e85100000,0x0000009e85200000) (1024K)]
  0x00000290ea459a70 WorkerThread "GC Thread#5"                     [id=16016, stack(0x0000009e85200000,0x0000009e85300000) (1024K)]
  0x00000290ea45a430 WorkerThread "GC Thread#6"                     [id=15308, stack(0x0000009e85300000,0x0000009e85400000) (1024K)]
  0x00000290ea45a7d0 WorkerThread "GC Thread#7"                     [id=14708, stack(0x0000009e85400000,0x0000009e85500000) (1024K)]
  0x00000290ea45ab70 WorkerThread "GC Thread#8"                     [id=20188, stack(0x0000009e85500000,0x0000009e85600000) (1024K)]
  0x00000290ea45ff40 WorkerThread "GC Thread#9"                     [id=10268, stack(0x0000009e85600000,0x0000009e85700000) (1024K)]
  0x00000290ea461500 WorkerThread "GC Thread#10"                    [id=16876, stack(0x0000009e85700000,0x0000009e85800000) (1024K)]
  0x00000290ea460680 WorkerThread "GC Thread#11"                    [id=6112, stack(0x0000009e85b00000,0x0000009e85c00000) (1024K)]
  0x00000290ea461160 WorkerThread "GC Thread#12"                    [id=8732, stack(0x0000009e85c00000,0x0000009e85d00000) (1024K)]
  0x00000290cf79dd80 ConcurrentGCThread "G1 Main Marker"            [id=15564, stack(0x0000009e83700000,0x0000009e83800000) (1024K)]
  0x00000290d19dd650 WorkerThread "G1 Conc#0"                       [id=17520, stack(0x0000009e83800000,0x0000009e83900000) (1024K)]
  0x00000290eadb1a50 WorkerThread "G1 Conc#1"                       [id=9396, stack(0x0000009e86200000,0x0000009e86300000) (1024K)]
  0x00000290eadb0830 WorkerThread "G1 Conc#2"                       [id=1572, stack(0x0000009e86300000,0x0000009e86400000) (1024K)]
  0x00000290e4e5c9a0 ConcurrentGCThread "G1 Refine#0"               [id=17840, stack(0x0000009e83900000,0x0000009e83a00000) (1024K)]
  0x00000290e4e62e00 ConcurrentGCThread "G1 Service"                [id=13364, stack(0x0000009e83a00000,0x0000009e83b00000) (1024K)]
Total: 21

Threads with active compile tasks:
Total: 0

VM state: not at safepoint (normal execution)

VM Mutex/Monitor currently owned by a thread: None

Heap address: 0x0000000709800000, size: 3944 MB, Compressed Oops mode: Zero based, Oop shift amount: 3

CDS archive(s) mapped at: [0x0000029080000000-0x0000029080c90000-0x0000029080c90000), size 13172736, SharedBaseAddress: 0x0000029080000000, ArchiveRelocationMode: 1.
Compressed class space mapped at: 0x0000029081000000-0x00000290c1000000, reserved size: 1073741824
Narrow klass base: 0x0000029080000000, Narrow klass shift: 0, Narrow klass range: 0x100000000

GC Precious Log:
 CardTable entry size: 512
 Card Set container configuration: InlinePtr #cards 4 size 8 Array Of Cards #cards 16 size 48 Howl #buckets 8 coarsen threshold 3686 Howl Bitmap #cards 512 size 80 coarsen threshold 460 Card regions per heap region 1 cards per card region 4096
 CPUs: 16 total, 16 available
 Memory: 15775M
 Large Page Support: Disabled
 NUMA Support: Disabled
 Compressed Oops: Enabled (Zero based)
 Heap Region Size: 2M
 Heap Min Capacity: 8M
 Heap Initial Capacity: 248M
 Heap Max Capacity: 3944M
 Pre-touch: Disabled
 Parallel Workers: 13
 Concurrent Workers: 3
 Concurrent Refinement Workers: 13
 Periodic GC: Disabled

Heap:
 garbage-first heap   total 165888K, used 130259K [0x0000000709800000, 0x0000000800000000)
  region size 2048K, 42 young (86016K), 1 survivors (2048K)
 Metaspace       used 103406K, committed 105536K, reserved 1179648K
  class space    used 11746K, committed 12736K, reserved 1048576K

Heap Regions: E=young(eden), S=young(survivor), O=old, HS=humongous(starts), HC=humongous(continues), CS=collection set, F=free, TAMS=top-at-mark-start, PB=parsable bottom
|   0|0x0000000709800000, 0x00000007099fffe8, 0x0000000709a00000| 99%| O|  |TAMS 0x0000000709800000| PB 0x0000000709800000| Untracked 
|   1|0x0000000709a00000, 0x0000000709c00000, 0x0000000709c00000|100%| O|  |TAMS 0x0000000709a00000| PB 0x0000000709a00000| Untracked 
|   2|0x0000000709c00000, 0x0000000709dfffb8, 0x0000000709e00000| 99%| O|  |TAMS 0x0000000709c00000| PB 0x0000000709c00000| Untracked 
|   3|0x0000000709e00000, 0x0000000709ffffd0, 0x000000070a000000| 99%| O|  |TAMS 0x0000000709e00000| PB 0x0000000709e00000| Untracked 
|   4|0x000000070a000000, 0x000000070a1fffd8, 0x000000070a200000| 99%| O|  |TAMS 0x000000070a000000| PB 0x000000070a000000| Untracked 
|   5|0x000000070a200000, 0x000000070a3ffff8, 0x000000070a400000| 99%| O|  |TAMS 0x000000070a200000| PB 0x000000070a200000| Untracked 
|   6|0x000000070a400000, 0x000000070a5ffff8, 0x000000070a600000| 99%| O|  |TAMS 0x000000070a400000| PB 0x000000070a400000| Untracked 
|   7|0x000000070a600000, 0x000000070a7ffff8, 0x000000070a800000| 99%| O|  |TAMS 0x000000070a600000| PB 0x000000070a600000| Untracked 
|   8|0x000000070a800000, 0x000000070a9ffff0, 0x000000070aa00000| 99%| O|  |TAMS 0x000000070a800000| PB 0x000000070a800000| Untracked 
|   9|0x000000070aa00000, 0x000000070abfffd0, 0x000000070ac00000| 99%| O|  |TAMS 0x000000070aa00000| PB 0x000000070aa00000| Untracked 
|  10|0x000000070ac00000, 0x000000070adffff0, 0x000000070ae00000| 99%| O|  |TAMS 0x000000070ac00000| PB 0x000000070ac00000| Untracked 
|  11|0x000000070ae00000, 0x000000070b000000, 0x000000070b000000|100%| O|  |TAMS 0x000000070ae00000| PB 0x000000070ae00000| Untracked 
|  12|0x000000070b000000, 0x000000070b200000, 0x000000070b200000|100%| O|  |TAMS 0x000000070b000000| PB 0x000000070b000000| Untracked 
|  13|0x000000070b200000, 0x000000070b400000, 0x000000070b400000|100%| O|  |TAMS 0x000000070b200000| PB 0x000000070b200000| Untracked 
|  14|0x000000070b400000, 0x000000070b5ffe50, 0x000000070b600000| 99%| O|  |TAMS 0x000000070b400000| PB 0x000000070b400000| Untracked 
|  15|0x000000070b600000, 0x000000070b7fffd8, 0x000000070b800000| 99%| O|  |TAMS 0x000000070b600000| PB 0x000000070b600000| Untracked 
|  16|0x000000070b800000, 0x000000070ba00000, 0x000000070ba00000|100%| O|  |TAMS 0x000000070b800000| PB 0x000000070b800000| Untracked 
|  17|0x000000070ba00000, 0x000000070bc00000, 0x000000070bc00000|100%| O|  |TAMS 0x000000070ba00000| PB 0x000000070ba00000| Untracked 
|  18|0x000000070bc00000, 0x000000070be00000, 0x000000070be00000|100%| O|  |TAMS 0x000000070bc00000| PB 0x000000070bc00000| Untracked 
|  19|0x000000070be00000, 0x000000070c000000, 0x000000070c000000|100%| O|  |TAMS 0x000000070be00000| PB 0x000000070be00000| Untracked 
|  20|0x000000070c000000, 0x000000070c200000, 0x000000070c200000|100%| O|  |TAMS 0x000000070c000000| PB 0x000000070c000000| Untracked 
|  21|0x000000070c200000, 0x000000070c400000, 0x000000070c400000|100%| O|  |TAMS 0x000000070c200000| PB 0x000000070c200000| Untracked 
|  22|0x000000070c400000, 0x000000070c477688, 0x000000070c600000| 23%| O|  |TAMS 0x000000070c400000| PB 0x000000070c400000| Untracked 
|  23|0x000000070c600000, 0x000000070c600000, 0x000000070c800000|  0%| F|  |TAMS 0x000000070c600000| PB 0x000000070c600000| Untracked 
|  24|0x000000070c800000, 0x000000070ca00000, 0x000000070ca00000|100%| O|  |TAMS 0x000000070c800000| PB 0x000000070c800000| Untracked 
|  25|0x000000070ca00000, 0x000000070cc00000, 0x000000070cc00000|100%| O|  |TAMS 0x000000070ca00000| PB 0x000000070ca00000| Untracked 
|  26|0x000000070cc00000, 0x000000070cc00000, 0x000000070ce00000|  0%| F|  |TAMS 0x000000070cc00000| PB 0x000000070cc00000| Untracked 
|  27|0x000000070ce00000, 0x000000070ce00000, 0x000000070d000000|  0%| F|  |TAMS 0x000000070ce00000| PB 0x000000070ce00000| Untracked 
|  28|0x000000070d000000, 0x000000070d000000, 0x000000070d200000|  0%| F|  |TAMS 0x000000070d000000| PB 0x000000070d000000| Untracked 
|  29|0x000000070d200000, 0x000000070d200000, 0x000000070d400000|  0%| F|  |TAMS 0x000000070d200000| PB 0x000000070d200000| Untracked 
|  30|0x000000070d400000, 0x000000070d400000, 0x000000070d600000|  0%| F|  |TAMS 0x000000070d400000| PB 0x000000070d400000| Untracked 
|  31|0x000000070d600000, 0x000000070d600000, 0x000000070d800000|  0%| F|  |TAMS 0x000000070d600000| PB 0x000000070d600000| Untracked 
|  32|0x000000070d800000, 0x000000070d800000, 0x000000070da00000|  0%| F|  |TAMS 0x000000070d800000| PB 0x000000070d800000| Untracked 
|  33|0x000000070da00000, 0x000000070dabda40, 0x000000070dc00000| 37%| S|CS|TAMS 0x000000070da00000| PB 0x000000070da00000| Complete 
|  34|0x000000070dc00000, 0x000000070dc00000, 0x000000070de00000|  0%| F|  |TAMS 0x000000070dc00000| PB 0x000000070dc00000| Untracked 
|  35|0x000000070de00000, 0x000000070de00000, 0x000000070e000000|  0%| F|  |TAMS 0x000000070de00000| PB 0x000000070de00000| Untracked 
|  36|0x000000070e000000, 0x000000070e000000, 0x000000070e200000|  0%| F|  |TAMS 0x000000070e000000| PB 0x000000070e000000| Untracked 
|  37|0x000000070e200000, 0x000000070e200000, 0x000000070e400000|  0%| F|  |TAMS 0x000000070e200000| PB 0x000000070e200000| Untracked 
|  38|0x000000070e400000, 0x000000070e400000, 0x000000070e600000|  0%| F|  |TAMS 0x000000070e400000| PB 0x000000070e400000| Untracked 
|  39|0x000000070e600000, 0x000000070e600000, 0x000000070e800000|  0%| F|  |TAMS 0x000000070e600000| PB 0x000000070e600000| Untracked 
|  40|0x000000070e800000, 0x000000070e91a860, 0x000000070ea00000| 55%| E|  |TAMS 0x000000070e800000| PB 0x000000070e800000| Complete 
|  41|0x000000070ea00000, 0x000000070ec00000, 0x000000070ec00000|100%| E|CS|TAMS 0x000000070ea00000| PB 0x000000070ea00000| Complete 
|  42|0x000000070ec00000, 0x000000070ee00000, 0x000000070ee00000|100%| E|CS|TAMS 0x000000070ec00000| PB 0x000000070ec00000| Complete 
|  43|0x000000070ee00000, 0x000000070f000000, 0x000000070f000000|100%| E|CS|TAMS 0x000000070ee00000| PB 0x000000070ee00000| Complete 
|  44|0x000000070f000000, 0x000000070f200000, 0x000000070f200000|100%| E|CS|TAMS 0x000000070f000000| PB 0x000000070f000000| Complete 
|  45|0x000000070f200000, 0x000000070f400000, 0x000000070f400000|100%| E|CS|TAMS 0x000000070f200000| PB 0x000000070f200000| Complete 
|  46|0x000000070f400000, 0x000000070f600000, 0x000000070f600000|100%| E|CS|TAMS 0x000000070f400000| PB 0x000000070f400000| Complete 
|  47|0x000000070f600000, 0x000000070f800000, 0x000000070f800000|100%| E|CS|TAMS 0x000000070f600000| PB 0x000000070f600000| Complete 
|  48|0x000000070f800000, 0x000000070fa00000, 0x000000070fa00000|100%| E|CS|TAMS 0x000000070f800000| PB 0x000000070f800000| Complete 
|  49|0x000000070fa00000, 0x000000070fc00000, 0x000000070fc00000|100%| E|CS|TAMS 0x000000070fa00000| PB 0x000000070fa00000| Complete 
|  50|0x000000070fc00000, 0x000000070fe00000, 0x000000070fe00000|100%| E|CS|TAMS 0x000000070fc00000| PB 0x000000070fc00000| Complete 
|  51|0x000000070fe00000, 0x0000000710000000, 0x0000000710000000|100%| E|CS|TAMS 0x000000070fe00000| PB 0x000000070fe00000| Complete 
|  52|0x0000000710000000, 0x0000000710200000, 0x0000000710200000|100%| E|  |TAMS 0x0000000710000000| PB 0x0000000710000000| Complete 
|  53|0x0000000710200000, 0x0000000710400000, 0x0000000710400000|100%| E|CS|TAMS 0x0000000710200000| PB 0x0000000710200000| Complete 
|  54|0x0000000710400000, 0x0000000710600000, 0x0000000710600000|100%| E|CS|TAMS 0x0000000710400000| PB 0x0000000710400000| Complete 
|  55|0x0000000710600000, 0x0000000710800000, 0x0000000710800000|100%| E|CS|TAMS 0x0000000710600000| PB 0x0000000710600000| Complete 
|  56|0x0000000710800000, 0x0000000710a00000, 0x0000000710a00000|100%| E|CS|TAMS 0x0000000710800000| PB 0x0000000710800000| Complete 
|  57|0x0000000710a00000, 0x0000000710c00000, 0x0000000710c00000|100%| E|CS|TAMS 0x0000000710a00000| PB 0x0000000710a00000| Complete 
|  58|0x0000000710c00000, 0x0000000710e00000, 0x0000000710e00000|100%| E|CS|TAMS 0x0000000710c00000| PB 0x0000000710c00000| Complete 
|  59|0x0000000710e00000, 0x0000000711000000, 0x0000000711000000|100%| E|CS|TAMS 0x0000000710e00000| PB 0x0000000710e00000| Complete 
|  60|0x0000000711000000, 0x0000000711200000, 0x0000000711200000|100%| E|CS|TAMS 0x0000000711000000| PB 0x0000000711000000| Complete 
|  61|0x0000000711200000, 0x0000000711400000, 0x0000000711400000|100%| E|CS|TAMS 0x0000000711200000| PB 0x0000000711200000| Complete 
|  62|0x0000000711400000, 0x0000000711600000, 0x0000000711600000|100%| E|CS|TAMS 0x0000000711400000| PB 0x0000000711400000| Complete 
|  63|0x0000000711600000, 0x0000000711800000, 0x0000000711800000|100%| E|CS|TAMS 0x0000000711600000| PB 0x0000000711600000| Complete 
|  64|0x0000000711800000, 0x0000000711a00000, 0x0000000711a00000|100%| E|CS|TAMS 0x0000000711800000| PB 0x0000000711800000| Complete 
|  65|0x0000000711a00000, 0x0000000711c00000, 0x0000000711c00000|100%| E|CS|TAMS 0x0000000711a00000| PB 0x0000000711a00000| Complete 
|  66|0x0000000711c00000, 0x0000000711e00000, 0x0000000711e00000|100%| E|CS|TAMS 0x0000000711c00000| PB 0x0000000711c00000| Complete 
|  67|0x0000000711e00000, 0x0000000712000000, 0x0000000712000000|100%| E|CS|TAMS 0x0000000711e00000| PB 0x0000000711e00000| Complete 
|  68|0x0000000712000000, 0x0000000712200000, 0x0000000712200000|100%| E|CS|TAMS 0x0000000712000000| PB 0x0000000712000000| Complete 
|  69|0x0000000712200000, 0x0000000712400000, 0x0000000712400000|100%| E|CS|TAMS 0x0000000712200000| PB 0x0000000712200000| Complete 
|  70|0x0000000712400000, 0x0000000712600000, 0x0000000712600000|100%| E|CS|TAMS 0x0000000712400000| PB 0x0000000712400000| Complete 
|  71|0x0000000712600000, 0x0000000712800000, 0x0000000712800000|100%| E|CS|TAMS 0x0000000712600000| PB 0x0000000712600000| Complete 
|  72|0x0000000712800000, 0x0000000712a00000, 0x0000000712a00000|100%| E|CS|TAMS 0x0000000712800000| PB 0x0000000712800000| Complete 
|  73|0x0000000712a00000, 0x0000000712c00000, 0x0000000712c00000|100%| E|CS|TAMS 0x0000000712a00000| PB 0x0000000712a00000| Complete 
|  74|0x0000000712c00000, 0x0000000712e00000, 0x0000000712e00000|100%| E|CS|TAMS 0x0000000712c00000| PB 0x0000000712c00000| Complete 
|  75|0x0000000712e00000, 0x0000000713000000, 0x0000000713000000|100%| E|CS|TAMS 0x0000000712e00000| PB 0x0000000712e00000| Complete 
|  76|0x0000000713000000, 0x0000000713200000, 0x0000000713200000|100%| E|CS|TAMS 0x0000000713000000| PB 0x0000000713000000| Complete 
|  77|0x0000000713200000, 0x0000000713400000, 0x0000000713400000|100%| E|CS|TAMS 0x0000000713200000| PB 0x0000000713200000| Complete 
|  78|0x0000000713400000, 0x0000000713600000, 0x0000000713600000|100%| E|CS|TAMS 0x0000000713400000| PB 0x0000000713400000| Complete 
|  79|0x0000000713600000, 0x0000000713800000, 0x0000000713800000|100%| E|CS|TAMS 0x0000000713600000| PB 0x0000000713600000| Complete 
|  80|0x0000000713800000, 0x0000000713a00000, 0x0000000713a00000|100%| E|CS|TAMS 0x0000000713800000| PB 0x0000000713800000| Complete 

Card table byte_map: [0x00000290ddc10000,0x00000290de3d0000] _byte_map_base: 0x00000290da3c4000

Marking Bits: (CMBitMap*) 0x00000290d19cee00
 Bits: [0x00000290de3d0000, 0x00000290e2170000)

Polling page: 0x00000290cf670000

Metaspace:

Usage:
  Non-class:     89.51 MB used.
      Class:     11.47 MB used.
       Both:    100.98 MB used.

Virtual space:
  Non-class space:      128.00 MB reserved,      90.62 MB ( 71%) committed,  2 nodes.
      Class space:        1.00 GB reserved,      12.44 MB (  1%) committed,  1 nodes.
             Both:        1.12 GB reserved,     103.06 MB (  9%) committed. 

Chunk freelists:
   Non-Class:  4.62 MB
       Class:  3.57 MB
        Both:  8.19 MB

MaxMetaspaceSize: unlimited
CompressedClassSpaceSize: 1.00 GB
Initial GC threshold: 21.00 MB
Current GC threshold: 171.81 MB
CDS: on
 - commit_granule_bytes: 65536.
 - commit_granule_words: 8192.
 - virtual_space_node_default_size: 8388608.
 - enlarge_chunks_in_place: 1.
 - use_allocation_guard: 0.


Internal statistics:

num_allocs_failed_limit: 6.
num_arena_births: 13666.
num_arena_deaths: 10496.
num_vsnodes_births: 3.
num_vsnodes_deaths: 0.
num_space_committed: 1672.
num_space_uncommitted: 17.
num_chunks_returned_to_freelist: 14422.
num_chunks_taken_from_freelist: 24621.
num_chunk_merges: 3229.
num_chunk_splits: 10482.
num_chunks_enlarged: 5230.
num_inconsistent_stats: 0.

CodeCache: size=49152Kb used=17286Kb max_used=31781Kb free=31865Kb
 bounds [0x00000290d9de0000, 0x00000290dbf70000, 0x00000290dcde0000]
 total_blobs=5961 nmethods=5035 adapters=844
 compilation: enabled
              stopped_count=0, restarted_count=0
 full_count=0

Compilation events (20 events):
Event: 11590.928 Thread 0x00000290e4fd39f0 nmethod 114220 0x00000290da0fb010 code [0x00000290da0fb1c0, 0x00000290da0fb3c8]
Event: 11590.928 Thread 0x00000290e4fd39f0 114221       1       org.eclipse.jdt.launching.internal.org.objectweb.asm.SymbolTable::addConstantMemberReference (29 bytes)
Event: 11590.928 Thread 0x00000290ecb88ce0 114222       1       org.eclipse.jdt.launching.internal.org.objectweb.asm.SymbolTable::hash (20 bytes)
Event: 11590.928 Thread 0x00000290ecb8b5c0 114223       1       org.eclipse.jdt.launching.internal.org.objectweb.asm.SymbolTable$Entry::<init> (20 bytes)
Event: 11590.928 Thread 0x00000290ecb88ce0 nmethod 114222 0x00000290da103c90 code [0x00000290da103e40, 0x00000290da103f80]
Event: 11590.928 Thread 0x00000290ecb8b5c0 nmethod 114223 0x00000290da0c2390 code [0x00000290da0c2520, 0x00000290da0c2668]
Event: 11590.928 Thread 0x00000290ecb88ce0 114224       1       org.eclipse.jdt.launching.internal.org.objectweb.asm.SymbolTable::getSource (5 bytes)
Event: 11590.928 Thread 0x00000290e4fd39f0 nmethod 114221 0x00000290d9f04d90 code [0x00000290d9f04f60, 0x00000290d9f05220]
Event: 11590.928 Thread 0x00000290ecb893b0 nmethod 114214 0x00000290da475710 code [0x00000290da475b20, 0x00000290da4775e8]
Event: 11590.928 Thread 0x00000290ecb88ce0 nmethod 114224 0x00000290da09e710 code [0x00000290da09e8a0, 0x00000290da09e970]
Event: 11590.929 Thread 0x00000290ecb88ce0 114225       1       org.eclipse.jdt.launching.internal.org.objectweb.asm.ClassWriter::toByteArray (1535 bytes)
Event: 11590.929 Thread 0x00000290ecb893b0 114226       1       org.eclipse.jdt.launching.internal.org.objectweb.asm.SymbolTable::getMajorVersion (5 bytes)
Event: 11590.929 Thread 0x00000290ecb893b0 nmethod 114226 0x00000290da0b5790 code [0x00000290da0b5920, 0x00000290da0b59e8]
Event: 11590.929 Thread 0x00000290ecb893b0 114227       1       java.net.URL::getQuery (5 bytes)
Event: 11590.929 Thread 0x00000290ecb893b0 nmethod 114227 0x00000290da0ce810 code [0x00000290da0ce9a0, 0x00000290da0cea70]
Event: 11590.929 Thread 0x00000290ecb893b0 114228       1       java.net.URL::getAuthority (5 bytes)
Event: 11590.929 Thread 0x00000290ecb893b0 nmethod 114228 0x00000290da0cf410 code [0x00000290da0cf5a0, 0x00000290da0cf670]
Event: 11590.929 Thread 0x00000290e4fd39f0 114229       1       org.eclipse.jdt.launching.internal.org.objectweb.asm.ByteVector::<init> (13 bytes)
Event: 11590.929 Thread 0x00000290e4fd39f0 nmethod 114229 0x00000290da0d8990 code [0x00000290da0d8b20, 0x00000290da0d8cd8]
Event: 11590.955 Thread 0x00000290ecb88ce0 


GC Heap History (20 events):
Event: 11586.695 GC heap before
{Heap before GC invocations=6796 (full 10):
 garbage-first heap   total 165888K, used 146063K [0x0000000709800000, 0x0000000800000000)
  region size 2048K, 48 young (98304K), 1 survivors (2048K)
 Metaspace       used 103388K, committed 105536K, reserved 1179648K
  class space    used 11746K, committed 12736K, reserved 1048576K
}
Event: 11586.696 GC heap after
{Heap after GC invocations=6797 (full 10):
 garbage-first heap   total 165888K, used 50107K [0x0000000709800000, 0x0000000800000000)
  region size 2048K, 1 young (2048K), 1 survivors (2048K)
 Metaspace       used 103388K, committed 105536K, reserved 1179648K
  class space    used 11746K, committed 12736K, reserved 1048576K
}
Event: 11587.135 GC heap before
{Heap before GC invocations=6797 (full 10):
 garbage-first heap   total 165888K, used 146363K [0x0000000709800000, 0x0000000800000000)
  region size 2048K, 48 young (98304K), 1 survivors (2048K)
 Metaspace       used 103388K, committed 105536K, reserved 1179648K
  class space    used 11746K, committed 12736K, reserved 1048576K
}
Event: 11587.135 GC heap after
{Heap after GC invocations=6798 (full 10):
 garbage-first heap   total 165888K, used 49777K [0x0000000709800000, 0x0000000800000000)
  region size 2048K, 1 young (2048K), 1 survivors (2048K)
 Metaspace       used 103388K, committed 105536K, reserved 1179648K
  class space    used 11746K, committed 12736K, reserved 1048576K
}
Event: 11587.570 GC heap before
{Heap before GC invocations=6798 (full 10):
 garbage-first heap   total 165888K, used 146033K [0x0000000709800000, 0x0000000800000000)
  region size 2048K, 48 young (98304K), 1 survivors (2048K)
 Metaspace       used 103388K, committed 105536K, reserved 1179648K
  class space    used 11746K, committed 12736K, reserved 1048576K
}
Event: 11587.571 GC heap after
{Heap after GC invocations=6799 (full 10):
 garbage-first heap   total 165888K, used 49891K [0x0000000709800000, 0x0000000800000000)
  region size 2048K, 1 young (2048K), 1 survivors (2048K)
 Metaspace       used 103388K, committed 105536K, reserved 1179648K
  class space    used 11746K, committed 12736K, reserved 1048576K
}
Event: 11588.006 GC heap before
{Heap before GC invocations=6799 (full 10):
 garbage-first heap   total 165888K, used 146147K [0x0000000709800000, 0x0000000800000000)
  region size 2048K, 48 young (98304K), 1 survivors (2048K)
 Metaspace       used 103388K, committed 105536K, reserved 1179648K
  class space    used 11746K, committed 12736K, reserved 1048576K
}
Event: 11588.007 GC heap after
{Heap after GC invocations=6800 (full 10):
 garbage-first heap   total 165888K, used 50107K [0x0000000709800000, 0x0000000800000000)
  region size 2048K, 1 young (2048K), 1 survivors (2048K)
 Metaspace       used 103388K, committed 105536K, reserved 1179648K
  class space    used 11746K, committed 12736K, reserved 1048576K
}
Event: 11588.440 GC heap before
{Heap before GC invocations=6800 (full 10):
 garbage-first heap   total 165888K, used 146363K [0x0000000709800000, 0x0000000800000000)
  region size 2048K, 48 young (98304K), 1 survivors (2048K)
 Metaspace       used 103388K, committed 105536K, reserved 1179648K
  class space    used 11746K, committed 12736K, reserved 1048576K
}
Event: 11588.441 GC heap after
{Heap after GC invocations=6801 (full 10):
 garbage-first heap   total 165888K, used 49752K [0x0000000709800000, 0x0000000800000000)
  region size 2048K, 1 young (2048K), 1 survivors (2048K)
 Metaspace       used 103388K, committed 105536K, reserved 1179648K
  class space    used 11746K, committed 12736K, reserved 1048576K
}
Event: 11588.871 GC heap before
{Heap before GC invocations=6801 (full 10):
 garbage-first heap   total 165888K, used 146008K [0x0000000709800000, 0x0000000800000000)
  region size 2048K, 48 young (98304K), 1 survivors (2048K)
 Metaspace       used 103388K, committed 105536K, reserved 1179648K
  class space    used 11746K, committed 12736K, reserved 1048576K
}
Event: 11588.872 GC heap after
{Heap after GC invocations=6802 (full 10):
 garbage-first heap   total 165888K, used 50685K [0x0000000709800000, 0x0000000800000000)
  region size 2048K, 1 young (2048K), 1 survivors (2048K)
 Metaspace       used 103388K, committed 105536K, reserved 1179648K
  class space    used 11746K, committed 12736K, reserved 1048576K
}
Event: 11589.307 GC heap before
{Heap before GC invocations=6802 (full 10):
 garbage-first heap   total 165888K, used 146941K [0x0000000709800000, 0x0000000800000000)
  region size 2048K, 48 young (98304K), 1 survivors (2048K)
 Metaspace       used 103388K, committed 105536K, reserved 1179648K
  class space    used 11746K, committed 12736K, reserved 1048576K
}
Event: 11589.308 GC heap after
{Heap after GC invocations=6803 (full 10):
 garbage-first heap   total 165888K, used 50337K [0x0000000709800000, 0x0000000800000000)
  region size 2048K, 1 young (2048K), 1 survivors (2048K)
 Metaspace       used 103388K, committed 105536K, reserved 1179648K
  class space    used 11746K, committed 12736K, reserved 1048576K
}
Event: 11589.742 GC heap before
{Heap before GC invocations=6803 (full 10):
 garbage-first heap   total 165888K, used 146593K [0x0000000709800000, 0x0000000800000000)
  region size 2048K, 48 young (98304K), 1 survivors (2048K)
 Metaspace       used 103388K, committed 105536K, reserved 1179648K
  class space    used 11746K, committed 12736K, reserved 1048576K
}
Event: 11589.742 GC heap after
{Heap after GC invocations=6804 (full 10):
 garbage-first heap   total 165888K, used 50377K [0x0000000709800000, 0x0000000800000000)
  region size 2048K, 1 young (2048K), 1 survivors (2048K)
 Metaspace       used 103388K, committed 105536K, reserved 1179648K
  class space    used 11746K, committed 12736K, reserved 1048576K
}
Event: 11590.198 GC heap before
{Heap before GC invocations=6804 (full 10):
 garbage-first heap   total 165888K, used 144585K [0x0000000709800000, 0x0000000800000000)
  region size 2048K, 48 young (98304K), 1 survivors (2048K)
 Metaspace       used 103388K, committed 105536K, reserved 1179648K
  class space    used 11746K, committed 12736K, reserved 1048576K
}
Event: 11590.199 GC heap after
{Heap after GC invocations=6805 (full 10):
 garbage-first heap   total 165888K, used 50721K [0x0000000709800000, 0x0000000800000000)
  region size 2048K, 1 young (2048K), 1 survivors (2048K)
 Metaspace       used 103388K, committed 105536K, reserved 1179648K
  class space    used 11746K, committed 12736K, reserved 1048576K
}
Event: 11590.650 GC heap before
{Heap before GC invocations=6805 (full 10):
 garbage-first heap   total 165888K, used 146977K [0x0000000709800000, 0x0000000800000000)
  region size 2048K, 48 young (98304K), 1 survivors (2048K)
 Metaspace       used 103388K, committed 105536K, reserved 1179648K
  class space    used 11746K, committed 12736K, reserved 1048576K
}
Event: 11590.651 GC heap after
{Heap after GC invocations=6806 (full 10):
 garbage-first heap   total 165888K, used 50387K [0x0000000709800000, 0x0000000800000000)
  region size 2048K, 1 young (2048K), 1 survivors (2048K)
 Metaspace       used 103388K, committed 105536K, reserved 1179648K
  class space    used 11746K, committed 12736K, reserved 1048576K
}

Dll operation events (12 events):
Event: 0.013 Loaded shared library C:\Java\jdk-21.0.5\bin\java.dll
Event: 0.477 Loaded shared library C:\Java\jdk-21.0.5\bin\zip.dll
Event: 0.482 Loaded shared library C:\Java\jdk-21.0.5\bin\instrument.dll
Event: 0.490 Loaded shared library C:\Java\jdk-21.0.5\bin\net.dll
Event: 0.491 Loaded shared library C:\Java\jdk-21.0.5\bin\nio.dll
Event: 0.496 Loaded shared library C:\Java\jdk-21.0.5\bin\zip.dll
Event: 0.652 Loaded shared library C:\Java\jdk-21.0.5\bin\jimage.dll
Event: 0.709 Loaded shared library C:\Java\jdk-21.0.5\bin\management.dll
Event: 0.722 Loaded shared library C:\Java\jdk-21.0.5\bin\management_ext.dll
Event: 0.976 Loaded shared library C:\Java\jdk-21.0.5\bin\extnet.dll
Event: 1.009 Loaded shared library C:\Java\jdk-21.0.5\bin\verify.dll
Event: 2.489 Loaded shared library C:\Java\jdk-21.0.5\bin\sunmscapi.dll

Deoptimization events (20 events):
Event: 11591.017 Thread 0x00000290ed4a0f30 DEOPT PACKING pc=0x00000290da9656fc sp=0x0000009e876fe060
Event: 11591.017 Thread 0x00000290ed4a0f30 DEOPT UNPACKING pc=0x00000290d9e34e42 sp=0x0000009e876fd568 mode 1
Event: 11591.017 Thread 0x00000290ed4a0f30 DEOPT PACKING pc=0x00000290da97289c sp=0x0000009e876fe110
Event: 11591.017 Thread 0x00000290ed4a0f30 DEOPT UNPACKING pc=0x00000290d9e34e42 sp=0x0000009e876fd600 mode 1
Event: 11591.017 Thread 0x00000290ed4a0f30 DEOPT PACKING pc=0x00000290da8e8e1c sp=0x0000009e876fe200
Event: 11591.017 Thread 0x00000290ed4a0f30 DEOPT UNPACKING pc=0x00000290d9e34e42 sp=0x0000009e876fd680 mode 1
Event: 11591.017 Thread 0x00000290ed4a0f30 DEOPT PACKING pc=0x00000290da7caf94 sp=0x0000009e876fe290
Event: 11591.017 Thread 0x00000290ed4a0f30 DEOPT UNPACKING pc=0x00000290d9e34e42 sp=0x0000009e876fd758 mode 1
Event: 11591.017 Thread 0x00000290ed4a0f30 DEOPT PACKING pc=0x00000290daec40ac sp=0x0000009e876fe380
Event: 11591.017 Thread 0x00000290ed4a0f30 DEOPT UNPACKING pc=0x00000290d9e34e42 sp=0x0000009e876fd828 mode 1
Event: 11591.017 Thread 0x00000290ed4a0f30 DEOPT PACKING pc=0x00000290dafc3384 sp=0x0000009e876fe3e0
Event: 11591.017 Thread 0x00000290ed4a0f30 DEOPT UNPACKING pc=0x00000290d9e34e42 sp=0x0000009e876fd8f8 mode 1
Event: 11591.017 Thread 0x00000290ed4a0f30 DEOPT PACKING pc=0x00000290daec6314 sp=0x0000009e876fe4a0
Event: 11591.017 Thread 0x00000290ed4a0f30 DEOPT UNPACKING pc=0x00000290d9e34e42 sp=0x0000009e876fd930 mode 1
Event: 11591.017 Thread 0x00000290ed4a0f30 DEOPT PACKING pc=0x00000290daec5044 sp=0x0000009e876fe550
Event: 11591.017 Thread 0x00000290ed4a0f30 DEOPT UNPACKING pc=0x00000290d9e34e42 sp=0x0000009e876fd9d8 mode 1
Event: 11591.017 Thread 0x00000290ed4a0f30 DEOPT PACKING pc=0x00000290da3bc76c sp=0x0000009e876fe5e0
Event: 11591.017 Thread 0x00000290ed4a0f30 DEOPT UNPACKING pc=0x00000290d9e34e42 sp=0x0000009e876fdab8 mode 1
Event: 11591.017 Thread 0x00000290ed4a0f30 DEOPT PACKING pc=0x00000290db8791a4 sp=0x0000009e876fe6c0
Event: 11591.017 Thread 0x00000290ed4a0f30 DEOPT UNPACKING pc=0x00000290d9e34e42 sp=0x0000009e876fdd48 mode 1

Classes loaded (20 events):
Event: 11229.635 Loading class jdk/internal/access/foreign/UnmapperProxy
Event: 11229.635 Loading class jdk/internal/access/foreign/UnmapperProxy done
Event: 11229.635 Loading class sun/nio/ch/FileChannelImpl$Unmapper done
Event: 11229.635 Loading class sun/nio/ch/FileChannelImpl$DefaultUnmapper done
Event: 11229.635 Loading class sun/nio/ch/Util$4
Event: 11229.635 Loading class sun/nio/ch/Util$4 done
Event: 11229.635 Loading class java/lang/foreign/MemorySegment
Event: 11229.636 Loading class java/lang/foreign/MemorySegment done
Event: 11500.694 Loading class java/lang/ObjectBeanInfo
Event: 11500.694 Loading class java/lang/ObjectBeanInfo done
Event: 11500.694 Loading class java/lang/ObjectBeanInfo
Event: 11500.694 Loading class java/lang/ObjectBeanInfo done
Event: 11500.695 Loading class java/lang/ObjectCustomizer
Event: 11500.695 Loading class java/lang/ObjectCustomizer done
Event: 11500.695 Loading class java/lang/ObjectCustomizer
Event: 11500.695 Loading class java/lang/ObjectCustomizer done
Event: 11501.739 Loading class java/time/DurationEditor
Event: 11501.739 Loading class java/time/DurationEditor done
Event: 11504.920 Loading class java/lang/StringEditor
Event: 11504.920 Loading class java/lang/StringEditor done

Classes unloaded (20 events):
Event: 11504.206 Thread 0x00000290e4f9d2c0 Unloading class 0x0000029081c44400 'jdk/internal/reflect/GeneratedSerializationConstructorAccessor629'
Event: 11504.206 Thread 0x00000290e4f9d2c0 Unloading class 0x0000029081c44000 'jdk/internal/reflect/GeneratedSerializationConstructorAccessor628'
Event: 11504.206 Thread 0x00000290e4f9d2c0 Unloading class 0x0000029081c3e800 'jdk/internal/reflect/GeneratedSerializationConstructorAccessor627'
Event: 11504.206 Thread 0x00000290e4f9d2c0 Unloading class 0x0000029081c3e400 'jdk/internal/reflect/GeneratedSerializationConstructorAccessor626'
Event: 11504.206 Thread 0x00000290e4f9d2c0 Unloading class 0x0000029081c3e000 'jdk/internal/reflect/GeneratedSerializationConstructorAccessor625'
Event: 11504.206 Thread 0x00000290e4f9d2c0 Unloading class 0x0000029081c3d000 'jdk/internal/reflect/GeneratedSerializationConstructorAccessor624'
Event: 11504.206 Thread 0x00000290e4f9d2c0 Unloading class 0x0000029081c3cc00 'jdk/internal/reflect/GeneratedSerializationConstructorAccessor623'
Event: 11504.206 Thread 0x00000290e4f9d2c0 Unloading class 0x0000029081c3c800 'jdk/internal/reflect/GeneratedSerializationConstructorAccessor622'
Event: 11504.206 Thread 0x00000290e4f9d2c0 Unloading class 0x0000029081c3c400 'jdk/internal/reflect/GeneratedSerializationConstructorAccessor621'
Event: 11504.206 Thread 0x00000290e4f9d2c0 Unloading class 0x0000029081c3c000 'jdk/internal/reflect/GeneratedSerializationConstructorAccessor620'
Event: 11504.206 Thread 0x00000290e4f9d2c0 Unloading class 0x0000029081c35400 'jdk/internal/reflect/GeneratedSerializationConstructorAccessor619'
Event: 11504.206 Thread 0x00000290e4f9d2c0 Unloading class 0x0000029081c35000 'jdk/internal/reflect/GeneratedSerializationConstructorAccessor618'
Event: 11504.206 Thread 0x00000290e4f9d2c0 Unloading class 0x0000029081c34c00 'jdk/internal/reflect/GeneratedSerializationConstructorAccessor617'
Event: 11504.206 Thread 0x00000290e4f9d2c0 Unloading class 0x0000029081c34800 'jdk/internal/reflect/GeneratedSerializationConstructorAccessor616'
Event: 11504.206 Thread 0x00000290e4f9d2c0 Unloading class 0x0000029081c34400 'jdk/internal/reflect/GeneratedSerializationConstructorAccessor615'
Event: 11504.206 Thread 0x00000290e4f9d2c0 Unloading class 0x0000029081c34000 'jdk/internal/reflect/GeneratedSerializationConstructorAccessor614'
Event: 11504.206 Thread 0x00000290e4f9d2c0 Unloading class 0x0000029081c33c00 'jdk/internal/reflect/GeneratedSerializationConstructorAccessor613'
Event: 11504.206 Thread 0x00000290e4f9d2c0 Unloading class 0x0000029081c33800 'jdk/internal/reflect/GeneratedSerializationConstructorAccessor612'
Event: 11504.206 Thread 0x00000290e4f9d2c0 Unloading class 0x0000029081c33400 'jdk/internal/reflect/GeneratedSerializationConstructorAccessor611'
Event: 11504.206 Thread 0x00000290e4f9d2c0 Unloading class 0x0000029081b70800 'java/lang/invoke/LambdaForm$MH+0x0000029081b70800'

Classes redefined (20 events):
Event: 11499.934 Thread 0x00000290e4f9d2c0 redefined class name=projectSem4.com.controller.webController.common.RefundRequestController, count=1
Event: 11499.934 Thread 0x00000290e4f9d2c0 redefined class name=projectSem4.com.controller.webController.common.RefundRequestController, count=1
Event: 11499.934 Thread 0x00000290e4f9d2c0 redefined class name=projectSem4.com.controller.webController.common.RefundRequestController, count=1
Event: 11499.934 Thread 0x00000290e4f9d2c0 redefined class name=projectSem4.com.controller.webController.common.RefundRequestController, count=1
Event: 11499.934 Thread 0x00000290e4f9d2c0 redefined class name=projectSem4.com.controller.webController.common.RefundRequestController, count=1
Event: 11499.934 Thread 0x00000290e4f9d2c0 redefined class name=projectSem4.com.controller.webController.common.RefundRequestController, count=1
Event: 11499.934 Thread 0x00000290e4f9d2c0 redefined class name=projectSem4.com.controller.webController.common.RefundRequestController, count=1
Event: 11499.934 Thread 0x00000290e4f9d2c0 redefined class name=projectSem4.com.controller.webController.common.RefundRequestController, count=1
Event: 11499.934 Thread 0x00000290e4f9d2c0 redefined class name=projectSem4.com.controller.webController.common.RefundRequestController, count=1
Event: 11590.937 Thread 0x00000290e4f9d2c0 redefined class name=projectSem4.com.controller.webController.common.RefundRequestController, count=2
Event: 11590.937 Thread 0x00000290e4f9d2c0 redefined class name=projectSem4.com.controller.webController.common.RefundRequestController, count=2
Event: 11590.937 Thread 0x00000290e4f9d2c0 redefined class name=projectSem4.com.controller.webController.common.RefundRequestController, count=2
Event: 11590.937 Thread 0x00000290e4f9d2c0 redefined class name=projectSem4.com.controller.webController.common.RefundRequestController, count=2
Event: 11590.937 Thread 0x00000290e4f9d2c0 redefined class name=projectSem4.com.controller.webController.common.RefundRequestController, count=2
Event: 11590.937 Thread 0x00000290e4f9d2c0 redefined class name=projectSem4.com.controller.webController.common.RefundRequestController, count=2
Event: 11590.937 Thread 0x00000290e4f9d2c0 redefined class name=projectSem4.com.controller.webController.common.RefundRequestController, count=1
Event: 11590.937 Thread 0x00000290e4f9d2c0 redefined class name=projectSem4.com.controller.webController.common.RefundRequestController, count=2
Event: 11590.937 Thread 0x00000290e4f9d2c0 redefined class name=projectSem4.com.controller.webController.common.RefundRequestController, count=2
Event: 11590.937 Thread 0x00000290e4f9d2c0 redefined class name=projectSem4.com.controller.webController.common.RefundRequestController, count=2
Event: 11590.937 Thread 0x00000290e4f9d2c0 redefined class name=projectSem4.com.controller.webController.common.RefundRequestController, count=2

Internal exceptions (20 events):
Event: 11590.729 Thread 0x00000290ed4a0f30 Exception <a 'java/io/IOException'{0x00000007128ef3a0}> (0x00000007128ef3a0) 
thrown [s\open\src\hotspot\share\prims\jni.cpp, line 520]
Event: 11590.733 Thread 0x00000290ed4a0f30 Exception <a 'java/io/IOException'{0x00000007126488b8}> (0x00000007126488b8) 
thrown [s\open\src\hotspot\share\prims\jni.cpp, line 520]
Event: 11590.755 Thread 0x00000290ed4a3000 Exception <a 'java/io/IOException'{0x000000071228ebc0}> (0x000000071228ebc0) 
thrown [s\open\src\hotspot\share\prims\jni.cpp, line 520]
Event: 11590.759 Thread 0x00000290ed4a3000 Exception <a 'java/io/IOException'{0x00000007123ace68}> (0x00000007123ace68) 
thrown [s\open\src\hotspot\share\prims\jni.cpp, line 520]
Event: 11590.782 Thread 0x00000290eb1d2b40 Exception <a 'java/io/IOException'{0x0000000711c04dd8}> (0x0000000711c04dd8) 
thrown [s\open\src\hotspot\share\prims\jni.cpp, line 520]
Event: 11590.786 Thread 0x00000290eb1d2b40 Exception <a 'java/io/IOException'{0x0000000711d1f0a0}> (0x0000000711d1f0a0) 
thrown [s\open\src\hotspot\share\prims\jni.cpp, line 520]
Event: 11590.808 Thread 0x00000290ed4a22e0 Exception <a 'java/io/IOException'{0x00000007119895e8}> (0x00000007119895e8) 
thrown [s\open\src\hotspot\share\prims\jni.cpp, line 520]
Event: 11590.812 Thread 0x00000290ed4a22e0 Exception <a 'java/io/IOException'{0x00000007116a68d8}> (0x00000007116a68d8) 
thrown [s\open\src\hotspot\share\prims\jni.cpp, line 520]
Event: 11590.834 Thread 0x00000290ed4a3690 Exception <a 'java/io/IOException'{0x0000000711326d38}> (0x0000000711326d38) 
thrown [s\open\src\hotspot\share\prims\jni.cpp, line 520]
Event: 11590.839 Thread 0x00000290ed4a3690 Exception <a 'java/io/IOException'{0x0000000711046af8}> (0x0000000711046af8) 
thrown [s\open\src\hotspot\share\prims\jni.cpp, line 520]
Event: 11590.861 Thread 0x00000290ed4a43b0 Exception <a 'java/io/IOException'{0x0000000710cc1330}> (0x0000000710cc1330) 
thrown [s\open\src\hotspot\share\prims\jni.cpp, line 520]
Event: 11590.865 Thread 0x00000290ed4a43b0 Exception <a 'java/io/IOException'{0x0000000710a17518}> (0x0000000710a17518) 
thrown [s\open\src\hotspot\share\prims\jni.cpp, line 520]
Event: 11590.889 Thread 0x00000290ed4a1c50 Exception <a 'java/io/IOException'{0x0000000710640b30}> (0x0000000710640b30) 
thrown [s\open\src\hotspot\share\prims\jni.cpp, line 520]
Event: 11590.893 Thread 0x00000290ed4a1c50 Exception <a 'java/io/IOException'{0x000000071075f260}> (0x000000071075f260) 
thrown [s\open\src\hotspot\share\prims\jni.cpp, line 520]
Event: 11590.916 Thread 0x00000290ed4a2970 Exception <a 'java/io/IOException'{0x00000007103ac8e8}> (0x00000007103ac8e8) 
thrown [s\open\src\hotspot\share\prims\jni.cpp, line 520]
Event: 11590.920 Thread 0x00000290ed4a2970 Exception <a 'java/io/IOException'{0x00000007100cfb68}> (0x00000007100cfb68) 
thrown [s\open\src\hotspot\share\prims\jni.cpp, line 520]
Event: 11590.970 Thread 0x00000290ed4a3d20 Exception <a 'java/io/IOException'{0x000000070fda0db0}> (0x000000070fda0db0) 
thrown [s\open\src\hotspot\share\prims\jni.cpp, line 520]
Event: 11590.974 Thread 0x00000290ed4a3d20 Exception <a 'java/io/IOException'{0x000000070fac1460}> (0x000000070fac1460) 
thrown [s\open\src\hotspot\share\prims\jni.cpp, line 520]
Event: 11591.007 Thread 0x00000290ed4a0f30 Exception <a 'java/io/IOException'{0x000000070f6d1eb0}> (0x000000070f6d1eb0) 
thrown [s\open\src\hotspot\share\prims\jni.cpp, line 520]
Event: 11591.017 Thread 0x00000290ed4a0f30 Exception <a 'java/io/IOException'{0x000000070f45ba88}> (0x000000070f45ba88) 
thrown [s\open\src\hotspot\share\prims\jni.cpp, line 520]

ZGC Phase Switch (0 events):
No events

VM Operations (20 events):
Event: 11590.998 Executing VM operation: ChangeBreakpoints
Event: 11591.000 Executing VM operation: ChangeBreakpoints done
Event: 11591.003 Executing VM operation: ChangeBreakpoints
Event: 11591.005 Executing VM operation: ChangeBreakpoints done
Event: 11591.008 Executing VM operation: ChangeBreakpoints
Event: 11591.011 Executing VM operation: ChangeBreakpoints done
Event: 11591.013 Executing VM operation: ChangeBreakpoints
Event: 11591.016 Executing VM operation: ChangeBreakpoints done
Event: 11591.018 Executing VM operation: ChangeBreakpoints
Event: 11591.020 Executing VM operation: ChangeBreakpoints done
Event: 11591.023 Executing VM operation: ChangeBreakpoints
Event: 11591.025 Executing VM operation: ChangeBreakpoints done
Event: 11591.028 Executing VM operation: ChangeBreakpoints
Event: 11591.030 Executing VM operation: ChangeBreakpoints done
Event: 11591.033 Executing VM operation: ChangeBreakpoints
Event: 11591.035 Executing VM operation: ChangeBreakpoints done
Event: 11591.037 Executing VM operation: ChangeBreakpoints
Event: 11591.039 Executing VM operation: ChangeBreakpoints done
Event: 11591.042 Executing VM operation: ChangeSingleStep
Event: 11591.042 Executing VM operation: ChangeSingleStep done

Events (20 events):
Event: 11558.159 Thread 0x00000290e4f9d2c0 flushing nmethod 0x00000290da89c010
Event: 11558.159 Thread 0x00000290e4f9d2c0 flushing nmethod 0x00000290db001610
Event: 11561.013 Thread 0x00000290ecb89a80 Thread exited: 0x00000290ecb89a80
Event: 11566.250 Thread 0x00000290e4f9d2c0 flushing nmethod 0x00000290da098e10
Event: 11566.250 Thread 0x00000290e4f9d2c0 flushing nmethod 0x00000290d9f11610
Event: 11566.250 Thread 0x00000290e4f9d2c0 flushing nmethod 0x00000290d9f03790
Event: 11566.250 Thread 0x00000290e4f9d2c0 flushing nmethod 0x00000290dac27e10
Event: 11566.250 Thread 0x00000290e4f9d2c0 flushing nmethod 0x00000290db277d90
Event: 11566.250 Thread 0x00000290e4f9d2c0 flushing nmethod 0x00000290d9f80010
Event: 11566.250 Thread 0x00000290e4f9d2c0 flushing nmethod 0x00000290d9f8ad90
Event: 11566.250 Thread 0x00000290e4f9d2c0 flushing nmethod 0x00000290da396510
Event: 11566.250 Thread 0x00000290e4f9d2c0 flushing nmethod 0x00000290dafc2d10
Event: 11568.567 Thread 0x00000290ecb893b0 Thread exited: 0x00000290ecb893b0
Event: 11574.877 Thread 0x00000290e4f9d2c0 flushing nmethod 0x00000290d9fa4590
Event: 11574.877 Thread 0x00000290e4f9d2c0 flushing nmethod 0x00000290db2e6e90
Event: 11577.397 Thread 0x00000290ecb8b5c0 Thread exited: 0x00000290ecb8b5c0
Event: 11579.701 Thread 0x00000290e4f9d2c0 flushing nmethod 0x00000290d9fa5990
Event: 11590.925 Thread 0x00000290ecb88ce0 Thread added: 0x00000290ecb88ce0
Event: 11590.925 Thread 0x00000290ecb893b0 Thread added: 0x00000290ecb893b0
Event: 11590.925 Thread 0x00000290ecb8b5c0 Thread added: 0x00000290ecb8b5c0


Dynamic libraries:
0x00007ff79ac20000 - 0x00007ff79ac30000 	C:\Java\jdk-21.0.5\bin\javaw.exe
0x00007ffdc2b80000 - 0x00007ffdc2de8000 	C:\WINDOWS\SYSTEM32\ntdll.dll
0x00007ffdc0ad0000 - 0x00007ffdc0b99000 	C:\WINDOWS\System32\KERNEL32.DLL
0x00007ffdc0310000 - 0x00007ffdc0708000 	C:\WINDOWS\System32\KERNELBASE.dll
0x00007ffdc0710000 - 0x00007ffdc085b000 	C:\WINDOWS\System32\ucrtbase.dll
0x00007ffdba680000 - 0x00007ffdba69b000 	C:\Java\jdk-21.0.5\bin\VCRUNTIME140.dll
0x00007ffdba6c0000 - 0x00007ffdba6d9000 	C:\Java\jdk-21.0.5\bin\jli.dll
0x00007ffdc18e0000 - 0x00007ffdc1994000 	C:\WINDOWS\System32\ADVAPI32.dll
0x00007ffdc1cc0000 - 0x00007ffdc1d69000 	C:\WINDOWS\System32\msvcrt.dll
0x00007ffdc1b20000 - 0x00007ffdc1bc6000 	C:\WINDOWS\System32\sechost.dll
0x00007ffdc0950000 - 0x00007ffdc0a68000 	C:\WINDOWS\System32\RPCRT4.dll
0x00007ffdc25c0000 - 0x00007ffdc2787000 	C:\WINDOWS\System32\USER32.dll
0x00007ffdc08f0000 - 0x00007ffdc0917000 	C:\WINDOWS\System32\win32u.dll
0x00007ffdacc70000 - 0x00007ffdacf04000 	C:\WINDOWS\WinSxS\amd64_microsoft.windows.common-controls_6595b64144ccf1df_6.0.26100.7019_none_3e06ffa0e335b8a8\COMCTL32.dll
0x00007ffdc0920000 - 0x00007ffdc094b000 	C:\WINDOWS\System32\GDI32.dll
0x00007ffdc0130000 - 0x00007ffdc025c000 	C:\WINDOWS\System32\gdi32full.dll
0x00007ffdc0260000 - 0x00007ffdc0303000 	C:\WINDOWS\System32\msvcp_win.dll
0x00007ffdb7de0000 - 0x00007ffdb7deb000 	C:\WINDOWS\SYSTEM32\VERSION.dll
0x00007ffdc2a70000 - 0x00007ffdc2aa1000 	C:\WINDOWS\System32\IMM32.DLL
0x00007ffdba7f0000 - 0x00007ffdba7fc000 	C:\Java\jdk-21.0.5\bin\vcruntime140_1.dll
0x00007ffdb4540000 - 0x00007ffdb45ce000 	C:\Java\jdk-21.0.5\bin\msvcp140.dll
0x00007ffd399a0000 - 0x00007ffd3a6b8000 	C:\Java\jdk-21.0.5\bin\server\jvm.dll
0x00007ffdc1aa0000 - 0x00007ffdc1b14000 	C:\WINDOWS\System32\WS2_32.dll
0x00007ffdbfb30000 - 0x00007ffdbfb8e000 	C:\WINDOWS\SYSTEM32\POWRPROF.dll
0x00007ffdb7da0000 - 0x00007ffdb7dd5000 	C:\WINDOWS\SYSTEM32\WINMM.dll
0x00007ffdbfb10000 - 0x00007ffdbfb24000 	C:\WINDOWS\SYSTEM32\UMPDC.dll
0x00007ffdbea90000 - 0x00007ffdbeaab000 	C:\WINDOWS\SYSTEM32\kernel.appcore.dll
0x00007ffdba780000 - 0x00007ffdba78a000 	C:\Java\jdk-21.0.5\bin\jimage.dll
0x00007ffdbd240000 - 0x00007ffdbd482000 	C:\WINDOWS\SYSTEM32\DBGHELP.DLL
0x00007ffdc0e50000 - 0x00007ffdc11db000 	C:\WINDOWS\System32\combase.dll
0x00007ffdc1bd0000 - 0x00007ffdc1ca7000 	C:\WINDOWS\System32\OLEAUT32.dll
0x00007ffda89c0000 - 0x00007ffda89fc000 	C:\WINDOWS\SYSTEM32\dbgcore.DLL
0x00007ffdbfcd0000 - 0x00007ffdbfd75000 	C:\WINDOWS\System32\bcryptPrimitives.dll
0x00007ffdb4500000 - 0x00007ffdb453c000 	C:\Java\jdk-21.0.5\bin\jdwp.dll
0x00007ffdb7d70000 - 0x00007ffdb7d7f000 	C:\Java\jdk-21.0.5\bin\instrument.dll
0x00007ffdb7cd0000 - 0x00007ffdb7cef000 	C:\Java\jdk-21.0.5\bin\java.dll
0x00007ffdc1e10000 - 0x00007ffdc255f000 	C:\WINDOWS\System32\SHELL32.dll
0x00007ffdbfd80000 - 0x00007ffdbfeeb000 	C:\WINDOWS\System32\wintypes.dll
0x00007ffdbd910000 - 0x00007ffdbe16d000 	C:\WINDOWS\SYSTEM32\windows.storage.dll
0x00007ffdc19a0000 - 0x00007ffdc1a92000 	C:\WINDOWS\System32\SHCORE.dll
0x00007ffdc29f0000 - 0x00007ffdc2a57000 	C:\WINDOWS\System32\shlwapi.dll
0x00007ffdbfbf0000 - 0x00007ffdbfc19000 	C:\WINDOWS\SYSTEM32\profapi.dll
0x00007ffdb7cc0000 - 0x00007ffdb7ccc000 	C:\Java\jdk-21.0.5\bin\dt_socket.dll
0x00007ffdbe550000 - 0x00007ffdbe584000 	C:\WINDOWS\SYSTEM32\IPHLPAPI.DLL
0x00007ffdbf000000 - 0x00007ffdbf06b000 	C:\WINDOWS\system32\mswsock.dll
0x00007ffdbe630000 - 0x00007ffdbe75c000 	C:\WINDOWS\SYSTEM32\DNSAPI.dll
0x00007ffdc2a60000 - 0x00007ffdc2a6a000 	C:\WINDOWS\System32\NSI.dll
0x00000000501a0000 - 0x00000000501c6000 	C:\Program Files\Bonjour\mdnsNSP.dll
0x00007ffdb5470000 - 0x00007ffdb547b000 	C:\Windows\System32\rasadhlp.dll
0x00007ffdb97f0000 - 0x00007ffdb9876000 	C:\WINDOWS\System32\fwpuclnt.dll
0x00007ffdb5490000 - 0x00007ffdb54a8000 	C:\Java\jdk-21.0.5\bin\zip.dll
0x00007ffdb7c60000 - 0x00007ffdb7c70000 	C:\Java\jdk-21.0.5\bin\net.dll
0x00007ffdb7760000 - 0x00007ffdb7888000 	C:\WINDOWS\SYSTEM32\WINHTTP.dll
0x00007ffdb38c0000 - 0x00007ffdb38d6000 	C:\Java\jdk-21.0.5\bin\nio.dll
0x00007ffdb5480000 - 0x00007ffdb548a000 	C:\Java\jdk-21.0.5\bin\management.dll
0x00007ffdb5150000 - 0x00007ffdb515b000 	C:\Java\jdk-21.0.5\bin\management_ext.dll
0x00007ffdc1cb0000 - 0x00007ffdc1cb8000 	C:\WINDOWS\System32\PSAPI.DLL
0x00007ffda1a80000 - 0x00007ffda1a98000 	C:\WINDOWS\system32\napinsp.dll
0x00007ffd9f080000 - 0x00007ffd9f092000 	C:\WINDOWS\System32\winrnr.dll
0x00007ffd9f050000 - 0x00007ffd9f072000 	C:\WINDOWS\system32\nlansp_c.dll
0x00007ffdb5450000 - 0x00007ffdb5466000 	C:\WINDOWS\system32\wshbth.dll
0x00007ffdbf2c0000 - 0x00007ffdbf2db000 	C:\WINDOWS\SYSTEM32\CRYPTSP.dll
0x00007ffdbe9f0000 - 0x00007ffdbea2a000 	C:\WINDOWS\system32\rsaenh.dll
0x00007ffdbf0b0000 - 0x00007ffdbf0db000 	C:\WINDOWS\SYSTEM32\USERENV.dll
0x00007ffdbfbc0000 - 0x00007ffdbfbea000 	C:\WINDOWS\SYSTEM32\bcrypt.dll
0x00007ffdbf2e0000 - 0x00007ffdbf2ec000 	C:\WINDOWS\SYSTEM32\CRYPTBASE.dll
0x00007ffdb3c10000 - 0x00007ffdb3c19000 	C:\Java\jdk-21.0.5\bin\extnet.dll
0x00007ffdb38b0000 - 0x00007ffdb38c0000 	C:\Java\jdk-21.0.5\bin\verify.dll
0x00007ffdb3870000 - 0x00007ffdb387e000 	C:\Java\jdk-21.0.5\bin\sunmscapi.dll
0x00007ffdbffb0000 - 0x00007ffdc0127000 	C:\WINDOWS\System32\CRYPT32.dll
0x00007ffdbf4e0000 - 0x00007ffdbf510000 	C:\WINDOWS\SYSTEM32\ncrypt.dll
0x00007ffdbf490000 - 0x00007ffdbf4cf000 	C:\WINDOWS\SYSTEM32\NTASN1.dll
0x00007ffd75110000 - 0x00007ffd75118000 	C:\WINDOWS\system32\wshunix.dll

dbghelp: loaded successfully - version: 4.0.5 - missing functions: none
symbol engine: initialized successfully - sym options: 0x614 - pdb path: .;C:\Java\jdk-21.0.5\bin;C:\WINDOWS\SYSTEM32;C:\WINDOWS\WinSxS\amd64_microsoft.windows.common-controls_6595b64144ccf1df_6.0.26100.7019_none_3e06ffa0e335b8a8;C:\Java\jdk-21.0.5\bin\server;C:\Program Files\Bonjour

VM Arguments:
jvm_args: -XX:+ShowCodeDetailsInExceptionMessages -agentlib:jdwp=transport=dt_socket,suspend=y,address=localhost:49679 -Dcom.sun.management.jmxremote -Dcom.sun.management.jmxremote.port=49678 -Dcom.sun.management.jmxremote.authenticate=false -Dcom.sun.management.jmxremote.ssl=false -Djava.rmi.server.hostname=localhost -Dspring.jmx.enabled=true -Dmanagement.endpoints.jmx.exposure.include=* -Dspring.application.admin.enabled=true -Dspring.output.ansi.enabled=always -XX:TieredStopAtLevel=1 -Dspring.boot.project.name=projectSem4 -javaagent:C:\Java\sts\configuration\org.eclipse.osgi\270\0\.cp\lib\javaagent-shaded.jar -Dfile.encoding=UTF-8 -Dstdout.encoding=UTF-8 -Dstderr.encoding=UTF-8 
java_command: projectSem4.com.ProjectSem4Application
java_class_path (initial): C:\aLuan\projectSem4\target\classes;C:\Users\Tai\.m2\repository\org\springframework\boot\spring-boot-starter-mail\3.5.4\spring-boot-starter-mail-3.5.4.jar;C:\Users\Tai\.m2\repository\org\springframework\boot\spring-boot-starter\3.5.4\spring-boot-starter-3.5.4.jar;C:\Users\Tai\.m2\repository\org\springframework\boot\spring-boot-starter-logging\3.5.4\spring-boot-starter-logging-3.5.4.jar;C:\Users\Tai\.m2\repository\ch\qos\logback\logback-classic\1.5.18\logback-classic-1.5.18.jar;C:\Users\Tai\.m2\repository\ch\qos\logback\logback-core\1.5.18\logback-core-1.5.18.jar;C:\Users\Tai\.m2\repository\org\apache\logging\log4j\log4j-to-slf4j\2.24.3\log4j-to-slf4j-2.24.3.jar;C:\Users\Tai\.m2\repository\org\apache\logging\log4j\log4j-api\2.24.3\log4j-api-2.24.3.jar;C:\Users\Tai\.m2\repository\org\slf4j\jul-to-slf4j\2.0.17\jul-to-slf4j-2.0.17.jar;C:\Users\Tai\.m2\repository\jakarta\annotation\jakarta.annotation-api\2.1.1\jakarta.annotation-api-2.1.1.jar;C:\Users\Tai\.m2\repository\org\yaml\snakeyaml\2.4\snakeyaml-2.4.jar;C:\Users\Tai\.m2\repository\org\springframework\spring-context-support\6.2.9\spring-context-support-6.2.9.jar;C:\Users\Tai\.m2\repository\org\springframework\spring-beans\6.2.9\spring-beans-6.2.9.jar;C:\Users\Tai\.m2\repository\org\eclipse\angus\jakarta.mail\2.0.3\jakarta.mail-2.0.3.jar;C:\Users\Tai\.m2\repository\jakarta\activation\jakarta.activation-api\2.1.3\jakarta.activation-api-2.1.3.jar;C:\Users\Tai\.m2\repository\org\eclipse\angus\angus-activation\2.0.2\angus-activation-2.0.2.jar;C:\Users\Tai\.m2\repository\org\springframework\boot\spring-boot-starter-data-jdbc\3.5.4\spring-boot-starter-data-jdbc-3.5.4.jar;C:\Users\Tai\.m2\repository\org\springframework\boot\spring-boot-starter-jdbc\3.5.4\spring-boot-starter-jdbc-3.5.4.jar;C:\Users\Tai\.m2\repository\com\zaxxer\HikariCP\6.3.1\HikariCP-6.3.1.jar;C:\Users\Tai\.m2\repository\org\springframework\data\spring-data-jdbc\3.5.2\spring-data-jdbc-3.5.2.jar;C:\Users\Tai\.m2\repository\org\springframework\data\spring-data-relational\3.5.2\spring-data-relational-3.5.2.jar;C:\Users\Tai\.m2\repository\org\springframework\data\spring-data-commons\3.5.2\spring-data-commons-3.5.2.jar;C:\Users\Tai\.m2\repository\org\springframework\spring-tx\6.2.9\spring-tx-6.2.9.jar;C:\Users\Tai\.m2\repository\org\springframework\boot\spring-boot-starter-thymeleaf\3.5.4\spring-boot-starter-thymeleaf-3.5.4.jar;C:\Users\Tai\.m2\repository\org\thymeleaf\thymeleaf-spring6\3.1.3.RELEASE\thymeleaf-spring6-3.1.3.RELEASE.jar;C:\Users\Tai\.m2\repository\org\springframework\boot\spring-boot-starter-web\3.5.4\spring-boot-starter-web-3.5.4.jar;C:\Users\Tai\.m2\repository\org\springframework\boot\spring-boot-starter-json\3.5.4\spring-boot-starter-json-3.5.4.jar;C:\Users\Tai\.m2\repository\com\fasterxml\jackson\datatype\jackson-datatype-jdk8\2.19.2\jackson-datatype-jdk8-2.19.2.jar;C:\Users\Tai\.m2\repository\com\fasterxml\jackson\module\jackson-module-parameter-names\2.19.2\jackson-module-parameter-names-2.19.2.jar;C:\Users\Tai\.m2\repository\org\springframework\boot\spring-boot-starter-tomcat\3.5.4\spring-boot-starter-tomcat-3.5.4.jar;C:\Users\Tai\.m2\repository\org\apache\tomcat\embed\tomcat-embed-core\10.1.43\tomcat-embed-core-10.1.43.jar;C:\Users\Tai\.m2\repository\org\apache\tomcat\embed\tomcat-embed-websocket\10.1.43\tomcat-embed-websocket-10.1.43.jar;C:\Users\Tai\.m2\repository\org\springframework\spring-web\6.2.9\spring-web-6.2.9.jar;C:\Users\Tai\.m2\repository\io\micrometer\micrometer-observation\1.15.2\micrometer-observation-1.15.2.jar;C:\Users\Tai\.m2\repository\io\micrometer\micrometer-commons\1.15.2\micrometer-commons-1.15.2.jar;C:\Users\Tai\.m2\repository\org\springframework\spring-webmvc\6.2.9\spring-webmvc-6.2.9.jar;C:\Users\Tai\.m2\repository\org\springframework\spring-aop\6.2.9\spring-aop-6.2.9.jar;C:\Users\Tai\.m2\repository\org\springframework\spring-expression\6.2.9\spring-expression-6.2.9.jar;C:\Users\Tai\.m2\repository\org\springframework\session\spring-session-core\3.5.1\spring-session-core-3.5.1.jar;C:\Users\Tai\.m2\repository\org\springframework\spring-jcl\6.2.9\spring-jcl-6.2.9.jar;C:\Users\Tai\.m2\repository\org\springframework\session\spring-session-jdbc\3.5.1\spring-session-jdbc-3.5.1.jar;C:\Users\Tai\.m2\repository\org\springframework\spring-context\6.2.9\spring-context-6.2.9.jar;C:\Users\Tai\.m2\repository\org\springframework\spring-jdbc\6.2.9\spring-jdbc-6.2.9.jar;C:\Users\Tai\.m2\repository\org\springframework\boot\spring-boot-devtools\3.5.4\spring-boot-devtools-3.5.4.jar;C:\Users\Tai\.m2\repository\org\springframework\boot\spring-boot\3.5.4\spring-boot-3.5.4.jar;C:\Users\Tai\.m2\repository\org\springframework\boot\spring-boot-autoconfigure\3.5.4\spring-boot-autoconfigure-3.5.4.jar;C:\Users\Tai\.m2\repository\com\microsoft\sqlserver\mssql-jdbc\12.10.1.jre11\mssql-jdbc-12.10.1.jre11.jar;C:\Users\Tai\.m2\repository\org\springframework\spring-core\6.2.9\spring-core-6.2.9.jar;C:\Users\Tai\.m2\repository\nz\net\ultraq\thymeleaf\thymeleaf-layout-dialect\3.4.0\thymeleaf-layout-dialect-3.4.0.jar;C:\Users\Tai\.m2\repository\org\apache\groovy\groovy\4.0.28\groovy-4.0.28.jar;C:\Users\Tai\.m2\repository\nz\net\ultraq\groovy\groovy-extensions\2.3.3\groovy-extensions-2.3.3.jar;C:\Users\Tai\.m2\repository\nz\net\ultraq\thymeleaf\thymeleaf-expression-processor\3.2.0\thymeleaf-expression-processor-3.2.0.jar;C:\Users\Tai\.m2\repository\org\thymeleaf\thymeleaf\3.1.3.RELEASE\thymeleaf-3.1.3.RELEASE.jar;C:\Users\Tai\.m2\repository\ognl\ognl\3.3.4\ognl-3.3.4.jar;C:\Users\Tai\.m2\repository\org\javassist\javassist\3.29.0-GA\javassist-3.29.0-GA.jar;C:\Users\Tai\.m2\repository\org\attoparser\attoparser\2.0.7.RELEASE\attoparser-2.0.7.RELEASE.jar;C:\Users\Tai\.m2\repository\org\unbescape\unbescape\1.1.6.RELEASE\unbescape-1.1.6.RELEASE.jar;C:\Users\Tai\.m2\repository\org\slf4j\slf4j-api\2.0.17\slf4j-api-2.0.17.jar;C:\Users\Tai\.m2\repository\com\fasterxml\jackson\datatype\jackson-datatype-jsr310\2.19.2\jackson-datatype-jsr310-2.19.2.jar;C:\Users\Tai\.m2\repository\com\fasterxml\jackson\core\jackson-annotations\2.19.2\jackson-annotations-2.19.2.jar;C:\Users\Tai\.m2\repository\com\fasterxml\jackson\core\jackson-core\2.19.2\jackson-core-2.19.2.jar;C:\Users\Tai\.m2\repository\com\fasterxml\jackson\core\jackson-databind\2.19.2\jackson-databind-2.19.2.jar;C:\Users\Tai\.m2\repository\org\springframework\boot\spring-boot-starter-validation\3.5.4\spring-boot-starter-validation-3.5.4.jar;C:\Users\Tai\.m2\repository\org\apache\tomcat\embed\tomcat-embed-el\10.1.43\tomcat-embed-el-10.1.43.jar;C:\Users\Tai\.m2\repository\org\hibernate\validator\hibernate-validator\8.0.2.Final\hibernate-validator-8.0.2.Final.jar;C:\Users\Tai\.m2\repository\jakarta\validation\jakarta.validation-api\3.0.2\jakarta.validation-api-3.0.2.jar;C:\Users\Tai\.m2\repository\org\jboss\logging\jboss-logging\3.6.1.Final\jboss-logging-3.6.1.Final.jar;C:\Users\Tai\.m2\repository\com\fasterxml\classmate\1.7.0\classmate-1.7.0.jar;C:\Users\Tai\.m2\repository\io\jsonwebtoken\jjwt-api\0.11.5\jjwt-api-0.11.5.jar;C:\Users\Tai\.m2\repository\io\jsonwebtoken\jjwt-impl\0.11.5\jjwt-impl-0.11.5.jar;C:\Users\Tai\.m2\repository\io\jsonwebtoken\jjwt-jackson\0.11.5\jjwt-jackson-0.11.5.jar;C:\Users\Tai\.m2\repository\org\mindrot\jbcrypt\0.4\jbcrypt-0.4.jar
Launcher Type: SUN_STANDARD

[Global flags]
     intx CICompilerCount                          = 12                                        {product} {ergonomic}
     uint ConcGCThreads                            = 3                                         {product} {ergonomic}
     uint G1ConcRefinementThreads                  = 13                                        {product} {ergonomic}
   size_t G1HeapRegionSize                         = 2097152                                   {product} {ergonomic}
    uintx GCDrainStackTargetSize                   = 64                                        {product} {ergonomic}
   size_t InitialHeapSize                          = 260046848                                 {product} {ergonomic}
     bool ManagementServer                         = true                                      {product} {command line}
   size_t MarkStackSize                            = 4194304                                   {product} {ergonomic}
   size_t MaxHeapSize                              = 4135583744                                {product} {ergonomic}
   size_t MaxNewSize                               = 2480930816                                {product} {ergonomic}
   size_t MinHeapDeltaBytes                        = 2097152                                   {product} {ergonomic}
   size_t MinHeapSize                              = 8388608                                   {product} {ergonomic}
    uintx NonNMethodCodeHeapSize                   = 4096                                   {pd product} {ergonomic}
    uintx NonProfiledCodeHeapSize                  = 0                                      {pd product} {ergonomic}
     bool ProfileInterpreter                       = false                                  {pd product} {command line}
    uintx ProfiledCodeHeapSize                     = 0                                      {pd product} {ergonomic}
     bool ShowCodeDetailsInExceptionMessages       = true                                   {manageable} {command line}
   size_t SoftMaxHeapSize                          = 4135583744                             {manageable} {ergonomic}
     intx TieredStopAtLevel                        = 1                                         {product} {command line}
     bool UseCompressedOops                        = true                           {product lp64_product} {ergonomic}
     bool UseG1GC                                  = true                                      {product} {ergonomic}
     bool UseLargePagesIndividualAllocation        = false                                  {pd product} {ergonomic}

Logging:
Log output configuration:
 #0: stdout all=warning uptime,level,tags foldmultilines=false
 #1: stderr all=off uptime,level,tags foldmultilines=false

Environment Variables:
JAVA_HOME=C:\Java\jdk-21.0.5
PATH=C:/Java/sts//plugins/org.eclipse.justj.openjdk.hotspot.jre.full.win32.x86_64_21.0.6.v20250130-0529/jre/bin/server;C:/Java/sts//plugins/org.eclipse.justj.openjdk.hotspot.jre.full.win32.x86_64_21.0.6.v20250130-0529/jre/bin;C:\WINDOWS\system32;C:\WINDOWS;C:\WINDOWS\System32\Wbem;C:\WINDOWS\System32\WindowsPowerShell\v1.0\;C:\WINDOWS\System32\OpenSSH\;C:\Program Files (x86)\Microsoft SQL Server\160\Tools\Binn\;C:\Program Files\Microsoft SQL Server\160\Tools\Binn\;C:\Program Files\Microsoft SQL Server\Client SDK\ODBC\170\Tools\Binn\;C:\Program Files\Microsoft SQL Server\160\DTS\Binn\;C:\Program Files (x86)\Microsoft SQL Server\160\DTS\Binn\;C:\Program Files\Microsoft SQL Server\150\Tools\Binn\;C:\Program Files\dotnet\;C:\C#_web\mongosh\mongosh-2.3.3-win32-x64\bin;C:\Program Files\Git\cmd;C:\NodeJS\node-v22;C:\Java\apache\bin;C:\Java\jdk-21.0.5\bin;C:\mobile_dev\flutter\flutter\bin;C:\Program Files (x86)\Windows Kits\10\Windows Performance Toolkit\;C:\mobile_dev\Android\Sdk\platform-tools;C:\python\python\Scripts\;C:\python\python\;C:\Users\Tai\AppData\Local\Microsoft\WindowsApps;C:\Microsoft VS Code\bin;C:\Users\Tai\.dotnet\tools;C:\AI\cursor\resources\app\bin;C:\Java\sts;
USERNAME=Tai
OS=Windows_NT
PROCESSOR_IDENTIFIER=AMD64 Family 25 Model 80 Stepping 0, AuthenticAMD
TMP=C:\Users\Tai\AppData\Local\Temp
TEMP=C:\Users\Tai\AppData\Local\Temp




Periodic native trim disabled

---------------  S Y S T E M  ---------------

OS:
 Windows 11 , 64 bit Build 26100 (10.0.26100.7019)
OS uptime: 0 days 23:48 hours

CPU: total 16 (initial active 16) (16 cores per cpu, 2 threads per core) family 25 model 80 stepping 0 microcode 0xa50000d, cx8, cmov, fxsr, ht, mmx, 3dnowpref, sse, sse2, sse3, ssse3, sse4a, sse4.1, sse4.2, popcnt, lzcnt, tsc, tscinvbit, avx, avx2, aes, erms, clmul, bmi1, bmi2, adx, sha, fma, vzeroupper, clflush, clflushopt, rdtscp, rdpid, fsrm, f16c, pku, cet_ss
Processor Information for processor 0
  Max Mhz: 3201, Current Mhz: 3201, Mhz Limit: 3201
Processor Information for processor 1
  Max Mhz: 3201, Current Mhz: 3201, Mhz Limit: 3201
Processor Information for processor 2
  Max Mhz: 3201, Current Mhz: 3201, Mhz Limit: 3201
Processor Information for processor 3
  Max Mhz: 3201, Current Mhz: 1990, Mhz Limit: 3201
Processor Information for processor 4
  Max Mhz: 3201, Current Mhz: 1990, Mhz Limit: 3201
Processor Information for processor 5
  Max Mhz: 3201, Current Mhz: 3201, Mhz Limit: 3201
Processor Information for processor 6
  Max Mhz: 3201, Current Mhz: 3201, Mhz Limit: 3201
Processor Information for processor 7
  Max Mhz: 3201, Current Mhz: 3201, Mhz Limit: 3201
Processor Information for processor 8
  Max Mhz: 3201, Current Mhz: 3201, Mhz Limit: 3201
Processor Information for processor 9
  Max Mhz: 3201, Current Mhz: 1990, Mhz Limit: 3201
Processor Information for processor 10
  Max Mhz: 3201, Current Mhz: 1990, Mhz Limit: 3201
Processor Information for processor 11
  Max Mhz: 3201, Current Mhz: 1990, Mhz Limit: 3201
Processor Information for processor 12
  Max Mhz: 3201, Current Mhz: 3201, Mhz Limit: 3201
Processor Information for processor 13
  Max Mhz: 3201, Current Mhz: 1990, Mhz Limit: 3201
Processor Information for processor 14
  Max Mhz: 3201, Current Mhz: 3201, Mhz Limit: 3201
Processor Information for processor 15
  Max Mhz: 3201, Current Mhz: 1990, Mhz Limit: 3201

Memory: 4k page, system-wide physical 15775M (5021M free)
TotalPageFile size 19487M (AvailPageFile size 5962M)
current process WorkingSet (physical memory assigned to process): 396M, peak: 412M
current process commit charge ("private bytes"): 460M, peak: 490M

vm_info: Java HotSpot(TM) 64-Bit Server VM (21.0.5+9-LTS-239) for windows-amd64 JRE (21.0.5+9-LTS-239), built on 2024-09-30T05:17:38Z by "mach5one" with MS VC++ 17.6 (VS2022)

END.
