#
# A fatal error has been detected by the Java Runtime Environment:
#
#  EXCEPTION_ACCESS_VIOLATION (0xc0000005) at pc=0x00007ffb0c10d536, pid=16532, tid=8904
#
# JRE version: Java(TM) SE Runtime Environment (21.0.5+9) (build 21.0.5+9-LTS-239)
# Java VM: Java HotSpot(TM) 64-Bit Server VM (21.0.5+9-LTS-239, mixed mode, emulated-client, sharing, tiered, compressed oops, compressed class ptrs, g1 gc, windows-amd64)
# Problematic frame:
# V  [jvm.dll+0x13d536]
#
# No core dump will be written. Minidumps are not enabled by default on client versions of Windows
#
# If you would like to submit a bug report, please visit:
#   https://bugreport.java.com/bugreport/crash.jsp
#

---------------  S U M M A R Y ------------

Command Line: -XX:+ShowCodeDetailsInExceptionMessages -agentlib:jdwp=transport=dt_socket,suspend=y,address=localhost:61617 -Dcom.sun.management.jmxremote -Dcom.sun.management.jmxremote.port=61616 -Dcom.sun.management.jmxremote.authenticate=false -Dcom.sun.management.jmxremote.ssl=false -Djava.rmi.server.hostname=localhost -Dspring.jmx.enabled=true -Dmanagement.endpoints.jmx.exposure.include=* -Dspring.application.admin.enabled=true -Dspring.output.ansi.enabled=always -XX:TieredStopAtLevel=1 -Dspring.boot.project.name=projectSem4 -javaagent:C:\Java\sts\configuration\org.eclipse.osgi\270\0\.cp\lib\javaagent-shaded.jar -Dfile.encoding=UTF-8 -Dstdout.encoding=UTF-8 -Dstderr.encoding=UTF-8 projectSem4.com.ProjectSem4Application

Host: AMD Ryzen 7 5800H with Radeon Graphics         , 16 cores, 15G,  Windows 11 , 64 bit Build 26100 (10.0.26100.6725)
Time: Thu Oct  2 15:03:42 2025 SE Asia Standard Time elapsed time: 4783.969746 seconds (0d 1h 19m 43s)

---------------  T H R E A D  ---------------

Current thread (0x00000169dc412f50):  WorkerThread "GC Thread#9"    [id=8904, stack(0x000000064c700000,0x000000064c800000) (1024K)]

Stack: [0x000000064c700000,0x000000064c800000],  sp=0x000000064c7fdcf8,  free space=1015k
Native frames: (J=compiled Java code, j=interpreted, Vv=VM code, C=native code)
V  [jvm.dll+0x13d536]

JavaThread 0x00000169de7b2840 (nid = 14296) was being processed
Java frames: (J=compiled Java code, j=interpreted, Vv=VM code)
j  java.lang.invoke.DirectMethodHandle$Holder.newInvokeSpecial(Ljava/lang/Object;)Ljava/lang/Object;+15 java.base@21.0.5
J 890 c1 jdk.internal.reflect.DirectConstructorHandleAccessor.newInstance([Ljava/lang/Object;)Ljava/lang/Object; java.base@21.0.5 (130 bytes) @ 0x000001698ac9b86c [0x000001698ac9b660+0x000000000000020c]
J 889 c1 java.lang.reflect.Constructor.newInstanceWithCaller([Ljava/lang/Object;ZLjava/lang/Class;)Ljava/lang/Object; java.base@21.0.5 (51 bytes) @ 0x000001698ac9549c [0x000001698ac953c0+0x00000000000000dc]
J 19871 c1 org.springframework.beans.BeanUtils.instantiateClass(Ljava/lang/reflect/Constructor;[Ljava/lang/Object;)Ljava/lang/Object; (208 bytes) @ 0x000001698b04d30c [0x000001698b04cd80+0x000000000000058c]
J 22067 c1 org.springframework.beans.factory.support.SimpleInstantiationStrategy.instantiate(Lorg/springframework/beans/factory/support/RootBeanDefinition;Ljava/lang/String;Lorg/springframework/beans/factory/BeanFactory;)Ljava/lang/Object; (123 bytes) @ 0x000001698b5c056c [0x000001698b5c00a0+0x00000000000004cc]
J 22066 c1 org.springframework.beans.factory.support.AbstractAutowireCapableBeanFactory.instantiateBean(Ljava/lang/String;Lorg/springframework/beans/factory/support/RootBeanDefinition;)Lorg/springframework/beans/BeanWrapper; (51 bytes) @ 0x000001698aa7a4f4 [0x000001698aa7a440+0x00000000000000b4]
J 21628 c1 org.springframework.beans.factory.support.AbstractAutowireCapableBeanFactory.createBeanInstance(Ljava/lang/String;Lorg/springframework/beans/factory/support/RootBeanDefinition;[Ljava/lang/Object;)Lorg/springframework/beans/BeanWrapper; (245 bytes) @ 0x000001698b53d304 [0x000001698b53ccc0+0x0000000000000644]
J 21624 c1 org.springframework.beans.factory.support.AbstractAutowireCapableBeanFactory.doCreateBean(Ljava/lang/String;Lorg/springframework/beans/factory/support/RootBeanDefinition;[Ljava/lang/Object;)Ljava/lang/Object; (465 bytes) @ 0x000001698b53932c [0x000001698b539180+0x00000000000001ac]
J 21627 c1 org.springframework.beans.factory.support.AbstractAutowireCapableBeanFactory.createBean(Ljava/lang/String;Lorg/springframework/beans/factory/support/RootBeanDefinition;[Ljava/lang/Object;)Ljava/lang/Object; (214 bytes) @ 0x000001698bc1f2bc [0x000001698bc1edc0+0x00000000000004fc]
J 21633 c1 org.springframework.beans.factory.support.AbstractBeanFactory$$Lambda+0x000001699830e908.getObject()Ljava/lang/Object; (20 bytes) @ 0x000001698bc1d13c [0x000001698bc1d0a0+0x000000000000009c]
J 21618 c1 org.springframework.beans.factory.support.DefaultSingletonBeanRegistry.getSingleton(Ljava/lang/String;Lorg/springframework/beans/factory/ObjectFactory;)Ljava/lang/Object; (1299 bytes) @ 0x000001698b25a83c [0x000001698b259580+0x00000000000012bc]
J 19711 c1 org.springframework.beans.factory.support.AbstractBeanFactory.doGetBean(Ljava/lang/String;Ljava/lang/Class;[Ljava/lang/Object;Z)Ljava/lang/Object; (787 bytes) @ 0x000001698b360d0c [0x000001698b360680+0x000000000000068c]
J 21529 c1 org.springframework.beans.factory.support.AbstractBeanFactory.getBean(Ljava/lang/String;)Ljava/lang/Object; (9 bytes) @ 0x000001698b9c8094 [0x000001698b9c8020+0x0000000000000074]
J 22089 c1 org.springframework.beans.factory.config.DependencyDescriptor.resolveCandidate(Ljava/lang/String;Ljava/lang/Class;Lorg/springframework/beans/factory/BeanFactory;)Ljava/lang/Object; (8 bytes) @ 0x000001698acef90c [0x000001698acef8a0+0x000000000000006c]
J 21707 c1 org.springframework.beans.factory.support.DefaultListableBeanFactory.doResolveDependency(Lorg/springframework/beans/factory/config/DependencyDescriptor;Ljava/lang/String;Ljava/util/Set;Lorg/springframework/beans/TypeConverter;)Ljava/lang/Object; (703 bytes) @ 0x000001698b22bd54 [0x000001698b22a160+0x0000000000001bf4]
J 21701 c1 org.springframework.beans.factory.support.DefaultListableBeanFactory.resolveDependency(Lorg/springframework/beans/factory/config/DependencyDescriptor;Ljava/lang/String;Ljava/util/Set;Lorg/springframework/beans/TypeConverter;)Ljava/lang/Object; (121 bytes) @ 0x000001698b45733c [0x000001698b457160+0x00000000000001dc]
J 22011 c1 org.springframework.beans.factory.annotation.AutowiredAnnotationBeanPostProcessor$AutowiredFieldElement.resolveFieldValue(Ljava/lang/reflect/Field;Ljava/lang/Object;Ljava/lang/String;)Ljava/lang/Object; (271 bytes) @ 0x000001698baa8c84 [0x000001698baa8680+0x0000000000000604]
J 22010 c1 org.springframework.beans.factory.annotation.AutowiredAnnotationBeanPostProcessor$AutowiredFieldElement.inject(Ljava/lang/Object;Ljava/lang/String;Lorg/springframework/beans/PropertyValues;)V (98 bytes) @ 0x000001698baad5a4 [0x000001698baad4c0+0x00000000000000e4]
J 20860 c1 org.springframework.beans.factory.annotation.InjectionMetadata.inject(Ljava/lang/Object;Ljava/lang/String;Lorg/springframework/beans/PropertyValues;)V (75 bytes) @ 0x000001698bbc4844 [0x000001698bbc4700+0x0000000000000144]
J 21790 c1 org.springframework.beans.factory.annotation.AutowiredAnnotationBeanPostProcessor.postProcessProperties(Lorg/springframework/beans/PropertyValues;Ljava/lang/Object;Ljava/lang/String;)Lorg/springframework/beans/PropertyValues; (46 bytes) @ 0x000001698b3c6614 [0x000001698b3c6560+0x00000000000000b4]
J 20644 c1 org.springframework.beans.factory.support.AbstractAutowireCapableBeanFactory.populateBean(Ljava/lang/String;Lorg/springframework/beans/factory/support/RootBeanDefinition;Lorg/springframework/beans/BeanWrapper;)V (355 bytes) @ 0x000001698aa15d4c [0x000001698aa151e0+0x0000000000000b6c]
J 21624 c1 org.springframework.beans.factory.support.AbstractAutowireCapableBeanFactory.doCreateBean(Ljava/lang/String;Lorg/springframework/beans/factory/support/RootBeanDefinition;[Ljava/lang/Object;)Ljava/lang/Object; (465 bytes) @ 0x000001698b539864 [0x000001698b539180+0x00000000000006e4]
J 21627 c1 org.springframework.beans.factory.support.AbstractAutowireCapableBeanFactory.createBean(Ljava/lang/String;Lorg/springframework/beans/factory/support/RootBeanDefinition;[Ljava/lang/Object;)Ljava/lang/Object; (214 bytes) @ 0x000001698bc1f2bc [0x000001698bc1edc0+0x00000000000004fc]
J 21633 c1 org.springframework.beans.factory.support.AbstractBeanFactory$$Lambda+0x000001699830e908.getObject()Ljava/lang/Object; (20 bytes) @ 0x000001698bc1d13c [0x000001698bc1d0a0+0x000000000000009c]
J 21618 c1 org.springframework.beans.factory.support.DefaultSingletonBeanRegistry.getSingleton(Ljava/lang/String;Lorg/springframework/beans/factory/ObjectFactory;)Ljava/lang/Object; (1299 bytes) @ 0x000001698b25a83c [0x000001698b259580+0x00000000000012bc]
J 19711 c1 org.springframework.beans.factory.support.AbstractBeanFactory.doGetBean(Ljava/lang/String;Ljava/lang/Class;[Ljava/lang/Object;Z)Ljava/lang/Object; (787 bytes) @ 0x000001698b360d0c [0x000001698b360680+0x000000000000068c]
J 21707 c1 org.springframework.beans.factory.support.DefaultListableBeanFactory.doResolveDependency(Lorg/springframework/beans/factory/config/DependencyDescriptor;Ljava/lang/String;Ljava/util/Set;Lorg/springframework/beans/TypeConverter;)Ljava/lang/Object; (703 bytes) @ 0x000001698b22c01c [0x000001698b22a160+0x0000000000001ebc]
J 21701 c1 org.springframework.beans.factory.support.DefaultListableBeanFactory.resolveDependency(Lorg/springframework/beans/factory/config/DependencyDescriptor;Ljava/lang/String;Ljava/util/Set;Lorg/springframework/beans/TypeConverter;)Ljava/lang/Object; (121 bytes) @ 0x000001698b45733c [0x000001698b457160+0x00000000000001dc]
J 22011 c1 org.springframework.beans.factory.annotation.AutowiredAnnotationBeanPostProcessor$AutowiredFieldElement.resolveFieldValue(Ljava/lang/reflect/Field;Ljava/lang/Object;Ljava/lang/String;)Ljava/lang/Object; (271 bytes) @ 0x000001698baa8c84 [0x000001698baa8680+0x0000000000000604]
J 22010 c1 org.springframework.beans.factory.annotation.AutowiredAnnotationBeanPostProcessor$AutowiredFieldElement.inject(Ljava/lang/Object;Ljava/lang/String;Lorg/springframework/beans/PropertyValues;)V (98 bytes) @ 0x000001698baad5a4 [0x000001698baad4c0+0x00000000000000e4]
J 20860 c1 org.springframework.beans.factory.annotation.InjectionMetadata.inject(Ljava/lang/Object;Ljava/lang/String;Lorg/springframework/beans/PropertyValues;)V (75 bytes) @ 0x000001698bbc4844 [0x000001698bbc4700+0x0000000000000144]
J 21790 c1 org.springframework.beans.factory.annotation.AutowiredAnnotationBeanPostProcessor.postProcessProperties(Lorg/springframework/beans/PropertyValues;Ljava/lang/Object;Ljava/lang/String;)Lorg/springframework/beans/PropertyValues; (46 bytes) @ 0x000001698b3c6614 [0x000001698b3c6560+0x00000000000000b4]
J 20644 c1 org.springframework.beans.factory.support.AbstractAutowireCapableBeanFactory.populateBean(Ljava/lang/String;Lorg/springframework/beans/factory/support/RootBeanDefinition;Lorg/springframework/beans/BeanWrapper;)V (355 bytes) @ 0x000001698aa15d4c [0x000001698aa151e0+0x0000000000000b6c]
J 21624 c1 org.springframework.beans.factory.support.AbstractAutowireCapableBeanFactory.doCreateBean(Ljava/lang/String;Lorg/springframework/beans/factory/support/RootBeanDefinition;[Ljava/lang/Object;)Ljava/lang/Object; (465 bytes) @ 0x000001698b539864 [0x000001698b539180+0x00000000000006e4]
J 21627 c1 org.springframework.beans.factory.support.AbstractAutowireCapableBeanFactory.createBean(Ljava/lang/String;Lorg/springframework/beans/factory/support/RootBeanDefinition;[Ljava/lang/Object;)Ljava/lang/Object; (214 bytes) @ 0x000001698bc1f2bc [0x000001698bc1edc0+0x00000000000004fc]
J 21633 c1 org.springframework.beans.factory.support.AbstractBeanFactory$$Lambda+0x000001699830e908.getObject()Ljava/lang/Object; (20 bytes) @ 0x000001698bc1d13c [0x000001698bc1d0a0+0x000000000000009c]
J 21618 c1 org.springframework.beans.factory.support.DefaultSingletonBeanRegistry.getSingleton(Ljava/lang/String;Lorg/springframework/beans/factory/ObjectFactory;)Ljava/lang/Object; (1299 bytes) @ 0x000001698b25a83c [0x000001698b259580+0x00000000000012bc]
J 19711 c1 org.springframework.beans.factory.support.AbstractBeanFactory.doGetBean(Ljava/lang/String;Ljava/lang/Class;[Ljava/lang/Object;Z)Ljava/lang/Object; (787 bytes) @ 0x000001698b360d0c [0x000001698b360680+0x000000000000068c]
J 22101 c1 org.springframework.beans.factory.support.DefaultListableBeanFactory.instantiateSingleton(Ljava/lang/String;)V (56 bytes) @ 0x000001698b3fb8f4 [0x000001698b3fb4a0+0x0000000000000454]
J 22102 c1 org.springframework.beans.factory.support.DefaultListableBeanFactory.preInstantiateSingleton(Ljava/lang/String;Lorg/springframework/beans/factory/support/RootBeanDefinition;)Ljava/util/concurrent/CompletableFuture; (165 bytes) @ 0x000001698b3fa9bc [0x000001698b3fa700+0x00000000000002bc]
j  org.springframework.beans.factory.support.DefaultListableBeanFactory.preInstantiateSingletons()V+123
j  org.springframework.context.support.AbstractApplicationContext.finishBeanFactoryInitialization(Lorg/springframework/beans/factory/config/ConfigurableListableBeanFactory;)V+284
j  org.springframework.context.support.AbstractApplicationContext.refresh()V+94
j  org.springframework.boot.web.servlet.context.ServletWebServerApplicationContext.refresh()V+1
j  org.springframework.boot.SpringApplication.refresh(Lorg/springframework/context/ConfigurableApplicationContext;)V+1
j  org.springframework.boot.SpringApplication.refreshContext(Lorg/springframework/context/ConfigurableApplicationContext;)V+19
j  org.springframework.boot.SpringApplication.run([Ljava/lang/String;)Lorg/springframework/context/ConfigurableApplicationContext;+113
j  org.springframework.boot.SpringApplication.run([Ljava/lang/Class;[Ljava/lang/String;)Lorg/springframework/context/ConfigurableApplicationContext;+9
j  org.springframework.boot.SpringApplication.run(Ljava/lang/Class;[Ljava/lang/String;)Lorg/springframework/context/ConfigurableApplicationContext;+9
j  projectSem4.com.ProjectSem4Application.main([Ljava/lang/String;)V+3
j  java.lang.invoke.LambdaForm$DMH+0x0000016998004c00.invokeStatic(Ljava/lang/Object;Ljava/lang/Object;)V+10 java.base@21.0.5
j  java.lang.invoke.LambdaForm$MH+0x00000169989bdc00.invoke(Ljava/lang/Object;Ljava/lang/Object;Ljava/lang/Object;)Ljava/lang/Object;+33 java.base@21.0.5
J 4303 c1 jdk.internal.reflect.DirectMethodHandleAccessor.invoke(Ljava/lang/Object;[Ljava/lang/Object;)Ljava/lang/Object; java.base@21.0.5 (92 bytes) @ 0x000001698b466684 [0x000001698b466320+0x0000000000000364]
J 4308 c1 java.lang.reflect.Method.invoke(Ljava/lang/Object;[Ljava/lang/Object;)Ljava/lang/Object; java.base@21.0.5 (108 bytes) @ 0x000001698b4608f4 [0x000001698b460700+0x00000000000001f4]
j  org.springframework.boot.devtools.restart.RestartLauncher.run()V+47
v  ~StubRoutines::call_stub 0x000001698a87100d

siginfo: EXCEPTION_ACCESS_VIOLATION (0xc0000005), reading address 0x0000016a2e72e547


Registers:
RAX=0x0000000000000000, RBX=0x0000000000000000, RCX=0x000000064a4fac80, RDX=0x000000064a4fac80
RSP=0x000000064c7fdcf8, RBP=0x000000064c7fded0, RSI=0x000000064c7fe0a0, RDI=0x000000064a4fac80
R8 =0x0000016a2e72e53f, R9 =0x000000064a4fac80, R10=0x000000064a4fac80, R11=0x000000064c7fdf48
R12=0x00000169975444f0, R13=0x0000016a2e72e53f, R14=0x000000064a4fac80, R15=0x00000169deb6ec80
RIP=0x00007ffb0c10d536, EFLAGS=0x0000000000010206


Register to memory mapping:

RAX=0x0 is null
RBX=0x0 is null
RCX=0x000000064a4fac80 is pointing into the stack for thread: 0x00000169de7b2840
RDX=0x000000064a4fac80 is pointing into the stack for thread: 0x00000169de7b2840
RSP=0x000000064c7fdcf8 points into unknown readable memory: 0x00007ffb0c32563b | 3b 56 32 0c fb 7f 00 00
RBP=0x000000064c7fded0 points into unknown readable memory: 0x0000000000000000 | 00 00 00 00 00 00 00 00
RSI=0x000000064c7fe0a0 points into unknown readable memory: 0x000000064a4fac78 | 78 ac 4f 4a 06 00 00 00
RDI=0x000000064a4fac80 is pointing into the stack for thread: 0x00000169de7b2840
R8 =0x0000016a2e72e53f is an unknown value
R9 =0x000000064a4fac80 is pointing into the stack for thread: 0x00000169de7b2840
R10=0x000000064a4fac80 is pointing into the stack for thread: 0x00000169de7b2840
R11=0x000000064c7fdf48 points into unknown readable memory: 0x00007ffb0c2e207d | 7d 20 2e 0c fb 7f 00 00
R12=0x00000169975444f0 is pointing into metadata
R13=0x0000016a2e72e53f is an unknown value
R14=0x000000064a4fac80 is pointing into the stack for thread: 0x00000169de7b2840
R15=0x00000169deb6ec80 points into unknown readable memory: 0x00007ffb0c9a7578 | 78 75 9a 0c fb 7f 00 00

Top of Stack: (sp=0x000000064c7fdcf8)
0x000000064c7fdcf8:   00007ffb0c32563b 0000000000000000
0x000000064c7fdd08:   0000000000000000 0000000000000000
0x000000064c7fdd18:   0000000000000000 0000000000000000
0x000000064c7fdd28:   0000000000000000 0000000000000000
0x000000064c7fdd38:   00007ffb0c713c51 0000000000000000
0x000000064c7fdd48:   0000000000000000 0000000000000000
0x000000064c7fdd58:   0000000000000000 00000169dc27c450
0x000000064c7fdd68:   00000169966c43d0 00000169975444f0
0x000000064c7fdd78:   00000169deb775c8 000000064c7fe0a0
0x000000064c7fdd88:   000000064c7fded0 000000064a4fac80
0x000000064c7fdd98:   00007ffb0c333ce8 000000064c7fde60
0x000000064c7fdda8:   000000064c7fe0a0 0000016997480090
0x000000064c7fddb8:   0000000000000000 00000169deb775c8
0x000000064c7fddc8:   00007ffb0c2e262b 0000000000000001
0x000000064c7fddd8:   00000169970b6370 00000169deb775c8
0x000000064c7fdde8:   0000000000000000 0000000f00000001
0x000000064c7fddf8:   00000169970b6370 00000169dc412f50
0x000000064c7fde08:   0000016900000003 00000000000003d8
0x000000064c7fde18:   00000169966c43e0 00000169966c47b8
0x000000064c7fde28:   000001699772e53f 00000000000000b8
0x000000064c7fde38:   00000169970b6370 0000000000000000
0x000000064c7fde48:   0000000000000000 0000000000000000
0x000000064c7fde58:   0000000000000000 00000169975444f0
0x000000064c7fde68:   0000001300000001 0000000000000032
0x000000064c7fde78:   000000010000000c 0000016997480090
0x000000064c7fde88:   0000000000000000 0000000000000000
0x000000064c7fde98:   0000000000000000 0000000000000000
0x000000064c7fdea8:   0000000000000000 0000000000000000
0x000000064c7fdeb8:   0000000000000000 0000000000000000
0x000000064c7fdec8:   0000000000000000 0000000000000000
0x000000064c7fded8:   0000000000000000 0000000000000000
0x000000064c7fdee8:   0000000000000000 0000000000000000 

Instructions: (pc=0x00007ffb0c10d536)
0x00007ffb0c10d436:   4c 63 c0 41 8b c1 48 c1 f8 10 48 63 14 19 41 8b
0x00007ffb0c10d446:   c9 83 e1 3f 48 d3 e2 0f b6 c8 49 8d 04 10 49 f7
0x00007ffb0c10d456:   d0 48 03 c8 49 c1 e8 03 48 c1 e9 03 49 23 c8 eb
0x00007ffb0c10d466:   12 49 8b 00 48 8b d3 49 8b c8 ff 90 00 01 00 00
0x00007ffb0c10d476:   48 8b c8 48 89 1f 48 8b c7 48 8b 5c 24 30 48 89
0x00007ffb0c10d486:   4f 08 48 83 c4 20 5f c3 cc cc 0f b6 05 03 f1 a7
0x00007ffb0c10d496:   00 48 8b d1 84 c0 74 16 44 8b 41 08 8b 0d d0 da
0x00007ffb0c10d4a6:   a7 00 49 d3 e0 4c 03 05 be da a7 00 eb 04 4c 8b
0x00007ffb0c10d4b6:   41 08 45 8b 48 08 45 85 c9 7e 0e 41 f6 c1 01 75
0x00007ffb0c10d4c6:   53 41 c1 f9 03 49 63 c1 c3 79 49 84 c0 41 b8 0c
0x00007ffb0c10d4d6:   00 00 00 8b 05 d9 eb a7 00 b9 10 00 00 00 41 0f
0x00007ffb0c10d4e6:   45 c8 ff c8 4c 63 c0 41 8b c1 48 c1 f8 10 0f b6
0x00007ffb0c10d4f6:   c0 48 63 14 11 41 8b c9 83 e1 3f 48 d3 e2 49 8d
0x00007ffb0c10d506:   0c 10 49 f7 d0 48 03 c1 49 c1 e8 03 48 c1 e8 03
0x00007ffb0c10d516:   49 23 c0 c3 49 8b 00 49 8b c8 48 ff a0 00 01 00
0x00007ffb0c10d526:   00 cc cc cc cc cc cc cc cc cc 4c 8b c2 48 8b d1
0x00007ffb0c10d536:   45 8b 48 08 45 85 c9 7e 0e 41 f6 c1 01 75 56 41
0x00007ffb0c10d546:   c1 f9 03 49 63 c1 c3 79 4c 80 3d 44 f0 a7 00 00
0x00007ffb0c10d556:   b8 0c 00 00 00 b9 10 00 00 00 0f 45 c8 8b 05 4f
0x00007ffb0c10d566:   eb a7 00 ff c8 4c 63 c0 41 8b c1 48 c1 f8 10 48
0x00007ffb0c10d576:   63 14 11 41 8b c9 83 e1 3f 0f b6 c0 48 d3 e2 49
0x00007ffb0c10d586:   8d 0c 10 49 f7 d0 48 03 c1 49 c1 e8 03 48 c1 e8
0x00007ffb0c10d596:   03 49 23 c0 c3 49 8b 00 49 8b c8 48 ff a0 00 01
0x00007ffb0c10d5a6:   00 00 cc cc cc cc cc cc cc cc 48 83 ec 28 ba 37
0x00007ffb0c10d5b6:   00 00 00 48 8d 0d 88 86 85 00 e8 4b 06 14 00 cc
0x00007ffb0c10d5c6:   cc cc cc cc cc cc cc cc cc cc 40 53 48 83 ec 20
0x00007ffb0c10d5d6:   48 8b d9 49 8b c0 33 c9 45 0f b6 c1 48 89 0b 48
0x00007ffb0c10d5e6:   89 4b 08 48 8b cb 48 89 53 10 48 8b d0 e8 a8 09
0x00007ffb0c10d5f6:   00 00 48 8b c3 48 83 c4 20 5b c3 cc cc cc cc cc
0x00007ffb0c10d606:   cc cc cc cc cc cc cc cc cc cc 40 53 48 83 ec 20
0x00007ffb0c10d616:   33 c0 44 88 41 10 45 0f b6 c1 48 89 01 48 89 41
0x00007ffb0c10d626:   08 48 8b d9 e8 81 0a 00 00 48 8b c3 48 83 c4 20 


Stack slot to memory mapping:

stack at sp + 0 slots: 0x00007ffb0c32563b jvm.dll
stack at sp + 1 slots: 0x0 is null
stack at sp + 2 slots: 0x0 is null
stack at sp + 3 slots: 0x0 is null
stack at sp + 4 slots: 0x0 is null
stack at sp + 5 slots: 0x0 is null
stack at sp + 6 slots: 0x0 is null
stack at sp + 7 slots: 0x0 is null


---------------  P R O C E S S  ---------------

Threads class SMR info:
_java_thread_list=0x00000169deaeef70, length=30, elements={
0x00000169963d8f50, 0x00000169963d99a0, 0x00000169963ddc10, 0x00000169963dea10,
0x00000169963e1010, 0x00000169963e5220, 0x00000169963e9d20, 0x0000016996594ef0,
0x0000016996695970, 0x000001699669efa0, 0x00000169966a3f60, 0x00000169dc1ed290,
0x00000169dc3aee10, 0x00000169dc3cd990, 0x00000169dc437220, 0x00000169dc976e00,
0x00000169dc9aafa0, 0x00000169dc9dee20, 0x00000169de222200, 0x00000169de7b21b0,
0x00000169de7b69e0, 0x00000169de7b2840, 0x00000169de7b00e0, 0x00000169de7b0e00,
0x00000169de7b2ed0, 0x00000169de7b4910, 0x00000169de7b3560, 0x00000169de7b7070,
0x00000169de7b5cc0, 0x00000169de7b6350
}

Java Threads: ( => current thread )
  0x00000169963d8f50 JavaThread "Reference Handler"          daemon [_thread_blocked, id=16568, stack(0x000000064ae00000,0x000000064af00000) (1024K)]
  0x00000169963d99a0 JavaThread "Finalizer"                  daemon [_thread_blocked, id=11928, stack(0x000000064af00000,0x000000064b000000) (1024K)]
  0x00000169963ddc10 JavaThread "Signal Dispatcher"          daemon [_thread_blocked, id=15040, stack(0x000000064b000000,0x000000064b100000) (1024K)]
  0x00000169963dea10 JavaThread "Attach Listener"            daemon [_thread_blocked, id=5828, stack(0x000000064b100000,0x000000064b200000) (1024K)]
  0x00000169963e1010 JavaThread "Service Thread"             daemon [_thread_blocked, id=3032, stack(0x000000064b200000,0x000000064b300000) (1024K)]
  0x00000169963e5220 JavaThread "Monitor Deflation Thread"   daemon [_thread_blocked, id=8712, stack(0x000000064b300000,0x000000064b400000) (1024K)]
  0x00000169963e9d20 JavaThread "C1 CompilerThread0"         daemon [_thread_blocked, id=9332, stack(0x000000064b400000,0x000000064b500000) (1024K)]
  0x0000016996594ef0 JavaThread "Common-Cleaner"             daemon [_thread_blocked, id=15432, stack(0x000000064b500000,0x000000064b600000) (1024K)]
  0x0000016996695970 JavaThread "JDWP Transport Listener: dt_socket" daemon [_thread_blocked, id=12160, stack(0x000000064b900000,0x000000064ba00000) (1024K)]
  0x000001699669efa0 JavaThread "JDWP Event Helper Thread"   daemon [_thread_blocked, id=15732, stack(0x000000064ba00000,0x000000064bb00000) (1024K)]
  0x00000169966a3f60 JavaThread "JDWP Command Reader"        daemon [_thread_in_native, id=9692, stack(0x000000064bb00000,0x000000064bc00000) (1024K)]
  0x00000169dc1ed290 JavaThread "Notification Thread"        daemon [_thread_blocked, id=12720, stack(0x000000064bc00000,0x000000064bd00000) (1024K)]
  0x00000169dc3aee10 JavaThread "RMI TCP Accept-0"           daemon [_thread_in_native, id=1500, stack(0x000000064bd00000,0x000000064be00000) (1024K)]
  0x00000169dc3cd990 JavaThread "RMI TCP Accept-61616"       daemon [_thread_in_native, id=12136, stack(0x000000064be00000,0x000000064bf00000) (1024K)]
  0x00000169dc437220 JavaThread "RMI TCP Accept-0"           daemon [_thread_in_native, id=17844, stack(0x000000064c900000,0x000000064ca00000) (1024K)]
  0x00000169dc976e00 JavaThread "RMI Scheduler(0)"           daemon [_thread_blocked, id=6432, stack(0x000000064cf00000,0x000000064d000000) (1024K)]
  0x00000169dc9aafa0 JavaThread "RMI TCP Connection(idle)"   daemon [_thread_blocked, id=15484, stack(0x000000064d000000,0x000000064d100000) (1024K)]
  0x00000169dc9dee20 JavaThread "JMX server connection timeout 54" daemon [_thread_blocked, id=15992, stack(0x000000064d100000,0x000000064d200000) (1024K)]
  0x00000169de222200 JavaThread "Live Reload Server"         daemon [_thread_in_native, id=4976, stack(0x000000064e200000,0x000000064e300000) (1024K)]
  0x00000169de7b21b0 JavaThread "DestroyJavaVM"                     [_thread_blocked, id=10192, stack(0x000000064a600000,0x000000064a700000) (1024K)]
  0x00000169de7b69e0 JavaThread "Thread-23"                         [_thread_blocked, id=1164, stack(0x000000064a300000,0x000000064a400000) (1024K)]
  0x00000169de7b2840 JavaThread "restartedMain"                     [_thread_blocked, id=14296, stack(0x000000064a400000,0x000000064a500000) (1024K)]
  0x00000169de7b00e0 JavaThread "Catalina-utility-1"                [_thread_blocked, id=5372, stack(0x000000064b700000,0x000000064b800000) (1024K)]
  0x00000169de7b0e00 JavaThread "Catalina-utility-2"                [_thread_blocked, id=9308, stack(0x000000064b800000,0x000000064b900000) (1024K)]
  0x00000169de7b2ed0 JavaThread "container-0"                       [_thread_blocked, id=8524, stack(0x000000064ca00000,0x000000064cb00000) (1024K)]
  0x00000169de7b4910 JavaThread "mssql-jdbc-shared-timer-core-6" daemon [_thread_blocked, id=8380, stack(0x000000064cb00000,0x000000064cc00000) (1024K)]
  0x00000169de7b3560 JavaThread "HikariPool-7:housekeeper"   daemon [_thread_blocked, id=14116, stack(0x000000064ce00000,0x000000064cf00000) (1024K)]
  0x00000169de7b7070 JavaThread "HttpClient-7-SelectorManager" daemon [_thread_in_native, id=8352, stack(0x000000064d700000,0x000000064d800000) (1024K)]
  0x00000169de7b5cc0 JavaThread "HikariPool-7:connection-closer" daemon [_thread_blocked, id=8472, stack(0x000000064a500000,0x000000064a600000) (1024K)]
  0x00000169de7b6350 JavaThread "HikariPool-7:connection-adder" daemon [_thread_blocked, id=10420, stack(0x000000064b600000,0x000000064b700000) (1024K)]
Total: 30

Other Threads:
  0x00000169963b6ff0 VMThread "VM Thread"                           [id=13996, stack(0x000000064ad00000,0x000000064ae00000) (1024K)]
  0x00000169963a55b0 WatcherThread "VM Periodic Task Thread"        [id=424, stack(0x000000064ac00000,0x000000064ad00000) (1024K)]
  0x0000016980b6b070 WorkerThread "GC Thread#0"                     [id=4124, stack(0x000000064a700000,0x000000064a800000) (1024K)]
  0x00000169dc3f3190 WorkerThread "GC Thread#1"                     [id=14088, stack(0x000000064bf00000,0x000000064c000000) (1024K)]
  0x00000169dc3ec040 WorkerThread "GC Thread#2"                     [id=11772, stack(0x000000064c000000,0x000000064c100000) (1024K)]
  0x00000169dc3ec3e0 WorkerThread "GC Thread#3"                     [id=13892, stack(0x000000064c100000,0x000000064c200000) (1024K)]
  0x00000169dc3ec780 WorkerThread "GC Thread#4"                     [id=780, stack(0x000000064c200000,0x000000064c300000) (1024K)]
  0x00000169dc410ec0 WorkerThread "GC Thread#5"                     [id=10496, stack(0x000000064c300000,0x000000064c400000) (1024K)]
  0x00000169dc411260 WorkerThread "GC Thread#6"                     [id=12088, stack(0x000000064c400000,0x000000064c500000) (1024K)]
  0x00000169dc412420 WorkerThread "GC Thread#7"                     [id=10744, stack(0x000000064c500000,0x000000064c600000) (1024K)]
  0x00000169dc4132f0 WorkerThread "GC Thread#8"                     [id=15676, stack(0x000000064c600000,0x000000064c700000) (1024K)]
=>0x00000169dc412f50 WorkerThread "GC Thread#9"                     [id=8904, stack(0x000000064c700000,0x000000064c800000) (1024K)]
  0x00000169dc412810 WorkerThread "GC Thread#10"                    [id=13332, stack(0x000000064c800000,0x000000064c900000) (1024K)]
  0x00000169dc413690 WorkerThread "GC Thread#11"                    [id=7320, stack(0x000000064cc00000,0x000000064cd00000) (1024K)]
  0x00000169dc413a30 WorkerThread "GC Thread#12"                    [id=13824, stack(0x000000064cd00000,0x000000064ce00000) (1024K)]
  0x0000016980b7c270 ConcurrentGCThread "G1 Main Marker"            [id=12900, stack(0x000000064a800000,0x000000064a900000) (1024K)]
  0x0000016980b7f150 WorkerThread "G1 Conc#0"                       [id=16680, stack(0x000000064a900000,0x000000064aa00000) (1024K)]
  0x00000169dce37b20 WorkerThread "G1 Conc#1"                       [id=14036, stack(0x000000064d300000,0x000000064d400000) (1024K)]
  0x00000169dce389a0 WorkerThread "G1 Conc#2"                       [id=15948, stack(0x000000064d400000,0x000000064d500000) (1024K)]
  0x00000169962792b0 ConcurrentGCThread "G1 Refine#0"               [id=5072, stack(0x000000064aa00000,0x000000064ab00000) (1024K)]
  0x000001699627bae0 ConcurrentGCThread "G1 Service"                [id=14988, stack(0x000000064ab00000,0x000000064ac00000) (1024K)]
Total: 21

Threads with active compile tasks:
Total: 0

VM state: at safepoint (normal execution)

VM Mutex/Monitor currently owned by a thread:  ([mutex/lock_event])
[0x00007ffb0cc0be98] Threads_lock - owner thread: 0x00000169963b6ff0
[0x00007ffb0cc0bf98] Heap_lock - owner thread: 0x00000169de7b3560

Heap address: 0x0000000709800000, size: 3944 MB, Compressed Oops mode: Zero based, Oop shift amount: 3

CDS archive(s) mapped at: [0x0000016997000000-0x0000016997c90000-0x0000016997c90000), size 13172736, SharedBaseAddress: 0x0000016997000000, ArchiveRelocationMode: 1.
Compressed class space mapped at: 0x0000016998000000-0x00000169d8000000, reserved size: 1073741824
Narrow klass base: 0x0000016997000000, Narrow klass shift: 0, Narrow klass range: 0x100000000

GC Precious Log:
 CardTable entry size: 512
 Card Set container configuration: InlinePtr #cards 4 size 8 Array Of Cards #cards 16 size 48 Howl #buckets 8 coarsen threshold 3686 Howl Bitmap #cards 512 size 80 coarsen threshold 460 Card regions per heap region 1 cards per card region 4096
 CPUs: 16 total, 16 available
 Memory: 15775M
 Large Page Support: Disabled
 NUMA Support: Disabled
 Compressed Oops: Enabled (Zero based)
 Heap Region Size: 2M
 Heap Min Capacity: 8M
 Heap Initial Capacity: 248M
 Heap Max Capacity: 3944M
 Pre-touch: Disabled
 Parallel Workers: 13
 Concurrent Workers: 3
 Concurrent Refinement Workers: 13
 Periodic GC: Disabled

Heap:
 garbage-first heap   total 110592K, used 87287K [0x0000000709800000, 0x0000000800000000)
  region size 2048K, 27 young (55296K), 2 survivors (4096K)
 Metaspace       used 81908K, committed 82752K, reserved 1179648K
  class space    used 9776K, committed 10176K, reserved 1048576K

Heap Regions: E=young(eden), S=young(survivor), O=old, HS=humongous(starts), HC=humongous(continues), CS=collection set, F=free, TAMS=top-at-mark-start, PB=parsable bottom
|   0|0x0000000709800000, 0x0000000709a00000, 0x0000000709a00000|100%| O|  |TAMS 0x0000000709800000| PB 0x0000000709800000| Untracked 
|   1|0x0000000709a00000, 0x0000000709c00000, 0x0000000709c00000|100%| O|  |TAMS 0x0000000709a00000| PB 0x0000000709a00000| Untracked 
|   2|0x0000000709c00000, 0x0000000709e00000, 0x0000000709e00000|100%| O|  |TAMS 0x0000000709c00000| PB 0x0000000709c00000| Untracked 
|   3|0x0000000709e00000, 0x0000000709ffffe8, 0x000000070a000000| 99%| O|  |TAMS 0x0000000709e00000| PB 0x0000000709e00000| Untracked 
|   4|0x000000070a000000, 0x000000070a1fffc8, 0x000000070a200000| 99%| O|  |TAMS 0x000000070a000000| PB 0x000000070a000000| Untracked 
|   5|0x000000070a200000, 0x000000070a3fffe8, 0x000000070a400000| 99%| O|  |TAMS 0x000000070a200000| PB 0x000000070a200000| Untracked 
|   6|0x000000070a400000, 0x000000070a5ffff0, 0x000000070a600000| 99%| O|  |TAMS 0x000000070a400000| PB 0x000000070a400000| Untracked 
|   7|0x000000070a600000, 0x000000070a800000, 0x000000070a800000|100%| O|  |TAMS 0x000000070a600000| PB 0x000000070a600000| Untracked 
|   8|0x000000070a800000, 0x000000070a9fffd0, 0x000000070aa00000| 99%| O|  |TAMS 0x000000070a800000| PB 0x000000070a800000| Untracked 
|   9|0x000000070aa00000, 0x000000070abffff0, 0x000000070ac00000| 99%| O|  |TAMS 0x000000070aa00000| PB 0x000000070aa00000| Untracked 
|  10|0x000000070ac00000, 0x000000070adffff0, 0x000000070ae00000| 99%| O|  |TAMS 0x000000070ac00000| PB 0x000000070ac00000| Untracked 
|  11|0x000000070ae00000, 0x000000070affffd0, 0x000000070b000000| 99%| O|  |TAMS 0x000000070ae00000| PB 0x000000070ae00000| Untracked 
|  12|0x000000070b000000, 0x000000070b18aec0, 0x000000070b200000| 77%| O|  |TAMS 0x000000070b000000| PB 0x000000070b000000| Untracked 
|  13|0x000000070b200000, 0x000000070b3fffe0, 0x000000070b400000| 99%| O|  |TAMS 0x000000070b200000| PB 0x000000070b200000| Untracked 
|  14|0x000000070b400000, 0x000000070b450c60, 0x000000070b600000| 15%| O|  |TAMS 0x000000070b400000| PB 0x000000070b400000| Untracked 
|  15|0x000000070b600000, 0x000000070b633e60, 0x000000070b800000| 10%| O|Cm|TAMS 0x000000070b600000| PB 0x000000070b600000| Complete 
|  16|0x000000070b800000, 0x000000070b8398f0, 0x000000070ba00000| 11%| O|  |TAMS 0x000000070b800000| PB 0x000000070b800000| Untracked 
|  17|0x000000070ba00000, 0x000000070bc00000, 0x000000070bc00000|100%| O|  |TAMS 0x000000070ba00000| PB 0x000000070ba00000| Untracked 
|  18|0x000000070bc00000, 0x000000070be00000, 0x000000070be00000|100%| O|  |TAMS 0x000000070bc00000| PB 0x000000070bc00000| Untracked 
|  19|0x000000070be00000, 0x000000070bef4e80, 0x000000070c000000| 47%| E|CS|TAMS 0x000000070be00000| PB 0x000000070be00000| Complete 
|  20|0x000000070c000000, 0x000000070c200000, 0x000000070c200000|100%| E|CS|TAMS 0x000000070c000000| PB 0x000000070c000000| Complete 
|  21|0x000000070c200000, 0x000000070c400000, 0x000000070c400000|100%| E|CS|TAMS 0x000000070c200000| PB 0x000000070c200000| Complete 
|  22|0x000000070c400000, 0x000000070c600000, 0x000000070c600000|100%| E|CS|TAMS 0x000000070c400000| PB 0x000000070c400000| Complete 
|  23|0x000000070c600000, 0x000000070c800000, 0x000000070c800000|100%| O|  |TAMS 0x000000070c600000| PB 0x000000070c600000| Untracked 
|  24|0x000000070c800000, 0x000000070c861410, 0x000000070ca00000| 18%| O|  |TAMS 0x000000070c800000| PB 0x000000070c800000| Untracked 
|  25|0x000000070ca00000, 0x000000070ca00000, 0x000000070cc00000|  0%| F|  |TAMS 0x000000070ca00000| PB 0x000000070ca00000| Untracked 
|  26|0x000000070cc00000, 0x000000070cc00000, 0x000000070ce00000|  0%| F|  |TAMS 0x000000070cc00000| PB 0x000000070cc00000| Untracked 
|  27|0x000000070ce00000, 0x000000070cfbac58, 0x000000070d000000| 86%| S|  |TAMS 0x000000070ce00000| PB 0x000000070ce00000| Complete 
|  28|0x000000070d000000, 0x000000070d200000, 0x000000070d200000|100%| S|  |TAMS 0x000000070d000000| PB 0x000000070d000000| Complete 
|  29|0x000000070d200000, 0x000000070d400000, 0x000000070d400000|100%| E|CS|TAMS 0x000000070d200000| PB 0x000000070d200000| Complete 
|  30|0x000000070d400000, 0x000000070d5ffe20, 0x000000070d600000| 99%| E|CS|TAMS 0x000000070d400000| PB 0x000000070d400000| Complete 
|  31|0x000000070d600000, 0x000000070d800000, 0x000000070d800000|100%| E|CS|TAMS 0x000000070d600000| PB 0x000000070d600000| Complete 
|  32|0x000000070d800000, 0x000000070da00000, 0x000000070da00000|100%| E|CS|TAMS 0x000000070d800000| PB 0x000000070d800000| Complete 
|  33|0x000000070da00000, 0x000000070dc00000, 0x000000070dc00000|100%| E|CS|TAMS 0x000000070da00000| PB 0x000000070da00000| Complete 
|  34|0x000000070dc00000, 0x000000070de00000, 0x000000070de00000|100%| E|CS|TAMS 0x000000070dc00000| PB 0x000000070dc00000| Complete 
|  35|0x000000070de00000, 0x000000070e000000, 0x000000070e000000|100%| E|CS|TAMS 0x000000070de00000| PB 0x000000070de00000| Complete 
|  36|0x000000070e000000, 0x000000070e200000, 0x000000070e200000|100%| E|CS|TAMS 0x000000070e000000| PB 0x000000070e000000| Complete 
|  37|0x000000070e200000, 0x000000070e400000, 0x000000070e400000|100%| E|CS|TAMS 0x000000070e200000| PB 0x000000070e200000| Complete 
|  38|0x000000070e400000, 0x000000070e600000, 0x000000070e600000|100%| E|CS|TAMS 0x000000070e400000| PB 0x000000070e400000| Complete 
|  39|0x000000070e600000, 0x000000070e800000, 0x000000070e800000|100%| E|CS|TAMS 0x000000070e600000| PB 0x000000070e600000| Complete 
|  40|0x000000070e800000, 0x000000070ea00000, 0x000000070ea00000|100%| E|CS|TAMS 0x000000070e800000| PB 0x000000070e800000| Complete 
|  41|0x000000070ea00000, 0x000000070ec00000, 0x000000070ec00000|100%| E|CS|TAMS 0x000000070ea00000| PB 0x000000070ea00000| Complete 
|  42|0x000000070ec00000, 0x000000070ee00000, 0x000000070ee00000|100%| E|CS|TAMS 0x000000070ec00000| PB 0x000000070ec00000| Complete 
|  43|0x000000070ee00000, 0x000000070f000000, 0x000000070f000000|100%| E|CS|TAMS 0x000000070ee00000| PB 0x000000070ee00000| Complete 
|  44|0x000000070f000000, 0x000000070f200000, 0x000000070f200000|100%| E|CS|TAMS 0x000000070f000000| PB 0x000000070f000000| Complete 
|  45|0x000000070f200000, 0x000000070f400000, 0x000000070f400000|100%| E|CS|TAMS 0x000000070f200000| PB 0x000000070f200000| Complete 
|  46|0x000000070f400000, 0x000000070f600000, 0x000000070f600000|100%| E|CS|TAMS 0x000000070f400000| PB 0x000000070f400000| Complete 
|  47|0x000000070f600000, 0x000000070f800000, 0x000000070f800000|100%| E|CS|TAMS 0x000000070f600000| PB 0x000000070f600000| Complete 
|  48|0x000000070f800000, 0x000000070fa00000, 0x000000070fa00000|100%| E|CS|TAMS 0x000000070f800000| PB 0x000000070f800000| Complete 
|  49|0x000000070fa00000, 0x000000070fc00000, 0x000000070fc00000|100%| E|CS|TAMS 0x000000070fa00000| PB 0x000000070fa00000| Complete 
|  50|0x000000070fc00000, 0x000000070fe00000, 0x000000070fe00000|100%| E|CS|TAMS 0x000000070fc00000| PB 0x000000070fc00000| Complete 
|  51|0x000000070fe00000, 0x0000000710000000, 0x0000000710000000|100%| E|CS|TAMS 0x000000070fe00000| PB 0x000000070fe00000| Complete 
|  52|0x0000000710000000, 0x0000000710200000, 0x0000000710200000|100%| E|CS|TAMS 0x0000000710000000| PB 0x0000000710000000| Complete 
|  53|0x0000000710200000, 0x0000000710400000, 0x0000000710400000|100%| E|CS|TAMS 0x0000000710200000| PB 0x0000000710200000| Complete 

Card table byte_map: [0x000001698ee00000,0x000001698f5c0000] _byte_map_base: 0x000001698b5b4000

Marking Bits: (CMBitMap*) 0x0000016980b6b680
 Bits: [0x000001698f5c0000, 0x0000016993360000)

Polling page: 0x0000016980dd0000

Metaspace:

Usage:
  Non-class:     70.44 MB used.
      Class:      9.55 MB used.
       Both:     79.99 MB used.

Virtual space:
  Non-class space:      128.00 MB reserved,      70.88 MB ( 55%) committed,  2 nodes.
      Class space:        1.00 GB reserved,       9.94 MB ( <1%) committed,  1 nodes.
             Both:        1.12 GB reserved,      80.81 MB (  7%) committed. 

Chunk freelists:
   Non-Class:  8.25 MB
       Class:  6.08 MB
        Both:  14.33 MB

MaxMetaspaceSize: unlimited
CompressedClassSpaceSize: 1.00 GB
Initial GC threshold: 21.00 MB
Current GC threshold: 131.50 MB
CDS: on
 - commit_granule_bytes: 65536.
 - commit_granule_words: 8192.
 - virtual_space_node_default_size: 8388608.
 - enlarge_chunks_in_place: 1.
 - use_allocation_guard: 0.


Internal statistics:

num_allocs_failed_limit: 6.
num_arena_births: 3984.
num_arena_deaths: 2710.
num_vsnodes_births: 3.
num_vsnodes_deaths: 0.
num_space_committed: 1293.
num_space_uncommitted: 0.
num_chunks_returned_to_freelist: 3583.
num_chunks_taken_from_freelist: 9234.
num_chunk_merges: 807.
num_chunk_splits: 4297.
num_chunks_enlarged: 2397.
num_inconsistent_stats: 0.

CodeCache: size=49152Kb used=16701Kb max_used=23453Kb free=32451Kb
 bounds [0x000001698a870000, 0x000001698c120000, 0x000001698d870000]
 total_blobs=8096 nmethods=7236 adapters=784
 compilation: enabled
              stopped_count=0, restarted_count=0
 full_count=0

Compilation events (20 events):
Event: 4681.743 Thread 0x00000169963e9d20 24572       1       java.io.DataOutputStream::writeUTF (389 bytes)
Event: 4681.744 Thread 0x00000169963e9d20 nmethod 24572 0x000001698bb6cf90 code [0x000001698bb6d1e0, 0x000001698bb6ddf8]
Event: 4681.744 Thread 0x00000169963e9d20 24573       1       sun.rmi.transport.StreamRemoteCall::getInputStream (60 bytes)
Event: 4681.745 Thread 0x00000169963e9d20 nmethod 24573 0x000001698b4dfd90 code [0x000001698b4e0000, 0x000001698b4e06f0]
Event: 4681.745 Thread 0x00000169963e9d20 24574       1       java.io.FilterInputStream::read (8 bytes)
Event: 4681.745 Thread 0x00000169963e9d20 nmethod 24574 0x000001698b690790 code [0x000001698b690920, 0x000001698b690a20]
Event: 4690.567 Thread 0x00000169963e9d20 24575       1       com.zaxxer.hikari.pool.HikariPool::getIdleConnections (9 bytes)
Event: 4690.567 Thread 0x00000169963e9d20 nmethod 24575 0x000001698b774890 code [0x000001698b774a20, 0x000001698b774b28]
Event: 4724.433 Thread 0x00000169963e9d20 24576       1       java.util.concurrent.ThreadPoolExecutor::execute (132 bytes)
Event: 4724.433 Thread 0x00000169963e9d20 nmethod 24576 0x000001698b0da490 code [0x000001698b0da6c0, 0x000001698b0dab30]
Event: 4724.440 Thread 0x00000169963e9d20 24577       1       java.lang.Exception::<init> (5 bytes)
Event: 4724.440 Thread 0x00000169963e9d20 nmethod 24577 0x000001698ba5c310 code [0x000001698ba5c4c0, 0x000001698ba5c708]
Event: 4724.446 Thread 0x00000169963e9d20 24578       1       com.microsoft.sqlserver.jdbc.TDSCommand::startResponse (6 bytes)
Event: 4724.446 Thread 0x00000169963e9d20 nmethod 24578 0x000001698b6c3490 code [0x000001698b6c3620, 0x000001698b6c3710]
Event: 4774.863 Thread 0x00000169963e9d20 24579       1       java.util.concurrent.ConcurrentSkipListMap$Iter::advance (47 bytes)
Event: 4774.863 Thread 0x00000169963e9d20 nmethod 24579 0x000001698b706290 code [0x000001698b706440, 0x000001698b7066b0]
Event: 4774.864 Thread 0x00000169963e9d20 24580       1       sun.nio.ch.NioSocketImpl::booleanValue (43 bytes)
Event: 4774.864 Thread 0x00000169963e9d20 nmethod 24580 0x000001698b108f10 code [0x000001698b109100, 0x000001698b1094b8]
Event: 4781.260 Thread 0x00000169963e9d20 24581       1       sun.security.x509.X509CertInfo::getExtensions (5 bytes)
Event: 4781.260 Thread 0x00000169963e9d20 nmethod 24581 0x000001698b6d2610 code [0x000001698b6d27a0, 0x000001698b6d2870]

GC Heap History (20 events):
Event: 2961.521 GC heap after
{Heap after GC invocations=113 (full 4):
 garbage-first heap   total 110592K, used 36036K [0x0000000709800000, 0x0000000800000000)
  region size 2048K, 4 young (8192K), 4 survivors (8192K)
 Metaspace       used 76067K, committed 76928K, reserved 1179648K
  class space    used 9358K, committed 9728K, reserved 1048576K
}
Event: 2961.654 GC heap before
{Heap before GC invocations=113 (full 4):
 garbage-first heap   total 110592K, used 52420K [0x0000000709800000, 0x0000000800000000)
  region size 2048K, 13 young (26624K), 4 survivors (8192K)
 Metaspace       used 76708K, committed 77568K, reserved 1179648K
  class space    used 9406K, committed 9792K, reserved 1048576K
}
Event: 2961.656 GC heap after
{Heap after GC invocations=114 (full 4):
 garbage-first heap   total 110592K, used 38050K [0x0000000709800000, 0x0000000800000000)
  region size 2048K, 2 young (4096K), 2 survivors (4096K)
 Metaspace       used 76708K, committed 77568K, reserved 1179648K
  class space    used 9406K, committed 9792K, reserved 1048576K
}
Event: 2979.973 GC heap before
{Heap before GC invocations=115 (full 4):
 garbage-first heap   total 110592K, used 87202K [0x0000000709800000, 0x0000000800000000)
  region size 2048K, 26 young (53248K), 2 survivors (4096K)
 Metaspace       used 77060K, committed 78080K, reserved 1179648K
  class space    used 9453K, committed 9920K, reserved 1048576K
}
Event: 2979.975 GC heap after
{Heap after GC invocations=116 (full 4):
 garbage-first heap   total 110592K, used 40505K [0x0000000709800000, 0x0000000800000000)
  region size 2048K, 3 young (6144K), 3 survivors (6144K)
 Metaspace       used 77060K, committed 78080K, reserved 1179648K
  class space    used 9453K, committed 9920K, reserved 1048576K
}
Event: 2993.883 GC heap before
{Heap before GC invocations=116 (full 4):
 garbage-first heap   total 110592K, used 58937K [0x0000000709800000, 0x0000000800000000)
  region size 2048K, 13 young (26624K), 3 survivors (6144K)
 Metaspace       used 77063K, committed 78080K, reserved 1179648K
  class space    used 9454K, committed 9920K, reserved 1048576K
}
Event: 2993.908 GC heap after
{Heap after GC invocations=117 (full 5):
 garbage-first heap   total 110592K, used 32190K [0x0000000709800000, 0x0000000800000000)
  region size 2048K, 0 young (0K), 0 survivors (0K)
 Metaspace       used 76836K, committed 78080K, reserved 1179648K
  class space    used 9409K, committed 9920K, reserved 1048576K
}
Event: 2994.589 GC heap before
{Heap before GC invocations=117 (full 5):
 garbage-first heap   total 110592K, used 91582K [0x0000000709800000, 0x0000000800000000)
  region size 2048K, 29 young (59392K), 0 survivors (0K)
 Metaspace       used 77590K, committed 78592K, reserved 1179648K
  class space    used 9496K, committed 9920K, reserved 1048576K
}
Event: 2994.591 GC heap after
{Heap after GC invocations=118 (full 5):
 garbage-first heap   total 110592K, used 37637K [0x0000000709800000, 0x0000000800000000)
  region size 2048K, 3 young (6144K), 3 survivors (6144K)
 Metaspace       used 77590K, committed 78592K, reserved 1179648K
  class space    used 9496K, committed 9920K, reserved 1048576K
}
Event: 2994.957 GC heap before
{Heap before GC invocations=119 (full 5):
 garbage-first heap   total 110592K, used 90885K [0x0000000709800000, 0x0000000800000000)
  region size 2048K, 29 young (59392K), 3 survivors (6144K)
 Metaspace       used 79249K, committed 80192K, reserved 1179648K
  class space    used 9616K, committed 10048K, reserved 1048576K
}
Event: 2994.960 GC heap after
{Heap after GC invocations=120 (full 5):
 garbage-first heap   total 110592K, used 40990K [0x0000000709800000, 0x0000000800000000)
  region size 2048K, 2 young (4096K), 2 survivors (4096K)
 Metaspace       used 79249K, committed 80192K, reserved 1179648K
  class space    used 9616K, committed 10048K, reserved 1048576K
}
Event: 3031.920 GC heap before
{Heap before GC invocations=120 (full 5):
 garbage-first heap   total 110592K, used 92190K [0x0000000709800000, 0x0000000800000000)
  region size 2048K, 27 young (55296K), 2 survivors (4096K)
 Metaspace       used 79273K, committed 80192K, reserved 1179648K
  class space    used 9619K, committed 10048K, reserved 1048576K
}
Event: 3031.922 GC heap after
{Heap after GC invocations=121 (full 5):
 garbage-first heap   total 110592K, used 41405K [0x0000000709800000, 0x0000000800000000)
  region size 2048K, 2 young (4096K), 2 survivors (4096K)
 Metaspace       used 79273K, committed 80192K, reserved 1179648K
  class space    used 9619K, committed 10048K, reserved 1048576K
}
Event: 3078.648 GC heap before
{Heap before GC invocations=121 (full 5):
 garbage-first heap   total 110592K, used 96701K [0x0000000709800000, 0x0000000800000000)
  region size 2048K, 29 young (59392K), 2 survivors (4096K)
 Metaspace       used 79273K, committed 80192K, reserved 1179648K
  class space    used 9619K, committed 10048K, reserved 1048576K
}
Event: 3078.650 GC heap after
{Heap after GC invocations=122 (full 5):
 garbage-first heap   total 110592K, used 41443K [0x0000000709800000, 0x0000000800000000)
  region size 2048K, 2 young (4096K), 2 survivors (4096K)
 Metaspace       used 79273K, committed 80192K, reserved 1179648K
  class space    used 9619K, committed 10048K, reserved 1048576K
}
Event: 3099.561 GC heap before
{Heap before GC invocations=123 (full 5):
 garbage-first heap   total 110592K, used 68067K [0x0000000709800000, 0x0000000800000000)
  region size 2048K, 16 young (32768K), 2 survivors (4096K)
 Metaspace       used 79105K, committed 80192K, reserved 1179648K
  class space    used 9574K, committed 10048K, reserved 1048576K
}
Event: 3099.585 GC heap after
{Heap after GC invocations=124 (full 6):
 garbage-first heap   total 110592K, used 28964K [0x0000000709800000, 0x0000000800000000)
  region size 2048K, 0 young (0K), 0 survivors (0K)
 Metaspace       used 78949K, committed 80192K, reserved 1179648K
  class space    used 9547K, committed 10048K, reserved 1048576K
}
Event: 3100.103 GC heap before
{Heap before GC invocations=124 (full 6):
 garbage-first heap   total 110592K, used 92452K [0x0000000709800000, 0x0000000800000000)
  region size 2048K, 31 young (63488K), 0 survivors (0K)
 Metaspace       used 79798K, committed 80704K, reserved 1179648K
  class space    used 9648K, committed 10048K, reserved 1048576K
}
Event: 3100.106 GC heap after
{Heap after GC invocations=125 (full 6):
 garbage-first heap   total 110592K, used 36087K [0x0000000709800000, 0x0000000800000000)
  region size 2048K, 4 young (8192K), 4 survivors (8192K)
 Metaspace       used 79798K, committed 80704K, reserved 1179648K
  class space    used 9648K, committed 10048K, reserved 1048576K
}
Event: 4783.944 GC heap before
{Heap before GC invocations=126 (full 6):
 garbage-first heap   total 110592K, used 85239K [0x0000000709800000, 0x0000000800000000)
  region size 2048K, 29 young (59392K), 4 survivors (8192K)
 Metaspace       used 81908K, committed 82752K, reserved 1179648K
  class space    used 9776K, committed 10176K, reserved 1048576K
}

Dll operation events (12 events):
Event: 0.037 Loaded shared library C:\Java\jdk-21.0.5\bin\java.dll
Event: 0.318 Loaded shared library C:\Java\jdk-21.0.5\bin\zip.dll
Event: 0.321 Loaded shared library C:\Java\jdk-21.0.5\bin\instrument.dll
Event: 0.329 Loaded shared library C:\Java\jdk-21.0.5\bin\net.dll
Event: 0.337 Loaded shared library C:\Java\jdk-21.0.5\bin\nio.dll
Event: 0.339 Loaded shared library C:\Java\jdk-21.0.5\bin\zip.dll
Event: 0.433 Loaded shared library C:\Java\jdk-21.0.5\bin\jimage.dll
Event: 0.479 Loaded shared library C:\Java\jdk-21.0.5\bin\management.dll
Event: 0.490 Loaded shared library C:\Java\jdk-21.0.5\bin\management_ext.dll
Event: 0.637 Loaded shared library C:\Java\jdk-21.0.5\bin\extnet.dll
Event: 0.656 Loaded shared library C:\Java\jdk-21.0.5\bin\verify.dll
Event: 1.559 Loaded shared library C:\Java\jdk-21.0.5\bin\sunmscapi.dll

Deoptimization events (20 events):
Event: 4783.944 Thread 0x00000169de7b3560 DEOPT PACKING pc=0x000001698b0cf1bc sp=0x000000064cefd810
Event: 4783.944 Thread 0x00000169de7b3560 DEOPT UNPACKING pc=0x000001698a8c4e42 sp=0x000000064cefcda8 mode 1
Event: 4783.944 Thread 0x00000169de7b3560 DEOPT PACKING pc=0x000001698b0d1c8c sp=0x000000064cefd990
Event: 4783.944 Thread 0x00000169de7b3560 DEOPT UNPACKING pc=0x000001698a8c4e42 sp=0x000000064cefce38 mode 1
Event: 4783.944 Thread 0x00000169de7b3560 DEOPT PACKING pc=0x000001698ba4469c sp=0x000000064cefd9f0
Event: 4783.944 Thread 0x00000169de7b3560 DEOPT UNPACKING pc=0x000001698a8c4e42 sp=0x000000064cefce98 mode 1
Event: 4783.944 Thread 0x00000169de7b3560 DEOPT PACKING pc=0x000001698ba4e394 sp=0x000000064cefda60
Event: 4783.944 Thread 0x00000169de7b3560 DEOPT UNPACKING pc=0x000001698a8c4e42 sp=0x000000064cefcf20 mode 1
Event: 4783.944 Thread 0x00000169de7b3560 DEOPT PACKING pc=0x000001698bb35ed4 sp=0x000000064cefdad0
Event: 4783.944 Thread 0x00000169de7b3560 DEOPT UNPACKING pc=0x000001698a8c4e42 sp=0x000000064cefd008 mode 1
Event: 4783.944 Thread 0x00000169de7b3560 DEOPT PACKING pc=0x000001698bb32d74 sp=0x000000064cefdbc0
Event: 4783.944 Thread 0x00000169de7b3560 DEOPT UNPACKING pc=0x000001698a8c4e42 sp=0x000000064cefd118 mode 1
Event: 4783.944 Thread 0x00000169de7b3560 DEOPT PACKING pc=0x000001698bbb4a14 sp=0x000000064cefdcd0
Event: 4783.944 Thread 0x00000169de7b3560 DEOPT UNPACKING pc=0x000001698a8c4e42 sp=0x000000064cefd300 mode 1
Event: 4783.944 Thread 0x00000169de7b3560 DEOPT PACKING pc=0x000001698b281f80 sp=0x000000064cefdd60
Event: 4783.944 Thread 0x00000169de7b3560 DEOPT UNPACKING pc=0x000001698a8c4e42 sp=0x000000064cefd280 mode 1
Event: 4783.944 Thread 0x00000169de7b3560 DEOPT PACKING pc=0x000001698b527624 sp=0x000000064cefdf00
Event: 4783.944 Thread 0x00000169de7b3560 DEOPT UNPACKING pc=0x000001698a8c4e42 sp=0x000000064cefd3a8 mode 1
Event: 4783.944 Thread 0x00000169de7b3560 DEOPT PACKING pc=0x000001698b339c34 sp=0x000000064cefdf50
Event: 4783.944 Thread 0x00000169de7b3560 DEOPT UNPACKING pc=0x000001698a8c4e42 sp=0x000000064cefd480 mode 1

Classes loaded (20 events):
Event: 2060.198 Loading class java/time/DurationEditor
Event: 2060.198 Loading class java/time/DurationEditor done
Event: 2959.960 Loading class java/lang/ObjectBeanInfo
Event: 2959.960 Loading class java/lang/ObjectBeanInfo done
Event: 2959.960 Loading class java/lang/ObjectBeanInfo
Event: 2959.960 Loading class java/lang/ObjectBeanInfo done
Event: 2959.960 Loading class java/lang/ObjectCustomizer
Event: 2959.960 Loading class java/lang/ObjectCustomizer done
Event: 2959.960 Loading class java/lang/ObjectCustomizer
Event: 2959.960 Loading class java/lang/ObjectCustomizer done
Event: 2961.708 Loading class java/time/DurationEditor
Event: 2961.708 Loading class java/time/DurationEditor done
Event: 3099.616 Loading class java/lang/ObjectBeanInfo
Event: 3099.616 Loading class java/lang/ObjectBeanInfo done
Event: 3099.616 Loading class java/lang/ObjectBeanInfo
Event: 3099.616 Loading class java/lang/ObjectBeanInfo done
Event: 3099.616 Loading class java/lang/ObjectCustomizer
Event: 3099.616 Loading class java/lang/ObjectCustomizer done
Event: 3099.617 Loading class java/lang/ObjectCustomizer
Event: 3099.617 Loading class java/lang/ObjectCustomizer done

Classes unloaded (20 events):
Event: 3099.569 Thread 0x00000169963b6ff0 Unloading class 0x00000169989a9800 'jdk/internal/reflect/GeneratedSerializationConstructorAccessor255'
Event: 3099.569 Thread 0x00000169963b6ff0 Unloading class 0x00000169989a9400 'jdk/internal/reflect/GeneratedSerializationConstructorAccessor254'
Event: 3099.569 Thread 0x00000169963b6ff0 Unloading class 0x00000169989a9000 'jdk/internal/reflect/GeneratedSerializationConstructorAccessor253'
Event: 3099.569 Thread 0x00000169963b6ff0 Unloading class 0x00000169989a8c00 'jdk/internal/reflect/GeneratedSerializationConstructorAccessor252'
Event: 3099.569 Thread 0x00000169963b6ff0 Unloading class 0x00000169989a8800 'jdk/internal/reflect/GeneratedSerializationConstructorAccessor251'
Event: 3099.569 Thread 0x00000169963b6ff0 Unloading class 0x00000169989a8400 'jdk/internal/reflect/GeneratedSerializationConstructorAccessor250'
Event: 3099.569 Thread 0x00000169963b6ff0 Unloading class 0x00000169989a8000 'jdk/internal/reflect/GeneratedSerializationConstructorAccessor249'
Event: 3099.569 Thread 0x00000169963b6ff0 Unloading class 0x00000169989a2800 'jdk/internal/reflect/GeneratedSerializationConstructorAccessor248'
Event: 3099.569 Thread 0x00000169963b6ff0 Unloading class 0x00000169989a2400 'jdk/internal/reflect/GeneratedSerializationConstructorAccessor247'
Event: 3099.569 Thread 0x00000169963b6ff0 Unloading class 0x00000169989a2000 'jdk/internal/reflect/GeneratedSerializationConstructorAccessor246'
Event: 3099.569 Thread 0x00000169963b6ff0 Unloading class 0x00000169989a1c00 'jdk/internal/reflect/GeneratedSerializationConstructorAccessor245'
Event: 3099.569 Thread 0x00000169963b6ff0 Unloading class 0x00000169989a1800 'jdk/internal/reflect/GeneratedSerializationConstructorAccessor244'
Event: 3099.569 Thread 0x00000169963b6ff0 Unloading class 0x00000169989a1400 'jdk/internal/reflect/GeneratedSerializationConstructorAccessor243'
Event: 3099.569 Thread 0x00000169963b6ff0 Unloading class 0x00000169989a1000 'jdk/internal/reflect/GeneratedSerializationConstructorAccessor242'
Event: 3099.569 Thread 0x00000169963b6ff0 Unloading class 0x0000016998672c00 'jdk/internal/reflect/GeneratedSerializationConstructorAccessor241'
Event: 3099.569 Thread 0x00000169963b6ff0 Unloading class 0x0000016998998800 'java/lang/invoke/LambdaForm$MH+0x0000016998998800'
Event: 3099.569 Thread 0x00000169963b6ff0 Unloading class 0x00000169980ca000 'java/lang/invoke/LambdaForm$MH+0x00000169980ca000'
Event: 3099.569 Thread 0x00000169963b6ff0 Unloading class 0x00000169980e1c00 'java/lang/invoke/LambdaForm$MH+0x00000169980e1c00'
Event: 3099.569 Thread 0x00000169963b6ff0 Unloading class 0x0000016998832c00 'java/lang/invoke/LambdaForm$DMH+0x0000016998832c00'
Event: 3099.569 Thread 0x00000169963b6ff0 Unloading class 0x0000016998488400 'java/lang/invoke/LambdaForm$MH+0x0000016998488400'

Classes redefined (15 events):
Event: 1655.547 Thread 0x00000169963b6ff0 redefined class name=projectSem4.com.model.repositories.RefundRequestRepository$1, count=1
Event: 4487.019 Thread 0x00000169963b6ff0 redefined class name=projectSem4.com.service.RefundService, count=1
Event: 4487.019 Thread 0x00000169963b6ff0 redefined class name=projectSem4.com.service.RefundService, count=1
Event: 4487.019 Thread 0x00000169963b6ff0 redefined class name=projectSem4.com.service.RefundService, count=1
Event: 4487.019 Thread 0x00000169963b6ff0 redefined class name=projectSem4.com.service.RefundService, count=1
Event: 4487.019 Thread 0x00000169963b6ff0 redefined class name=projectSem4.com.service.RefundService, count=1
Event: 4487.019 Thread 0x00000169963b6ff0 redefined class name=projectSem4.com.service.RefundService, count=1
Event: 4487.019 Thread 0x00000169963b6ff0 redefined class name=projectSem4.com.service.RefundService, count=1
Event: 4520.301 Thread 0x00000169963b6ff0 redefined class name=projectSem4.com.service.RefundService, count=2
Event: 4520.301 Thread 0x00000169963b6ff0 redefined class name=projectSem4.com.service.RefundService, count=2
Event: 4520.301 Thread 0x00000169963b6ff0 redefined class name=projectSem4.com.service.RefundService, count=2
Event: 4520.301 Thread 0x00000169963b6ff0 redefined class name=projectSem4.com.service.RefundService, count=2
Event: 4520.301 Thread 0x00000169963b6ff0 redefined class name=projectSem4.com.service.RefundService, count=2
Event: 4520.301 Thread 0x00000169963b6ff0 redefined class name=projectSem4.com.service.RefundService, count=2
Event: 4520.301 Thread 0x00000169963b6ff0 redefined class name=projectSem4.com.service.RefundService, count=2

Internal exceptions (20 events):
Event: 4594.484 Thread 0x00000169de7b6350 Exception <a 'java/io/FileNotFoundException'{0x000000070d47e2a8}> (0x000000070d47e2a8) 
thrown [s\open\src\hotspot\share\prims\jni.cpp, line 520]
Event: 4594.484 Thread 0x00000169de7b6350 Exception <a 'java/io/FileNotFoundException'{0x000000070d47f510}> (0x000000070d47f510) 
thrown [s\open\src\hotspot\share\prims\jni.cpp, line 520]
Event: 4616.469 Thread 0x00000169de7b6350 Exception <a 'java/io/FileNotFoundException'{0x000000070d4f8110}> (0x000000070d4f8110) 
thrown [s\open\src\hotspot\share\prims\jni.cpp, line 520]
Event: 4616.469 Thread 0x00000169de7b6350 Exception <a 'java/io/FileNotFoundException'{0x000000070d4f9340}> (0x000000070d4f9340) 
thrown [s\open\src\hotspot\share\prims\jni.cpp, line 520]
Event: 4616.469 Thread 0x00000169de7b6350 Exception <a 'java/io/FileNotFoundException'{0x000000070d4fa570}> (0x000000070d4fa570) 
thrown [s\open\src\hotspot\share\prims\jni.cpp, line 520]
Event: 4616.469 Thread 0x00000169de7b6350 Exception <a 'java/io/FileNotFoundException'{0x000000070d4fb7d8}> (0x000000070d4fb7d8) 
thrown [s\open\src\hotspot\share\prims\jni.cpp, line 520]
Event: 4649.759 Thread 0x00000169de7b3560 Exception <a 'java/io/FileNotFoundException'{0x000000070d769dc8}> (0x000000070d769dc8) 
thrown [s\open\src\hotspot\share\prims\jni.cpp, line 520]
Event: 4649.759 Thread 0x00000169de7b3560 Exception <a 'java/io/FileNotFoundException'{0x000000070d76aff8}> (0x000000070d76aff8) 
thrown [s\open\src\hotspot\share\prims\jni.cpp, line 520]
Event: 4651.616 Thread 0x00000169de7b6350 Exception <a 'java/io/FileNotFoundException'{0x000000070d5785b0}> (0x000000070d5785b0) 
thrown [s\open\src\hotspot\share\prims\jni.cpp, line 520]
Event: 4651.616 Thread 0x00000169de7b6350 Exception <a 'java/io/FileNotFoundException'{0x000000070d579818}> (0x000000070d579818) 
thrown [s\open\src\hotspot\share\prims\jni.cpp, line 520]
Event: 4710.577 Thread 0x00000169de7b3560 Exception <a 'java/io/FileNotFoundException'{0x000000070d22aef0}> (0x000000070d22aef0) 
thrown [s\open\src\hotspot\share\prims\jni.cpp, line 520]
Event: 4710.577 Thread 0x00000169de7b3560 Exception <a 'java/io/FileNotFoundException'{0x000000070d22c120}> (0x000000070d22c120) 
thrown [s\open\src\hotspot\share\prims\jni.cpp, line 520]
Event: 4724.434 Thread 0x00000169de7b6350 Exception <a 'java/io/FileNotFoundException'{0x000000070d267ba0}> (0x000000070d267ba0) 
thrown [s\open\src\hotspot\share\prims\jni.cpp, line 520]
Event: 4724.434 Thread 0x00000169de7b6350 Exception <a 'java/io/FileNotFoundException'{0x000000070d268e08}> (0x000000070d268e08) 
thrown [s\open\src\hotspot\share\prims\jni.cpp, line 520]
Event: 4763.289 Thread 0x00000169de7b3560 Exception <a 'java/io/FileNotFoundException'{0x000000070d2dd040}> (0x000000070d2dd040) 
thrown [s\open\src\hotspot\share\prims\jni.cpp, line 520]
Event: 4763.289 Thread 0x00000169de7b3560 Exception <a 'java/io/FileNotFoundException'{0x000000070d2de270}> (0x000000070d2de270) 
thrown [s\open\src\hotspot\share\prims\jni.cpp, line 520]
Event: 4774.862 Thread 0x00000169de7b6350 Exception <a 'java/io/FileNotFoundException'{0x000000070d32e4c0}> (0x000000070d32e4c0) 
thrown [s\open\src\hotspot\share\prims\jni.cpp, line 520]
Event: 4774.862 Thread 0x00000169de7b6350 Exception <a 'java/io/FileNotFoundException'{0x000000070d32f728}> (0x000000070d32f728) 
thrown [s\open\src\hotspot\share\prims\jni.cpp, line 520]
Event: 4781.255 Thread 0x00000169de7b6350 Exception <a 'java/io/FileNotFoundException'{0x000000070d3a8220}> (0x000000070d3a8220) 
thrown [s\open\src\hotspot\share\prims\jni.cpp, line 520]
Event: 4781.255 Thread 0x00000169de7b6350 Exception <a 'java/io/FileNotFoundException'{0x000000070d3a9488}> (0x000000070d3a9488) 
thrown [s\open\src\hotspot\share\prims\jni.cpp, line 520]

ZGC Phase Switch (0 events):
No events

VM Operations (20 events):
Event: 4520.573 Executing VM operation: ChangeBreakpoints done
Event: 4520.575 Executing VM operation: ChangeBreakpoints
Event: 4520.578 Executing VM operation: ChangeBreakpoints done
Event: 4520.581 Executing VM operation: ChangeBreakpoints
Event: 4520.583 Executing VM operation: ChangeBreakpoints done
Event: 4566.991 Executing VM operation: Cleanup
Event: 4566.991 Executing VM operation: Cleanup done
Event: 4595.002 Executing VM operation: Cleanup
Event: 4595.002 Executing VM operation: Cleanup done
Event: 4617.013 Executing VM operation: Cleanup
Event: 4617.013 Executing VM operation: Cleanup done
Event: 4652.312 Executing VM operation: Cleanup
Event: 4652.312 Executing VM operation: Cleanup done
Event: 4725.011 Executing VM operation: Cleanup
Event: 4725.011 Executing VM operation: Cleanup done
Event: 4742.177 Executing VM operation: Cleanup
Event: 4742.177 Executing VM operation: Cleanup done
Event: 4775.513 Executing VM operation: Cleanup
Event: 4775.513 Executing VM operation: Cleanup done
Event: 4783.944 Executing VM operation: G1CollectForAllocation (G1 Evacuation Pause)

Events (20 events):
Event: 4616.467 Thread 0x00000169de7b5cc0 Thread added: 0x00000169de7b5cc0
Event: 4616.468 Thread 0x00000169de7b6350 Thread added: 0x00000169de7b6350
Event: 4616.472 Thread 0x00000169dc46afe0 Thread added: 0x00000169dc46afe0
Event: 4621.469 Thread 0x00000169de7b5cc0 Thread exited: 0x00000169de7b5cc0
Event: 4621.481 Thread 0x00000169dc46afe0 Thread exited: 0x00000169dc46afe0
Event: 4621.513 Thread 0x00000169de7b6350 Thread exited: 0x00000169de7b6350
Event: 4651.614 Thread 0x00000169de7b5cc0 Thread added: 0x00000169de7b5cc0
Event: 4651.615 Thread 0x00000169de7b6350 Thread added: 0x00000169de7b6350
Event: 4656.630 Thread 0x00000169de7b5cc0 Thread exited: 0x00000169de7b5cc0
Event: 4656.662 Thread 0x00000169de7b6350 Thread exited: 0x00000169de7b6350
Event: 4724.432 Thread 0x00000169de7b5cc0 Thread added: 0x00000169de7b5cc0
Event: 4724.433 Thread 0x00000169de7b6350 Thread added: 0x00000169de7b6350
Event: 4729.436 Thread 0x00000169de7b5cc0 Thread exited: 0x00000169de7b5cc0
Event: 4729.483 Thread 0x00000169de7b6350 Thread exited: 0x00000169de7b6350
Event: 4774.860 Thread 0x00000169de7b5cc0 Thread added: 0x00000169de7b5cc0
Event: 4774.861 Thread 0x00000169de7b6350 Thread added: 0x00000169de7b6350
Event: 4779.867 Thread 0x00000169de7b5cc0 Thread exited: 0x00000169de7b5cc0
Event: 4779.915 Thread 0x00000169de7b6350 Thread exited: 0x00000169de7b6350
Event: 4781.254 Thread 0x00000169de7b5cc0 Thread added: 0x00000169de7b5cc0
Event: 4781.254 Thread 0x00000169de7b6350 Thread added: 0x00000169de7b6350


Dynamic libraries:
0x00007ff7e0c80000 - 0x00007ff7e0c90000 	C:\Java\jdk-21.0.5\bin\javaw.exe
0x00007ffb63a60000 - 0x00007ffb63cc8000 	C:\WINDOWS\SYSTEM32\ntdll.dll
0x00007ffb62fa0000 - 0x00007ffb63069000 	C:\WINDOWS\System32\KERNEL32.DLL
0x00007ffb60d30000 - 0x00007ffb61122000 	C:\WINDOWS\System32\KERNELBASE.dll
0x00007ffb61400000 - 0x00007ffb6154b000 	C:\WINDOWS\System32\ucrtbase.dll
0x00007ffb5e690000 - 0x00007ffb5e6a9000 	C:\Java\jdk-21.0.5\bin\jli.dll
0x00007ffb62550000 - 0x00007ffb62604000 	C:\WINDOWS\System32\ADVAPI32.dll
0x00007ffb62810000 - 0x00007ffb628b9000 	C:\WINDOWS\System32\msvcrt.dll
0x00007ffb638d0000 - 0x00007ffb63976000 	C:\WINDOWS\System32\sechost.dll
0x00007ffb5e670000 - 0x00007ffb5e68b000 	C:\Java\jdk-21.0.5\bin\VCRUNTIME140.dll
0x00007ffb62250000 - 0x00007ffb62368000 	C:\WINDOWS\System32\RPCRT4.dll
0x00007ffb628c0000 - 0x00007ffb62a85000 	C:\WINDOWS\System32\USER32.dll
0x00007ffb4ec60000 - 0x00007ffb4eef3000 	C:\WINDOWS\WinSxS\amd64_microsoft.windows.common-controls_6595b64144ccf1df_6.0.26100.6725_none_3e085828e334708b\COMCTL32.dll
0x00007ffb616d0000 - 0x00007ffb616f7000 	C:\WINDOWS\System32\win32u.dll
0x00007ffb620a0000 - 0x00007ffb620cb000 	C:\WINDOWS\System32\GDI32.dll
0x00007ffb61700000 - 0x00007ffb6182d000 	C:\WINDOWS\System32\gdi32full.dll
0x00007ffb60bf0000 - 0x00007ffb60c93000 	C:\WINDOWS\System32\msvcp_win.dll
0x00007ffb595e0000 - 0x00007ffb595eb000 	C:\WINDOWS\SYSTEM32\VERSION.dll
0x00007ffb63810000 - 0x00007ffb6383f000 	C:\WINDOWS\System32\IMM32.DLL
0x00007ffb5e660000 - 0x00007ffb5e66c000 	C:\Java\jdk-21.0.5\bin\vcruntime140_1.dll
0x00007ffb5e5d0000 - 0x00007ffb5e65e000 	C:\Java\jdk-21.0.5\bin\msvcp140.dll
0x00007ffb0bfd0000 - 0x00007ffb0cce8000 	C:\Java\jdk-21.0.5\bin\server\jvm.dll
0x00007ffb62f20000 - 0x00007ffb62f94000 	C:\WINDOWS\System32\WS2_32.dll
0x00007ffb60a50000 - 0x00007ffb60aae000 	C:\WINDOWS\SYSTEM32\POWRPROF.dll
0x00007ffb595a0000 - 0x00007ffb595d5000 	C:\WINDOWS\SYSTEM32\WINMM.dll
0x00007ffb60a30000 - 0x00007ffb60a44000 	C:\WINDOWS\SYSTEM32\UMPDC.dll
0x00007ffb5f9c0000 - 0x00007ffb5f9db000 	C:\WINDOWS\SYSTEM32\kernel.appcore.dll
0x00007ffb5e5c0000 - 0x00007ffb5e5ca000 	C:\Java\jdk-21.0.5\bin\jimage.dll
0x00007ffb5e240000 - 0x00007ffb5e482000 	C:\WINDOWS\SYSTEM32\DBGHELP.DLL
0x00007ffb61830000 - 0x00007ffb61bab000 	C:\WINDOWS\System32\combase.dll
0x00007ffb62610000 - 0x00007ffb626e7000 	C:\WINDOWS\System32\OLEAUT32.dll
0x00007ffb4b680000 - 0x00007ffb4b6bc000 	C:\WINDOWS\SYSTEM32\dbgcore.DLL
0x00007ffb612a0000 - 0x00007ffb61338000 	C:\WINDOWS\System32\bcryptPrimitives.dll
0x00007ffb5e190000 - 0x00007ffb5e1cc000 	C:\Java\jdk-21.0.5\bin\jdwp.dll
0x00007ffb5e570000 - 0x00007ffb5e57f000 	C:\Java\jdk-21.0.5\bin\instrument.dll
0x00007ffb5ad10000 - 0x00007ffb5ad2f000 	C:\Java\jdk-21.0.5\bin\java.dll
0x00007ffb630c0000 - 0x00007ffb6380c000 	C:\WINDOWS\System32\SHELL32.dll
0x00007ffb61130000 - 0x00007ffb6129b000 	C:\WINDOWS\System32\wintypes.dll
0x00007ffb5e860000 - 0x00007ffb5f0bd000 	C:\WINDOWS\SYSTEM32\windows.storage.dll
0x00007ffb61d60000 - 0x00007ffb61e52000 	C:\WINDOWS\System32\SHCORE.dll
0x00007ffb63850000 - 0x00007ffb638b2000 	C:\WINDOWS\System32\shlwapi.dll
0x00007ffb60b10000 - 0x00007ffb60b39000 	C:\WINDOWS\SYSTEM32\profapi.dll
0x00007ffb5e560000 - 0x00007ffb5e56c000 	C:\Java\jdk-21.0.5\bin\dt_socket.dll
0x00007ffb5f490000 - 0x00007ffb5f4c4000 	C:\WINDOWS\SYSTEM32\IPHLPAPI.DLL
0x00007ffb5ff30000 - 0x00007ffb5ff9b000 	C:\WINDOWS\system32\mswsock.dll
0x00007ffb5f570000 - 0x00007ffb5f696000 	C:\WINDOWS\SYSTEM32\DNSAPI.dll
0x00007ffb61bb0000 - 0x00007ffb61bba000 	C:\WINDOWS\System32\NSI.dll
0x00007ffb59230000 - 0x00007ffb5923b000 	C:\Windows\System32\rasadhlp.dll
0x00007ffb5b3f0000 - 0x00007ffb5b476000 	C:\WINDOWS\System32\fwpuclnt.dll
0x00007ffb5acf0000 - 0x00007ffb5ad08000 	C:\Java\jdk-21.0.5\bin\zip.dll
0x00007ffb5b870000 - 0x00007ffb5b880000 	C:\Java\jdk-21.0.5\bin\net.dll
0x00007ffb59a00000 - 0x00007ffb59b1f000 	C:\WINDOWS\SYSTEM32\WINHTTP.dll
0x00007ffb56f10000 - 0x00007ffb56f26000 	C:\Java\jdk-21.0.5\bin\nio.dll
0x00007ffb5ace0000 - 0x00007ffb5acea000 	C:\Java\jdk-21.0.5\bin\management.dll
0x00007ffb56ff0000 - 0x00007ffb56ffb000 	C:\Java\jdk-21.0.5\bin\management_ext.dll
0x00007ffb639e0000 - 0x00007ffb639e8000 	C:\WINDOWS\System32\PSAPI.DLL
0x00007ffb44dd0000 - 0x00007ffb44de8000 	C:\WINDOWS\system32\napinsp.dll
0x00007ffb43d70000 - 0x00007ffb43d82000 	C:\WINDOWS\System32\winrnr.dll
0x00007ffb43d40000 - 0x00007ffb43d68000 	C:\WINDOWS\system32\nlansp_c.dll
0x00007ffb43d20000 - 0x00007ffb43d36000 	C:\WINDOWS\system32\wshbth.dll
0x00007ffb601e0000 - 0x00007ffb601fb000 	C:\WINDOWS\SYSTEM32\CRYPTSP.dll
0x00007ffb5f920000 - 0x00007ffb5f95b000 	C:\WINDOWS\system32\rsaenh.dll
0x00007ffb5ffd0000 - 0x00007ffb5fffb000 	C:\WINDOWS\SYSTEM32\USERENV.dll
0x00007ffb60ae0000 - 0x00007ffb60b06000 	C:\WINDOWS\SYSTEM32\bcrypt.dll
0x00007ffb60200000 - 0x00007ffb6020c000 	C:\WINDOWS\SYSTEM32\CRYPTBASE.dll
0x00007ffb56f00000 - 0x00007ffb56f09000 	C:\Java\jdk-21.0.5\bin\extnet.dll
0x00007ffb56e70000 - 0x00007ffb56e80000 	C:\Java\jdk-21.0.5\bin\verify.dll
0x00007ffb56c30000 - 0x00007ffb56c3e000 	C:\Java\jdk-21.0.5\bin\sunmscapi.dll
0x00007ffb61550000 - 0x00007ffb616c7000 	C:\WINDOWS\System32\CRYPT32.dll
0x00007ffb60400000 - 0x00007ffb60430000 	C:\WINDOWS\SYSTEM32\ncrypt.dll
0x00007ffb603b0000 - 0x00007ffb603ef000 	C:\WINDOWS\SYSTEM32\NTASN1.dll
0x00007ffb55a20000 - 0x00007ffb55a28000 	C:\WINDOWS\system32\wshunix.dll

dbghelp: loaded successfully - version: 4.0.5 - missing functions: none
symbol engine: initialized successfully - sym options: 0x614 - pdb path: .;C:\Java\jdk-21.0.5\bin;C:\WINDOWS\SYSTEM32;C:\WINDOWS\WinSxS\amd64_microsoft.windows.common-controls_6595b64144ccf1df_6.0.26100.6725_none_3e085828e334708b;C:\Java\jdk-21.0.5\bin\server

VM Arguments:
jvm_args: -XX:+ShowCodeDetailsInExceptionMessages -agentlib:jdwp=transport=dt_socket,suspend=y,address=localhost:61617 -Dcom.sun.management.jmxremote -Dcom.sun.management.jmxremote.port=61616 -Dcom.sun.management.jmxremote.authenticate=false -Dcom.sun.management.jmxremote.ssl=false -Djava.rmi.server.hostname=localhost -Dspring.jmx.enabled=true -Dmanagement.endpoints.jmx.exposure.include=* -Dspring.application.admin.enabled=true -Dspring.output.ansi.enabled=always -XX:TieredStopAtLevel=1 -Dspring.boot.project.name=projectSem4 -javaagent:C:\Java\sts\configuration\org.eclipse.osgi\270\0\.cp\lib\javaagent-shaded.jar -Dfile.encoding=UTF-8 -Dstdout.encoding=UTF-8 -Dstderr.encoding=UTF-8 
java_command: projectSem4.com.ProjectSem4Application
java_class_path (initial): C:\aLuan\projectSem4\target\classes;C:\Users\Tai\.m2\repository\org\springframework\boot\spring-boot-starter-mail\3.5.4\spring-boot-starter-mail-3.5.4.jar;C:\Users\Tai\.m2\repository\org\springframework\boot\spring-boot-starter\3.5.4\spring-boot-starter-3.5.4.jar;C:\Users\Tai\.m2\repository\org\springframework\boot\spring-boot-starter-logging\3.5.4\spring-boot-starter-logging-3.5.4.jar;C:\Users\Tai\.m2\repository\ch\qos\logback\logback-classic\1.5.18\logback-classic-1.5.18.jar;C:\Users\Tai\.m2\repository\ch\qos\logback\logback-core\1.5.18\logback-core-1.5.18.jar;C:\Users\Tai\.m2\repository\org\apache\logging\log4j\log4j-to-slf4j\2.24.3\log4j-to-slf4j-2.24.3.jar;C:\Users\Tai\.m2\repository\org\apache\logging\log4j\log4j-api\2.24.3\log4j-api-2.24.3.jar;C:\Users\Tai\.m2\repository\org\slf4j\jul-to-slf4j\2.0.17\jul-to-slf4j-2.0.17.jar;C:\Users\Tai\.m2\repository\jakarta\annotation\jakarta.annotation-api\2.1.1\jakarta.annotation-api-2.1.1.jar;C:\Users\Tai\.m2\repository\org\yaml\snakeyaml\2.4\snakeyaml-2.4.jar;C:\Users\Tai\.m2\repository\org\springframework\spring-context-support\6.2.9\spring-context-support-6.2.9.jar;C:\Users\Tai\.m2\repository\org\springframework\spring-beans\6.2.9\spring-beans-6.2.9.jar;C:\Users\Tai\.m2\repository\org\eclipse\angus\jakarta.mail\2.0.3\jakarta.mail-2.0.3.jar;C:\Users\Tai\.m2\repository\jakarta\activation\jakarta.activation-api\2.1.3\jakarta.activation-api-2.1.3.jar;C:\Users\Tai\.m2\repository\org\eclipse\angus\angus-activation\2.0.2\angus-activation-2.0.2.jar;C:\Users\Tai\.m2\repository\org\springframework\boot\spring-boot-starter-data-jdbc\3.5.4\spring-boot-starter-data-jdbc-3.5.4.jar;C:\Users\Tai\.m2\repository\org\springframework\boot\spring-boot-starter-jdbc\3.5.4\spring-boot-starter-jdbc-3.5.4.jar;C:\Users\Tai\.m2\repository\com\zaxxer\HikariCP\6.3.1\HikariCP-6.3.1.jar;C:\Users\Tai\.m2\repository\org\springframework\data\spring-data-jdbc\3.5.2\spring-data-jdbc-3.5.2.jar;C:\Users\Tai\.m2\repository\org\springframework\data\spring-data-relational\3.5.2\spring-data-relational-3.5.2.jar;C:\Users\Tai\.m2\repository\org\springframework\data\spring-data-commons\3.5.2\spring-data-commons-3.5.2.jar;C:\Users\Tai\.m2\repository\org\springframework\spring-tx\6.2.9\spring-tx-6.2.9.jar;C:\Users\Tai\.m2\repository\org\springframework\boot\spring-boot-starter-thymeleaf\3.5.4\spring-boot-starter-thymeleaf-3.5.4.jar;C:\Users\Tai\.m2\repository\org\thymeleaf\thymeleaf-spring6\3.1.3.RELEASE\thymeleaf-spring6-3.1.3.RELEASE.jar;C:\Users\Tai\.m2\repository\org\springframework\boot\spring-boot-starter-web\3.5.4\spring-boot-starter-web-3.5.4.jar;C:\Users\Tai\.m2\repository\org\springframework\boot\spring-boot-starter-json\3.5.4\spring-boot-starter-json-3.5.4.jar;C:\Users\Tai\.m2\repository\com\fasterxml\jackson\datatype\jackson-datatype-jdk8\2.19.2\jackson-datatype-jdk8-2.19.2.jar;C:\Users\Tai\.m2\repository\com\fasterxml\jackson\module\jackson-module-parameter-names\2.19.2\jackson-module-parameter-names-2.19.2.jar;C:\Users\Tai\.m2\repository\org\springframework\boot\spring-boot-starter-tomcat\3.5.4\spring-boot-starter-tomcat-3.5.4.jar;C:\Users\Tai\.m2\repository\org\apache\tomcat\embed\tomcat-embed-core\10.1.43\tomcat-embed-core-10.1.43.jar;C:\Users\Tai\.m2\repository\org\apache\tomcat\embed\tomcat-embed-websocket\10.1.43\tomcat-embed-websocket-10.1.43.jar;C:\Users\Tai\.m2\repository\org\springframework\spring-web\6.2.9\spring-web-6.2.9.jar;C:\Users\Tai\.m2\repository\io\micrometer\micrometer-observation\1.15.2\micrometer-observation-1.15.2.jar;C:\Users\Tai\.m2\repository\io\micrometer\micrometer-commons\1.15.2\micrometer-commons-1.15.2.jar;C:\Users\Tai\.m2\repository\org\springframework\spring-webmvc\6.2.9\spring-webmvc-6.2.9.jar;C:\Users\Tai\.m2\repository\org\springframework\spring-aop\6.2.9\spring-aop-6.2.9.jar;C:\Users\Tai\.m2\repository\org\springframework\spring-expression\6.2.9\spring-expression-6.2.9.jar;C:\Users\Tai\.m2\repository\org\springframework\session\spring-session-core\3.5.1\spring-session-core-3.5.1.jar;C:\Users\Tai\.m2\repository\org\springframework\spring-jcl\6.2.9\spring-jcl-6.2.9.jar;C:\Users\Tai\.m2\repository\org\springframework\session\spring-session-jdbc\3.5.1\spring-session-jdbc-3.5.1.jar;C:\Users\Tai\.m2\repository\org\springframework\spring-context\6.2.9\spring-context-6.2.9.jar;C:\Users\Tai\.m2\repository\org\springframework\spring-jdbc\6.2.9\spring-jdbc-6.2.9.jar;C:\Users\Tai\.m2\repository\org\springframework\boot\spring-boot-devtools\3.5.4\spring-boot-devtools-3.5.4.jar;C:\Users\Tai\.m2\repository\org\springframework\boot\spring-boot\3.5.4\spring-boot-3.5.4.jar;C:\Users\Tai\.m2\repository\org\springframework\boot\spring-boot-autoconfigure\3.5.4\spring-boot-autoconfigure-3.5.4.jar;C:\Users\Tai\.m2\repository\com\microsoft\sqlserver\mssql-jdbc\12.10.1.jre11\mssql-jdbc-12.10.1.jre11.jar;C:\Users\Tai\.m2\repository\org\springframework\spring-core\6.2.9\spring-core-6.2.9.jar;C:\Users\Tai\.m2\repository\nz\net\ultraq\thymeleaf\thymeleaf-layout-dialect\3.4.0\thymeleaf-layout-dialect-3.4.0.jar;C:\Users\Tai\.m2\repository\org\apache\groovy\groovy\4.0.28\groovy-4.0.28.jar;C:\Users\Tai\.m2\repository\nz\net\ultraq\groovy\groovy-extensions\2.3.3\groovy-extensions-2.3.3.jar;C:\Users\Tai\.m2\repository\nz\net\ultraq\thymeleaf\thymeleaf-expression-processor\3.2.0\thymeleaf-expression-processor-3.2.0.jar;C:\Users\Tai\.m2\repository\org\thymeleaf\thymeleaf\3.1.3.RELEASE\thymeleaf-3.1.3.RELEASE.jar;C:\Users\Tai\.m2\repository\ognl\ognl\3.3.4\ognl-3.3.4.jar;C:\Users\Tai\.m2\repository\org\javassist\javassist\3.29.0-GA\javassist-3.29.0-GA.jar;C:\Users\Tai\.m2\repository\org\attoparser\attoparser\2.0.7.RELEASE\attoparser-2.0.7.RELEASE.jar;C:\Users\Tai\.m2\repository\org\unbescape\unbescape\1.1.6.RELEASE\unbescape-1.1.6.RELEASE.jar;C:\Users\Tai\.m2\repository\org\slf4j\slf4j-api\2.0.17\slf4j-api-2.0.17.jar;C:\Users\Tai\.m2\repository\com\fasterxml\jackson\datatype\jackson-datatype-jsr310\2.19.2\jackson-datatype-jsr310-2.19.2.jar;C:\Users\Tai\.m2\repository\com\fasterxml\jackson\core\jackson-annotations\2.19.2\jackson-annotations-2.19.2.jar;C:\Users\Tai\.m2\repository\com\fasterxml\jackson\core\jackson-core\2.19.2\jackson-core-2.19.2.jar;C:\Users\Tai\.m2\repository\com\fasterxml\jackson\core\jackson-databind\2.19.2\jackson-databind-2.19.2.jar;C:\Users\Tai\.m2\repository\org\springframework\boot\spring-boot-starter-validation\3.5.4\spring-boot-starter-validation-3.5.4.jar;C:\Users\Tai\.m2\repository\org\apache\tomcat\embed\tomcat-embed-el\10.1.43\tomcat-embed-el-10.1.43.jar;C:\Users\Tai\.m2\repository\org\hibernate\validator\hibernate-validator\8.0.2.Final\hibernate-validator-8.0.2.Final.jar;C:\Users\Tai\.m2\repository\jakarta\validation\jakarta.validation-api\3.0.2\jakarta.validation-api-3.0.2.jar;C:\Users\Tai\.m2\repository\org\jboss\logging\jboss-logging\3.6.1.Final\jboss-logging-3.6.1.Final.jar;C:\Users\Tai\.m2\repository\com\fasterxml\classmate\1.7.0\classmate-1.7.0.jar;C:\Users\Tai\.m2\repository\io\jsonwebtoken\jjwt-api\0.11.5\jjwt-api-0.11.5.jar;C:\Users\Tai\.m2\repository\io\jsonwebtoken\jjwt-impl\0.11.5\jjwt-impl-0.11.5.jar;C:\Users\Tai\.m2\repository\io\jsonwebtoken\jjwt-jackson\0.11.5\jjwt-jackson-0.11.5.jar;C:\Users\Tai\.m2\repository\org\mindrot\jbcrypt\0.4\jbcrypt-0.4.jar
Launcher Type: SUN_STANDARD

[Global flags]
     intx CICompilerCount                          = 12                                        {product} {ergonomic}
     uint ConcGCThreads                            = 3                                         {product} {ergonomic}
     uint G1ConcRefinementThreads                  = 13                                        {product} {ergonomic}
   size_t G1HeapRegionSize                         = 2097152                                   {product} {ergonomic}
    uintx GCDrainStackTargetSize                   = 64                                        {product} {ergonomic}
   size_t InitialHeapSize                          = 260046848                                 {product} {ergonomic}
     bool ManagementServer                         = true                                      {product} {command line}
   size_t MarkStackSize                            = 4194304                                   {product} {ergonomic}
   size_t MaxHeapSize                              = 4135583744                                {product} {ergonomic}
   size_t MaxNewSize                               = 2480930816                                {product} {ergonomic}
   size_t MinHeapDeltaBytes                        = 2097152                                   {product} {ergonomic}
   size_t MinHeapSize                              = 8388608                                   {product} {ergonomic}
    uintx NonNMethodCodeHeapSize                   = 4096                                   {pd product} {ergonomic}
    uintx NonProfiledCodeHeapSize                  = 0                                      {pd product} {ergonomic}
     bool ProfileInterpreter                       = false                                  {pd product} {command line}
    uintx ProfiledCodeHeapSize                     = 0                                      {pd product} {ergonomic}
     bool ShowCodeDetailsInExceptionMessages       = true                                   {manageable} {command line}
   size_t SoftMaxHeapSize                          = 4135583744                             {manageable} {ergonomic}
     intx TieredStopAtLevel                        = 1                                         {product} {command line}
     bool UseCompressedOops                        = true                           {product lp64_product} {ergonomic}
     bool UseG1GC                                  = true                                      {product} {ergonomic}
     bool UseLargePagesIndividualAllocation        = false                                  {pd product} {ergonomic}

Logging:
Log output configuration:
 #0: stdout all=warning uptime,level,tags foldmultilines=false
 #1: stderr all=off uptime,level,tags foldmultilines=false

Environment Variables:
JAVA_HOME=C:\Java\jdk-21.0.5
PATH=C:/Java/sts//plugins/org.eclipse.justj.openjdk.hotspot.jre.full.win32.x86_64_21.0.6.v20250130-0529/jre/bin/server;C:/Java/sts//plugins/org.eclipse.justj.openjdk.hotspot.jre.full.win32.x86_64_21.0.6.v20250130-0529/jre/bin;C:\WINDOWS\system32;C:\WINDOWS;C:\WINDOWS\System32\Wbem;C:\WINDOWS\System32\WindowsPowerShell\v1.0\;C:\WINDOWS\System32\OpenSSH\;C:\Program Files (x86)\Microsoft SQL Server\160\Tools\Binn\;C:\Program Files\Microsoft SQL Server\160\Tools\Binn\;C:\Program Files\Microsoft SQL Server\Client SDK\ODBC\170\Tools\Binn\;C:\Program Files\Microsoft SQL Server\160\DTS\Binn\;C:\Program Files (x86)\Microsoft SQL Server\160\DTS\Binn\;C:\Program Files\Microsoft SQL Server\150\Tools\Binn\;C:\Program Files\dotnet\;C:\C#_web\mongosh\mongosh-2.3.3-win32-x64\bin;C:\Program Files\Git\cmd;C:\NodeJS\node-v22;C:\Java\apache\bin;C:\Java\jdk-21.0.5\bin;C:\mobile_dev\flutter\flutter\bin;C:\Program Files (x86)\Windows Kits\10\Windows Performance Toolkit\;C:\mobile_dev\Android\Sdk\platform-tools;C:\python\python\Scripts\;C:\python\python\;C:\Users\Tai\AppData\Local\Microsoft\WindowsApps;C:\Microsoft VS Code\bin;C:\Users\Tai\.dotnet\tools;C:\AI\cursor\resources\app\bin;C:\Java\sts;
USERNAME=Tai
OS=Windows_NT
PROCESSOR_IDENTIFIER=AMD64 Family 25 Model 80 Stepping 0, AuthenticAMD
TMP=C:\Users\Tai\AppData\Local\Temp
TEMP=C:\Users\Tai\AppData\Local\Temp




Periodic native trim disabled

---------------  S Y S T E M  ---------------

OS:
 Windows 11 , 64 bit Build 26100 (10.0.26100.6725)
OS uptime: 1 days 6:11 hours

CPU: total 16 (initial active 16) (16 cores per cpu, 2 threads per core) family 25 model 80 stepping 0 microcode 0xa50000d, cx8, cmov, fxsr, ht, mmx, 3dnowpref, sse, sse2, sse3, ssse3, sse4a, sse4.1, sse4.2, popcnt, lzcnt, tsc, tscinvbit, avx, avx2, aes, erms, clmul, bmi1, bmi2, adx, sha, fma, vzeroupper, clflush, clflushopt, rdtscp, rdpid, fsrm, f16c, pku, cet_ss
Processor Information for processor 0
  Max Mhz: 3201, Current Mhz: 2555, Mhz Limit: 3201
Processor Information for processor 1
  Max Mhz: 3201, Current Mhz: 2555, Mhz Limit: 3201
Processor Information for processor 2
  Max Mhz: 3201, Current Mhz: 2555, Mhz Limit: 3201
Processor Information for processor 3
  Max Mhz: 3201, Current Mhz: 2555, Mhz Limit: 3201
Processor Information for processor 4
  Max Mhz: 3201, Current Mhz: 2555, Mhz Limit: 3201
Processor Information for processor 5
  Max Mhz: 3201, Current Mhz: 2555, Mhz Limit: 3201
Processor Information for processor 6
  Max Mhz: 3201, Current Mhz: 2555, Mhz Limit: 3201
Processor Information for processor 7
  Max Mhz: 3201, Current Mhz: 2555, Mhz Limit: 3201
Processor Information for processor 8
  Max Mhz: 3201, Current Mhz: 3201, Mhz Limit: 3201
Processor Information for processor 9
  Max Mhz: 3201, Current Mhz: 2555, Mhz Limit: 3201
Processor Information for processor 10
  Max Mhz: 3201, Current Mhz: 2555, Mhz Limit: 3201
Processor Information for processor 11
  Max Mhz: 3201, Current Mhz: 2555, Mhz Limit: 3201
Processor Information for processor 12
  Max Mhz: 3201, Current Mhz: 3201, Mhz Limit: 3201
Processor Information for processor 13
  Max Mhz: 3201, Current Mhz: 2555, Mhz Limit: 3201
Processor Information for processor 14
  Max Mhz: 3201, Current Mhz: 2555, Mhz Limit: 3201
Processor Information for processor 15
  Max Mhz: 3201, Current Mhz: 2555, Mhz Limit: 3201

Memory: 4k page, system-wide physical 15775M (6997M free)
TotalPageFile size 16799M (AvailPageFile size 5601M)
current process WorkingSet (physical memory assigned to process): 293M, peak: 299M
current process commit charge ("private bytes"): 356M, peak: 378M

vm_info: Java HotSpot(TM) 64-Bit Server VM (21.0.5+9-LTS-239) for windows-amd64 JRE (21.0.5+9-LTS-239), built on 2024-09-30T05:17:38Z by "mach5one" with MS VC++ 17.6 (VS2022)

END.
